#
# There is insufficient memory for the Java Runtime Environment to continue.
# Native memory allocation (malloc) failed to allocate 626576 bytes for Chunk::new
# Possible reasons:
#   The system is out of physical RAM or swap space
#   The process is running with CompressedOops enabled, and the Java Heap may be blocking the growth of the native heap
# Possible solutions:
#   Reduce memory load on the system
#   Increase physical memory or swap space
#   Check if swap backing store is full
#   Decrease Java heap size (-Xmx/-Xms)
#   Decrease number of Java threads
#   Decrease Java thread stack sizes (-Xss)
#   Set larger code cache with -XX:ReservedCodeCacheSize=
#   JVM is running with Unscaled Compressed Oops mode in which the Java heap is
#     placed in the first 4GB address space. The Java Heap base address is the
#     maximum limit for the native heap growth. Please use -XX:HeapBaseMinAddress
#     to set the Java Heap base and to place the Java Heap above 4GB virtual address.
# This output file may be truncated or incomplete.
#
#  Out of Memory Error (./src/hotspot/share/memory/arena.cpp:197), pid=15436, tid=13456
#
# JRE version: OpenJDK Runtime Environment (11.0.12+7) (build 11.0.12+7-b1504.28-7817840)
# Java VM: OpenJDK 64-Bit Server VM (11.0.12+7-b1504.28-7817840, mixed mode, tiered, compressed oops, g1 gc, windows-amd64)
# No core dump will be written. Minidumps are not enabled by default on client versions of Windows
#

---------------  S U M M A R Y ------------

Command Line: --add-opens=java.base/java.util=ALL-UNNAMED --add-opens=java.base/java.lang=ALL-UNNAMED --add-opens=java.base/java.lang.invoke=ALL-UNNAMED --add-opens=java.base/java.util=ALL-UNNAMED --add-opens=java.prefs/java.util.prefs=ALL-UNNAMED --add-opens=java.prefs/java.util.prefs=ALL-UNNAMED --add-opens=java.base/java.nio.charset=ALL-UNNAMED --add-opens=java.base/java.net=ALL-UNNAMED --add-opens=java.base/java.util.concurrent.atomic=ALL-UNNAMED -Xmx2048m -Dfile.encoding=UTF-8 -Duser.country=RU -Duser.language=ru -Duser.variant org.gradle.launcher.daemon.bootstrap.GradleDaemon 7.3.3

Host: AMD Ryzen 5 5500U with Radeon Graphics         , 12 cores, 7G,  Windows 10 , 64 bit Build 22621 (10.0.22621.1635)
Time: Thu May 25 08:42:56 2023 RTZ 2 (зима) elapsed time: 2.708228 seconds (0d 0h 0m 2s)

---------------  T H R E A D  ---------------

Current thread (0x000001ecb7669800):  JavaThread "C2 CompilerThread1" daemon [_thread_in_native, id=13456, stack(0x0000008601300000,0x0000008601400000)]


Current CompileTask:
C2:   2708 2081   !   4       java.net.URLClassLoader$1::run (63 bytes)

Stack: [0x0000008601300000,0x0000008601400000]
Native frames: (J=compiled Java code, j=interpreted, Vv=VM code, C=native code)
V  [jvm.dll+0x5fbcea]
V  [jvm.dll+0x731905]
V  [jvm.dll+0x732f1d]
V  [jvm.dll+0x7335d3]
V  [jvm.dll+0x247bf8]
V  [jvm.dll+0xc018c]
V  [jvm.dll+0xc06cc]
V  [jvm.dll+0x1ffe21]
V  [jvm.dll+0x592ec5]
V  [jvm.dll+0x591c6e]
V  [jvm.dll+0x2004a2]
V  [jvm.dll+0x1ff794]
V  [jvm.dll+0x18868c]
V  [jvm.dll+0x20e0d7]
V  [jvm.dll+0x20c901]
V  [jvm.dll+0x6f9b7f]
V  [jvm.dll+0x6f26a5]
V  [jvm.dll+0x5fabf6]
C  [ucrtbase.dll+0x29363]
C  [KERNEL32.DLL+0x126ad]
C  [ntdll.dll+0x5a9f8]


---------------  P R O C E S S  ---------------

Threads class SMR info:
_java_thread_list=0x000001ecbad92de0, length=28, elements={
0x000001ec9b61c000, 0x000001ecb5eea000, 0x000001ecb5ef6000, 0x000001ecb687a000,
0x000001ecb687d800, 0x000001ecb687e800, 0x000001ecb6880800, 0x000001ecb6882800,
0x000001ecb5f02000, 0x000001ecb69ea000, 0x000001ecb8dac800, 0x000001ecb7723000,
0x000001ecb91ac000, 0x000001ecb7ab2000, 0x000001ecb88f4800, 0x000001ecb8bd9800,
0x000001ecb7617800, 0x000001ecb7669800, 0x000001ecb8ad2800, 0x000001ecb8ad3000,
0x000001ecb8ee4800, 0x000001ecb8ee0800, 0x000001ecb8ee6000, 0x000001ecb8ee5000,
0x000001ecb8ee2000, 0x000001ecb8f49000, 0x000001ecb8ee7000, 0x000001ecb8ee1000
}

Java Threads: ( => current thread )
  0x000001ec9b61c000 JavaThread "main" [_thread_blocked, id=1812, stack(0x000000867fa00000,0x000000867fb00000)]
  0x000001ecb5eea000 JavaThread "Reference Handler" daemon [_thread_blocked, id=11144, stack(0x0000008600100000,0x0000008600200000)]
  0x000001ecb5ef6000 JavaThread "Finalizer" daemon [_thread_blocked, id=18356, stack(0x0000008600200000,0x0000008600300000)]
  0x000001ecb687a000 JavaThread "Signal Dispatcher" daemon [_thread_blocked, id=12940, stack(0x0000008600300000,0x0000008600400000)]
  0x000001ecb687d800 JavaThread "Attach Listener" daemon [_thread_blocked, id=9908, stack(0x0000008600400000,0x0000008600500000)]
  0x000001ecb687e800 JavaThread "Service Thread" daemon [_thread_blocked, id=10672, stack(0x0000008600500000,0x0000008600600000)]
  0x000001ecb6880800 JavaThread "C2 CompilerThread0" daemon [_thread_in_native, id=9384, stack(0x0000008600600000,0x0000008600700000)]
  0x000001ecb6882800 JavaThread "C1 CompilerThread0" daemon [_thread_in_native, id=10856, stack(0x0000008600700000,0x0000008600800000)]
  0x000001ecb5f02000 JavaThread "Sweeper thread" daemon [_thread_blocked, id=16080, stack(0x0000008600800000,0x0000008600900000)]
  0x000001ecb69ea000 JavaThread "Common-Cleaner" daemon [_thread_blocked, id=7460, stack(0x0000008600900000,0x0000008600a00000)]
  0x000001ecb8dac800 JavaThread "Daemon health stats" [_thread_blocked, id=9072, stack(0x0000008600e00000,0x0000008600f00000)]
  0x000001ecb7723000 JavaThread "Incoming local TCP Connector on port 58343" [_thread_in_native, id=9772, stack(0x0000008600b00000,0x0000008600c00000)]
  0x000001ecb91ac000 JavaThread "Daemon periodic checks" [_thread_blocked, id=21304, stack(0x0000008600d00000,0x0000008600e00000)]
  0x000001ecb7ab2000 JavaThread "Daemon" [_thread_blocked, id=14920, stack(0x0000008600f00000,0x0000008601000000)]
  0x000001ecb88f4800 JavaThread "Handler for socket connection from /127.0.0.1:58343 to /127.0.0.1:58344" [_thread_in_native, id=16152, stack(0x0000008601000000,0x0000008601100000)]
  0x000001ecb8bd9800 JavaThread "Cancel handler" [_thread_blocked, id=18604, stack(0x0000008601100000,0x0000008601200000)]
  0x000001ecb7617800 JavaThread "Daemon worker" [_thread_in_Java, id=20644, stack(0x0000008601200000,0x0000008601300000)]
=>0x000001ecb7669800 JavaThread "C2 CompilerThread1" daemon [_thread_in_native, id=13456, stack(0x0000008601300000,0x0000008601400000)]
  0x000001ecb8ad2800 JavaThread "Asynchronous log dispatcher for DefaultDaemonConnection: socket connection from /127.0.0.1:58343 to /127.0.0.1:58344" [_thread_blocked, id=18012, stack(0x0000008601400000,0x0000008601500000)]
  0x000001ecb8ad3000 JavaThread "Stdin handler" [_thread_blocked, id=12084, stack(0x0000008601500000,0x0000008601600000)]
  0x000001ecb8ee4800 JavaThread "Daemon client event forwarder" [_thread_blocked, id=2532, stack(0x0000008601f00000,0x0000008602000000)]
  0x000001ecb8ee0800 JavaThread "Cache worker for journal cache (D:\AndroidStudioProjects\API\caches\journal-1)" [_thread_blocked, id=21180, stack(0x0000008602000000,0x0000008602100000)]
  0x000001ecb8ee6000 JavaThread "File lock request listener" [_thread_in_native, id=15476, stack(0x0000008602100000,0x0000008602200000)]
  0x000001ecb8ee5000 JavaThread "Cache worker for file hash cache (D:\AndroidStudioProjects\API\caches\7.3.3\fileHashes)" [_thread_blocked, id=14412, stack(0x0000008602400000,0x0000008602500000)]
  0x000001ecb8ee2000 JavaThread "Cache worker for file hash cache (D:\AndroidStudioProjects\CryptoWatch\.gradle\7.3.3\fileHashes)" [_thread_blocked, id=3420, stack(0x0000008602500000,0x0000008602600000)]
  0x000001ecb8f49000 JavaThread "C2 CompilerThread2" daemon [_thread_blocked, id=20000, stack(0x0000008602600000,0x0000008602700000)]
  0x000001ecb8ee7000 JavaThread "File watcher server" daemon [_thread_in_native, id=20376, stack(0x0000008602700000,0x0000008602800000)]
  0x000001ecb8ee1000 JavaThread "File watcher consumer" daemon [_thread_blocked, id=17288, stack(0x0000008602800000,0x0000008602900000)]

Other Threads:
  0x000001ecb5ee6000 VMThread "VM Thread" [stack: 0x0000008600000000,0x0000008600100000] [id=9964]
  0x000001ecb6a04000 WatcherThread [stack: 0x0000008600a00000,0x0000008600b00000] [id=15516]
  0x000001ec9b636800 GCTaskThread "GC Thread#0" [stack: 0x000000867fb00000,0x000000867fc00000] [id=7120]
  0x000001ecb747f800 GCTaskThread "GC Thread#1" [stack: 0x0000008600c00000,0x0000008600d00000] [id=2140]
  0x000001ecb766a800 GCTaskThread "GC Thread#2" [stack: 0x0000008601600000,0x0000008601700000] [id=21012]
  0x000001ecb7618000 GCTaskThread "GC Thread#3" [stack: 0x0000008601700000,0x0000008601800000] [id=4580]
  0x000001ecb89fc000 GCTaskThread "GC Thread#4" [stack: 0x0000008601800000,0x0000008601900000] [id=17092]
  0x000001ecb89fc800 GCTaskThread "GC Thread#5" [stack: 0x0000008601900000,0x0000008601a00000] [id=9788]
  0x000001ecb826c000 GCTaskThread "GC Thread#6" [stack: 0x0000008601a00000,0x0000008601b00000] [id=14372]
  0x000001ecb826d000 GCTaskThread "GC Thread#7" [stack: 0x0000008601b00000,0x0000008601c00000] [id=12276]
  0x000001ecb74be800 GCTaskThread "GC Thread#8" [stack: 0x0000008601c00000,0x0000008601d00000] [id=16800]
  0x000001ecb74bf000 GCTaskThread "GC Thread#9" [stack: 0x0000008601d00000,0x0000008601e00000] [id=16472]
  0x000001ec9b669800 ConcurrentGCThread "G1 Main Marker" [stack: 0x000000867fc00000,0x000000867fd00000] [id=11656]
  0x000001ec9b66b800 ConcurrentGCThread "G1 Conc#0" [stack: 0x000000867fd00000,0x000000867fe00000] [id=12268]
  0x000001ecb7a46800 ConcurrentGCThread "G1 Conc#1" [stack: 0x0000008602200000,0x0000008602300000] [id=21124]
  0x000001ecb9097000 ConcurrentGCThread "G1 Conc#2" [stack: 0x0000008602300000,0x0000008602400000] [id=7016]
  0x000001ecb5d33800 ConcurrentGCThread "G1 Refine#0" [stack: 0x000000867fe00000,0x000000867ff00000] [id=6352]
  0x000001ecb8db8000 ConcurrentGCThread "G1 Refine#1" [stack: 0x0000008601e00000,0x0000008601f00000] [id=10664]
  0x000001ecb5d36000 ConcurrentGCThread "G1 Young RemSet Sampling" [stack: 0x000000867ff00000,0x0000008680000000] [id=20592]

Threads with active compile tasks:
C2 CompilerThread0   2718 2080       4       java.net.URLClassLoader$1::run (5 bytes)
C1 CompilerThread0   2718 2210       3       java.lang.Class::copyConstructors (38 bytes)
C2 CompilerThread1   2719 2081   !   4       java.net.URLClassLoader$1::run (63 bytes)

VM state:not at safepoint (normal execution)

VM Mutex/Monitor currently owned by a thread: None

Heap address: 0x0000000080000000, size: 2048 MB, Compressed Oops mode: 32-bit
Narrow klass base: 0x0000000000000000, Narrow klass shift: 3
Compressed class space size: 1073741824 Address: 0x0000000100000000

Heap:
 garbage-first heap   total 120832K, used 23743K [0x0000000080000000, 0x0000000100000000)
  region size 1024K, 10 young (10240K), 4 survivors (4096K)
 Metaspace       used 26507K, capacity 27179K, committed 27264K, reserved 1073152K
  class space    used 3448K, capacity 3660K, committed 3712K, reserved 1048576K
Heap Regions: E=young(eden), S=young(survivor), O=old, HS=humongous(starts), HC=humongous(continues), CS=collection set, F=free, A=archive, TAMS=top-at-mark-start (previous, next)
|   0|0x0000000080000000, 0x0000000080100000, 0x0000000080100000|100%| O|  |TAMS 0x0000000080100000, 0x0000000080000000| Untracked 
|   1|0x0000000080100000, 0x0000000080200000, 0x0000000080200000|100%| O|  |TAMS 0x0000000080200000, 0x0000000080100000| Untracked 
|   2|0x0000000080200000, 0x0000000080300000, 0x0000000080300000|100%| O|  |TAMS 0x0000000080300000, 0x0000000080200000| Untracked 
|   3|0x0000000080300000, 0x0000000080400000, 0x0000000080400000|100%|HS|  |TAMS 0x0000000080400000, 0x0000000080300000| Complete 
|   4|0x0000000080400000, 0x0000000080500000, 0x0000000080500000|100%|HC|  |TAMS 0x0000000080500000, 0x0000000080400000| Complete 
|   5|0x0000000080500000, 0x0000000080600000, 0x0000000080600000|100%|HC|  |TAMS 0x0000000080600000, 0x0000000080500000| Complete 
|   6|0x0000000080600000, 0x0000000080700000, 0x0000000080700000|100%| O|  |TAMS 0x0000000080700000, 0x0000000080600000| Untracked 
|   7|0x0000000080700000, 0x0000000080800000, 0x0000000080800000|100%| O|  |TAMS 0x0000000080800000, 0x0000000080700000| Untracked 
|   8|0x0000000080800000, 0x0000000080900000, 0x0000000080900000|100%| O|  |TAMS 0x0000000080900000, 0x0000000080800000| Untracked 
|   9|0x0000000080900000, 0x0000000080a00000, 0x0000000080a00000|100%| O|  |TAMS 0x0000000080a00000, 0x0000000080900000| Untracked 
|  10|0x0000000080a00000, 0x0000000080b00000, 0x0000000080b00000|100%| O|  |TAMS 0x0000000080b00000, 0x0000000080a00000| Untracked 
|  11|0x0000000080b00000, 0x0000000080c00000, 0x0000000080c00000|100%| O|  |TAMS 0x0000000080c00000, 0x0000000080b00000| Untracked 
|  12|0x0000000080c00000, 0x0000000080d00000, 0x0000000080d00000|100%| O|  |TAMS 0x0000000080d00000, 0x0000000080c00000| Untracked 
|  13|0x0000000080d00000, 0x0000000080e00000, 0x0000000080e00000|100%| O|  |TAMS 0x0000000080e00000, 0x0000000080d00000| Untracked 
|  14|0x0000000080e00000, 0x0000000080f00000, 0x0000000080f00000|100%| O|  |TAMS 0x0000000080f00000, 0x0000000080e00000| Untracked 
|  15|0x0000000080f00000, 0x0000000080f0ec00, 0x0000000081000000|  5%| O|  |TAMS 0x0000000080f0ec00, 0x0000000080f00000| Untracked 
|  16|0x0000000081000000, 0x0000000081000000, 0x0000000081100000|  0%| F|  |TAMS 0x0000000081000000, 0x0000000081000000| Untracked 
|  17|0x0000000081100000, 0x0000000081100000, 0x0000000081200000|  0%| F|  |TAMS 0x0000000081100000, 0x0000000081100000| Untracked 
|  18|0x0000000081200000, 0x0000000081200000, 0x0000000081300000|  0%| F|  |TAMS 0x0000000081200000, 0x0000000081200000| Untracked 
|  19|0x0000000081300000, 0x0000000081300000, 0x0000000081400000|  0%| F|  |TAMS 0x0000000081300000, 0x0000000081300000| Untracked 
|  20|0x0000000081400000, 0x0000000081400000, 0x0000000081500000|  0%| F|  |TAMS 0x0000000081400000, 0x0000000081400000| Untracked 
|  21|0x0000000081500000, 0x0000000081500000, 0x0000000081600000|  0%| F|  |TAMS 0x0000000081500000, 0x0000000081500000| Untracked 
|  22|0x0000000081600000, 0x0000000081600000, 0x0000000081700000|  0%| F|  |TAMS 0x0000000081600000, 0x0000000081600000| Untracked 
|  23|0x0000000081700000, 0x0000000081700000, 0x0000000081800000|  0%| F|  |TAMS 0x0000000081700000, 0x0000000081700000| Untracked 
|  24|0x0000000081800000, 0x0000000081800000, 0x0000000081900000|  0%| F|  |TAMS 0x0000000081800000, 0x0000000081800000| Untracked 
|  25|0x0000000081900000, 0x0000000081900000, 0x0000000081a00000|  0%| F|  |TAMS 0x0000000081900000, 0x0000000081900000| Untracked 
|  26|0x0000000081a00000, 0x0000000081a00000, 0x0000000081b00000|  0%| F|  |TAMS 0x0000000081a00000, 0x0000000081a00000| Untracked 
|  27|0x0000000081b00000, 0x0000000081b00000, 0x0000000081c00000|  0%| F|  |TAMS 0x0000000081b00000, 0x0000000081b00000| Untracked 
|  28|0x0000000081c00000, 0x0000000081c00000, 0x0000000081d00000|  0%| F|  |TAMS 0x0000000081c00000, 0x0000000081c00000| Untracked 
|  29|0x0000000081d00000, 0x0000000081d00000, 0x0000000081e00000|  0%| F|  |TAMS 0x0000000081d00000, 0x0000000081d00000| Untracked 
|  30|0x0000000081e00000, 0x0000000081e00000, 0x0000000081f00000|  0%| F|  |TAMS 0x0000000081e00000, 0x0000000081e00000| Untracked 
|  31|0x0000000081f00000, 0x0000000081f00000, 0x0000000082000000|  0%| F|  |TAMS 0x0000000081f00000, 0x0000000081f00000| Untracked 
|  32|0x0000000082000000, 0x0000000082000000, 0x0000000082100000|  0%| F|  |TAMS 0x0000000082000000, 0x0000000082000000| Untracked 
|  33|0x0000000082100000, 0x0000000082100000, 0x0000000082200000|  0%| F|  |TAMS 0x0000000082100000, 0x0000000082100000| Untracked 
|  34|0x0000000082200000, 0x0000000082200000, 0x0000000082300000|  0%| F|  |TAMS 0x0000000082200000, 0x0000000082200000| Untracked 
|  35|0x0000000082300000, 0x0000000082300000, 0x0000000082400000|  0%| F|  |TAMS 0x0000000082300000, 0x0000000082300000| Untracked 
|  36|0x0000000082400000, 0x0000000082400000, 0x0000000082500000|  0%| F|  |TAMS 0x0000000082400000, 0x0000000082400000| Untracked 
|  37|0x0000000082500000, 0x0000000082500000, 0x0000000082600000|  0%| F|  |TAMS 0x0000000082500000, 0x0000000082500000| Untracked 
|  38|0x0000000082600000, 0x0000000082600000, 0x0000000082700000|  0%| F|  |TAMS 0x0000000082600000, 0x0000000082600000| Untracked 
|  39|0x0000000082700000, 0x0000000082700000, 0x0000000082800000|  0%| F|  |TAMS 0x0000000082700000, 0x0000000082700000| Untracked 
|  40|0x0000000082800000, 0x0000000082800000, 0x0000000082900000|  0%| F|  |TAMS 0x0000000082800000, 0x0000000082800000| Untracked 
|  41|0x0000000082900000, 0x0000000082900000, 0x0000000082a00000|  0%| F|  |TAMS 0x0000000082900000, 0x0000000082900000| Untracked 
|  42|0x0000000082a00000, 0x0000000082a00000, 0x0000000082b00000|  0%| F|  |TAMS 0x0000000082a00000, 0x0000000082a00000| Untracked 
|  43|0x0000000082b00000, 0x0000000082b00000, 0x0000000082c00000|  0%| F|  |TAMS 0x0000000082b00000, 0x0000000082b00000| Untracked 
|  44|0x0000000082c00000, 0x0000000082c00000, 0x0000000082d00000|  0%| F|  |TAMS 0x0000000082c00000, 0x0000000082c00000| Untracked 
|  45|0x0000000082d00000, 0x0000000082d00000, 0x0000000082e00000|  0%| F|  |TAMS 0x0000000082d00000, 0x0000000082d00000| Untracked 
|  46|0x0000000082e00000, 0x0000000082e00000, 0x0000000082f00000|  0%| F|  |TAMS 0x0000000082e00000, 0x0000000082e00000| Untracked 
|  47|0x0000000082f00000, 0x0000000082f00000, 0x0000000083000000|  0%| F|  |TAMS 0x0000000082f00000, 0x0000000082f00000| Untracked 
|  48|0x0000000083000000, 0x0000000083000000, 0x0000000083100000|  0%| F|  |TAMS 0x0000000083000000, 0x0000000083000000| Untracked 
|  49|0x0000000083100000, 0x0000000083100000, 0x0000000083200000|  0%| F|  |TAMS 0x0000000083100000, 0x0000000083100000| Untracked 
|  50|0x0000000083200000, 0x0000000083200000, 0x0000000083300000|  0%| F|  |TAMS 0x0000000083200000, 0x0000000083200000| Untracked 
|  51|0x0000000083300000, 0x0000000083300000, 0x0000000083400000|  0%| F|  |TAMS 0x0000000083300000, 0x0000000083300000| Untracked 
|  52|0x0000000083400000, 0x0000000083400000, 0x0000000083500000|  0%| F|  |TAMS 0x0000000083400000, 0x0000000083400000| Untracked 
|  53|0x0000000083500000, 0x0000000083500000, 0x0000000083600000|  0%| F|  |TAMS 0x0000000083500000, 0x0000000083500000| Untracked 
|  54|0x0000000083600000, 0x0000000083600000, 0x0000000083700000|  0%| F|  |TAMS 0x0000000083600000, 0x0000000083600000| Untracked 
|  55|0x0000000083700000, 0x0000000083700000, 0x0000000083800000|  0%| F|  |TAMS 0x0000000083700000, 0x0000000083700000| Untracked 
|  56|0x0000000083800000, 0x0000000083800000, 0x0000000083900000|  0%| F|  |TAMS 0x0000000083800000, 0x0000000083800000| Untracked 
|  57|0x0000000083900000, 0x0000000083900000, 0x0000000083a00000|  0%| F|  |TAMS 0x0000000083900000, 0x0000000083900000| Untracked 
|  58|0x0000000083a00000, 0x0000000083a00000, 0x0000000083b00000|  0%| F|  |TAMS 0x0000000083a00000, 0x0000000083a00000| Untracked 
|  59|0x0000000083b00000, 0x0000000083b00000, 0x0000000083c00000|  0%| F|  |TAMS 0x0000000083b00000, 0x0000000083b00000| Untracked 
|  60|0x0000000083c00000, 0x0000000083c00000, 0x0000000083d00000|  0%| F|  |TAMS 0x0000000083c00000, 0x0000000083c00000| Untracked 
|  61|0x0000000083d00000, 0x0000000083d00000, 0x0000000083e00000|  0%| F|  |TAMS 0x0000000083d00000, 0x0000000083d00000| Untracked 
|  62|0x0000000083e00000, 0x0000000083e00000, 0x0000000083f00000|  0%| F|  |TAMS 0x0000000083e00000, 0x0000000083e00000| Untracked 
|  63|0x0000000083f00000, 0x0000000083f00000, 0x0000000084000000|  0%| F|  |TAMS 0x0000000083f00000, 0x0000000083f00000| Untracked 
|  64|0x0000000084000000, 0x0000000084021360, 0x0000000084100000| 12%| S|CS|TAMS 0x0000000084000000, 0x0000000084000000| Complete 
|  65|0x0000000084100000, 0x0000000084200000, 0x0000000084200000|100%| S|CS|TAMS 0x0000000084100000, 0x0000000084100000| Complete 
|  66|0x0000000084200000, 0x0000000084300000, 0x0000000084300000|100%| S|CS|TAMS 0x0000000084200000, 0x0000000084200000| Complete 
|  67|0x0000000084300000, 0x0000000084400000, 0x0000000084400000|100%| S|CS|TAMS 0x0000000084300000, 0x0000000084300000| Complete 
|  68|0x0000000084400000, 0x0000000084400000, 0x0000000084500000|  0%| F|  |TAMS 0x0000000084400000, 0x0000000084400000| Untracked 
|  69|0x0000000084500000, 0x0000000084500000, 0x0000000084600000|  0%| F|  |TAMS 0x0000000084500000, 0x0000000084500000| Untracked 
|  70|0x0000000084600000, 0x0000000084600000, 0x0000000084700000|  0%| F|  |TAMS 0x0000000084600000, 0x0000000084600000| Untracked 
|  71|0x0000000084700000, 0x0000000084700000, 0x0000000084800000|  0%| F|  |TAMS 0x0000000084700000, 0x0000000084700000| Untracked 
|  72|0x0000000084800000, 0x0000000084800000, 0x0000000084900000|  0%| F|  |TAMS 0x0000000084800000, 0x0000000084800000| Untracked 
|  73|0x0000000084900000, 0x0000000084900000, 0x0000000084a00000|  0%| F|  |TAMS 0x0000000084900000, 0x0000000084900000| Untracked 
|  74|0x0000000084a00000, 0x0000000084a00000, 0x0000000084b00000|  0%| F|  |TAMS 0x0000000084a00000, 0x0000000084a00000| Untracked 
|  75|0x0000000084b00000, 0x0000000084b00000, 0x0000000084c00000|  0%| F|  |TAMS 0x0000000084b00000, 0x0000000084b00000| Untracked 
|  76|0x0000000084c00000, 0x0000000084c00000, 0x0000000084d00000|  0%| F|  |TAMS 0x0000000084c00000, 0x0000000084c00000| Untracked 
|  77|0x0000000084d00000, 0x0000000084d00000, 0x0000000084e00000|  0%| F|  |TAMS 0x0000000084d00000, 0x0000000084d00000| Untracked 
|  78|0x0000000084e00000, 0x0000000084e00000, 0x0000000084f00000|  0%| F|  |TAMS 0x0000000084e00000, 0x0000000084e00000| Untracked 
|  79|0x0000000084f00000, 0x0000000084f00000, 0x0000000085000000|  0%| F|  |TAMS 0x0000000084f00000, 0x0000000084f00000| Untracked 
|  80|0x0000000085000000, 0x0000000085000000, 0x0000000085100000|  0%| F|  |TAMS 0x0000000085000000, 0x0000000085000000| Untracked 
|  81|0x0000000085100000, 0x0000000085100000, 0x0000000085200000|  0%| F|  |TAMS 0x0000000085100000, 0x0000000085100000| Untracked 
|  82|0x0000000085200000, 0x0000000085200000, 0x0000000085300000|  0%| F|  |TAMS 0x0000000085200000, 0x0000000085200000| Untracked 
|  83|0x0000000085300000, 0x0000000085300000, 0x0000000085400000|  0%| F|  |TAMS 0x0000000085300000, 0x0000000085300000| Untracked 
|  84|0x0000000085400000, 0x0000000085400000, 0x0000000085500000|  0%| F|  |TAMS 0x0000000085400000, 0x0000000085400000| Untracked 
|  85|0x0000000085500000, 0x0000000085500000, 0x0000000085600000|  0%| F|  |TAMS 0x0000000085500000, 0x0000000085500000| Untracked 
|  86|0x0000000085600000, 0x0000000085600000, 0x0000000085700000|  0%| F|  |TAMS 0x0000000085600000, 0x0000000085600000| Untracked 
|  87|0x0000000085700000, 0x0000000085700000, 0x0000000085800000|  0%| F|  |TAMS 0x0000000085700000, 0x0000000085700000| Untracked 
|  88|0x0000000085800000, 0x0000000085800000, 0x0000000085900000|  0%| F|  |TAMS 0x0000000085800000, 0x0000000085800000| Untracked 
|  89|0x0000000085900000, 0x0000000085900000, 0x0000000085a00000|  0%| F|  |TAMS 0x0000000085900000, 0x0000000085900000| Untracked 
|  90|0x0000000085a00000, 0x0000000085a00000, 0x0000000085b00000|  0%| F|  |TAMS 0x0000000085a00000, 0x0000000085a00000| Untracked 
|  91|0x0000000085b00000, 0x0000000085b00000, 0x0000000085c00000|  0%| F|  |TAMS 0x0000000085b00000, 0x0000000085b00000| Untracked 
|  92|0x0000000085c00000, 0x0000000085c00000, 0x0000000085d00000|  0%| F|  |TAMS 0x0000000085c00000, 0x0000000085c00000| Untracked 
|  93|0x0000000085d00000, 0x0000000085d00000, 0x0000000085e00000|  0%| F|  |TAMS 0x0000000085d00000, 0x0000000085d00000| Untracked 
|  94|0x0000000085e00000, 0x0000000085e00000, 0x0000000085f00000|  0%| F|  |TAMS 0x0000000085e00000, 0x0000000085e00000| Untracked 
|  95|0x0000000085f00000, 0x0000000085f00000, 0x0000000086000000|  0%| F|  |TAMS 0x0000000085f00000, 0x0000000085f00000| Untracked 
|  96|0x0000000086000000, 0x0000000086000000, 0x0000000086100000|  0%| F|  |TAMS 0x0000000086000000, 0x0000000086000000| Untracked 
|  97|0x0000000086100000, 0x0000000086100000, 0x0000000086200000|  0%| F|  |TAMS 0x0000000086100000, 0x0000000086100000| Untracked 
|  98|0x0000000086200000, 0x0000000086200000, 0x0000000086300000|  0%| F|  |TAMS 0x0000000086200000, 0x0000000086200000| Untracked 
|  99|0x0000000086300000, 0x0000000086300000, 0x0000000086400000|  0%| F|  |TAMS 0x0000000086300000, 0x0000000086300000| Untracked 
| 100|0x0000000086400000, 0x0000000086400000, 0x0000000086500000|  0%| F|  |TAMS 0x0000000086400000, 0x0000000086400000| Untracked 
| 101|0x0000000086500000, 0x0000000086500000, 0x0000000086600000|  0%| F|  |TAMS 0x0000000086500000, 0x0000000086500000| Untracked 
| 102|0x0000000086600000, 0x0000000086600000, 0x0000000086700000|  0%| F|  |TAMS 0x0000000086600000, 0x0000000086600000| Untracked 
| 103|0x0000000086700000, 0x0000000086700000, 0x0000000086800000|  0%| F|  |TAMS 0x0000000086700000, 0x0000000086700000| Untracked 
| 104|0x0000000086800000, 0x0000000086800000, 0x0000000086900000|  0%| F|  |TAMS 0x0000000086800000, 0x0000000086800000| Untracked 
| 105|0x0000000086900000, 0x0000000086900000, 0x0000000086a00000|  0%| F|  |TAMS 0x0000000086900000, 0x0000000086900000| Untracked 
| 106|0x0000000086a00000, 0x0000000086a00000, 0x0000000086b00000|  0%| F|  |TAMS 0x0000000086a00000, 0x0000000086a00000| Untracked 
| 107|0x0000000086b00000, 0x0000000086b00000, 0x0000000086c00000|  0%| F|  |TAMS 0x0000000086b00000, 0x0000000086b00000| Untracked 
| 108|0x0000000086c00000, 0x0000000086c00000, 0x0000000086d00000|  0%| F|  |TAMS 0x0000000086c00000, 0x0000000086c00000| Untracked 
| 109|0x0000000086d00000, 0x0000000086d00000, 0x0000000086e00000|  0%| F|  |TAMS 0x0000000086d00000, 0x0000000086d00000| Untracked 
| 110|0x0000000086e00000, 0x0000000086e00000, 0x0000000086f00000|  0%| F|  |TAMS 0x0000000086e00000, 0x0000000086e00000| Untracked 
| 111|0x0000000086f00000, 0x0000000086f00000, 0x0000000087000000|  0%| F|  |TAMS 0x0000000086f00000, 0x0000000086f00000| Untracked 
| 112|0x0000000087000000, 0x0000000087080800, 0x0000000087100000| 50%| E|  |TAMS 0x0000000087000000, 0x0000000087000000| Complete 
| 113|0x0000000087100000, 0x0000000087200000, 0x0000000087200000|100%| E|CS|TAMS 0x0000000087100000, 0x0000000087100000| Complete 
| 114|0x0000000087200000, 0x0000000087300000, 0x0000000087300000|100%| E|CS|TAMS 0x0000000087200000, 0x0000000087200000| Complete 
| 115|0x0000000087300000, 0x0000000087400000, 0x0000000087400000|100%| E|CS|TAMS 0x0000000087300000, 0x0000000087300000| Complete 
| 116|0x0000000087400000, 0x0000000087500000, 0x0000000087500000|100%| E|CS|TAMS 0x0000000087400000, 0x0000000087400000| Complete 
| 117|0x0000000087500000, 0x0000000087600000, 0x0000000087600000|100%| E|CS|TAMS 0x0000000087500000, 0x0000000087500000| Complete 

Card table byte_map: [0x000001ecaea70000,0x000001ecaee70000] _byte_map_base: 0x000001ecae670000

Marking Bits (Prev, Next): (CMBitMap*) 0x000001ec9b660b30, (CMBitMap*) 0x000001ec9b660af8
 Prev Bits: [0x000001ecb1270000, 0x000001ecb3270000)
 Next Bits: [0x000001ecaf270000, 0x000001ecb1270000)

Polling page: 0x000001ec995d0000

Metaspace:

Usage:
  Non-class:     22.97 MB capacity,    22.54 MB ( 98%) used,   396.41 KB (  2%) free+waste,    50.63 KB ( <1%) overhead. 
      Class:      3.58 MB capacity,     3.37 MB ( 94%) used,   184.16 KB (  5%) free+waste,    25.44 KB ( <1%) overhead. 
       Both:     26.55 MB capacity,    25.91 MB ( 98%) used,   580.57 KB (  2%) free+waste,    76.06 KB ( <1%) overhead. 

Virtual space:
  Non-class space:       24.00 MB reserved,      23.00 MB ( 96%) committed 
      Class space:        1.00 GB reserved,       3.63 MB ( <1%) committed 
             Both:        1.02 GB reserved,      26.63 MB (  3%) committed 

Chunk freelists:
   Non-Class:  26.00 KB
       Class:  0 bytes
        Both:  26.00 KB

MaxMetaspaceSize: 17179869184.00 GB
CompressedClassSpaceSize: 1.00 GB
Initial GC threshold: 20.80 MB
Current GC threshold: 35.00 MB
CDS: off

CodeHeap 'non-profiled nmethods': size=120000Kb used=1160Kb max_used=1160Kb free=118839Kb
 bounds [0x000001eca6bf0000, 0x000001eca6e60000, 0x000001ecae120000]
CodeHeap 'profiled nmethods': size=120000Kb used=4601Kb max_used=4601Kb free=115398Kb
 bounds [0x000001ec9f6c0000, 0x000001ec9fb40000, 0x000001eca6bf0000]
CodeHeap 'non-nmethods': size=5760Kb used=1231Kb max_used=1259Kb free=4528Kb
 bounds [0x000001ec9f120000, 0x000001ec9f390000, 0x000001ec9f6c0000]
 total_blobs=2710 nmethods=2209 adapters=413
 compilation: enabled
              stopped_count=0, restarted_count=0
 full_count=0

Compilation events (20 events):
Event: 2.685 Thread 0x000001ecb6882800 2189       3       java.lang.reflect.ProxyGenerator$ConstantPool::getString (21 bytes)
Event: 2.685 Thread 0x000001ecb6882800 nmethod 2189 0x000001ec9fb2af10 code [0x000001ec9fb2b120, 0x000001ec9fb2b588]
Event: 2.685 Thread 0x000001ecb6882800 2190       3       java.lang.reflect.ProxyGenerator::code_ldc (64 bytes)
Event: 2.686 Thread 0x000001ecb6882800 nmethod 2190 0x000001ec9fb2b790 code [0x000001ec9fb2b9e0, 0x000001ec9fb2c3a8]
Event: 2.690 Thread 0x000001ecb6882800 2193       3       com.google.common.base.CharMatcher$IsEither::matches (22 bytes)
Event: 2.690 Thread 0x000001ecb6882800 nmethod 2193 0x000001ec9fb2c710 code [0x000001ec9fb2c8c0, 0x000001ec9fb2ca58]
Event: 2.690 Thread 0x000001ecb6882800 2194       3       java.util.Collections$UnmodifiableCollection::size (10 bytes)
Event: 2.690 Thread 0x000001ecb6882800 nmethod 2194 0x000001ec9fb2cb10 code [0x000001ec9fb2ccc0, 0x000001ec9fb2ce88]
Event: 2.690 Thread 0x000001ecb6882800 2195       3       java.util.Collections$UnmodifiableList::get (11 bytes)
Event: 2.691 Thread 0x000001ecb6882800 nmethod 2195 0x000001ec9fb2cf90 code [0x000001ec9fb2d140, 0x000001ec9fb2d308]
Event: 2.691 Thread 0x000001ecb6882800 2197       3       org.gradle.api.internal.file.pattern.PatternMatcherFactory::compile (117 bytes)
Event: 2.691 Thread 0x000001ecb6882800 nmethod 2197 0x000001ec9fb2d410 code [0x000001ec9fb2d6c0, 0x000001ec9fb2e358]
Event: 2.691 Thread 0x000001ecb6882800 2196       1       org.gradle.api.internal.file.pattern.EndOfPathMatcher::getMaxSegments (2 bytes)
Event: 2.691 Thread 0x000001ecb6882800 nmethod 2196 0x000001eca6d0e890 code [0x000001eca6d0ea40, 0x000001eca6d0eaf8]
Event: 2.698 Thread 0x000001ecb6882800 2198       3       java.lang.invoke.MemberName::<init> (131 bytes)
Event: 2.699 Thread 0x000001ecb6882800 nmethod 2198 0x000001ec9fb2e710 code [0x000001ec9fb2ea60, 0x000001ec9fb2fe58]
Event: 2.705 Thread 0x000001ecb6882800 2199       3       java.lang.invoke.MemberName::hashCode (43 bytes)
Event: 2.706 Thread 0x000001ecb6882800 nmethod 2199 0x000001ec9fb30410 code [0x000001ec9fb30680, 0x000001ec9fb31328]
Event: 2.706 Thread 0x000001ecb6882800 2200       3       java.lang.Byte::hashCode (8 bytes)
Event: 2.706 Thread 0x000001ecb6882800 nmethod 2200 0x000001ec9fb31690 code [0x000001ec9fb31840, 0x000001ec9fb31998]

GC Heap History (8 events):
Event: 0.813 GC heap before
{Heap before GC invocations=0 (full 0):
 garbage-first heap   total 120832K, used 29696K [0x0000000080000000, 0x0000000100000000)
  region size 1024K, 24 young (24576K), 0 survivors (0K)
 Metaspace       used 10195K, capacity 10489K, committed 10624K, reserved 1058816K
  class space    used 1070K, capacity 1139K, committed 1152K, reserved 1048576K
}
Event: 0.824 GC heap after
{Heap after GC invocations=1 (full 0):
 garbage-first heap   total 120832K, used 9376K [0x0000000080000000, 0x0000000100000000)
  region size 1024K, 3 young (3072K), 3 survivors (3072K)
 Metaspace       used 10195K, capacity 10489K, committed 10624K, reserved 1058816K
  class space    used 1070K, capacity 1139K, committed 1152K, reserved 1048576K
}
Event: 1.937 GC heap before
{Heap before GC invocations=1 (full 0):
 garbage-first heap   total 120832K, used 77984K [0x0000000080000000, 0x0000000100000000)
  region size 1024K, 70 young (71680K), 3 survivors (3072K)
 Metaspace       used 17308K, capacity 17762K, committed 17792K, reserved 1064960K
  class space    used 2007K, capacity 2150K, committed 2176K, reserved 1048576K
}
Event: 1.942 GC heap after
{Heap after GC invocations=2 (full 0):
 garbage-first heap   total 120832K, used 15799K [0x0000000080000000, 0x0000000100000000)
  region size 1024K, 9 young (9216K), 9 survivors (9216K)
 Metaspace       used 17308K, capacity 17762K, committed 17792K, reserved 1064960K
  class space    used 2007K, capacity 2150K, committed 2176K, reserved 1048576K
}
Event: 2.223 GC heap before
{Heap before GC invocations=2 (full 0):
 garbage-first heap   total 120832K, used 48567K [0x0000000080000000, 0x0000000100000000)
  region size 1024K, 42 young (43008K), 9 survivors (9216K)
 Metaspace       used 20681K, capacity 21154K, committed 21248K, reserved 1067008K
  class space    used 2551K, capacity 2729K, committed 2816K, reserved 1048576K
}
Event: 2.230 GC heap after
{Heap after GC invocations=3 (full 0):
 garbage-first heap   total 120832K, used 16990K [0x0000000080000000, 0x0000000100000000)
  region size 1024K, 2 young (2048K), 2 survivors (2048K)
 Metaspace       used 20681K, capacity 21154K, committed 21248K, reserved 1067008K
  class space    used 2551K, capacity 2729K, committed 2816K, reserved 1048576K
}
Event: 2.644 GC heap before
{Heap before GC invocations=4 (full 0):
 garbage-first heap   total 120832K, used 66142K [0x0000000080000000, 0x0000000100000000)
  region size 1024K, 50 young (51200K), 2 survivors (2048K)
 Metaspace       used 25736K, capacity 26374K, committed 26624K, reserved 1073152K
  class space    used 3318K, capacity 3538K, committed 3584K, reserved 1048576K
}
Event: 2.646 GC heap after
{Heap after GC invocations=5 (full 0):
 garbage-first heap   total 120832K, used 18623K [0x0000000080000000, 0x0000000100000000)
  region size 1024K, 4 young (4096K), 4 survivors (4096K)
 Metaspace       used 25736K, capacity 26374K, committed 26624K, reserved 1073152K
  class space    used 3318K, capacity 3538K, committed 3584K, reserved 1048576K
}

Deoptimization events (20 events):
Event: 2.338 Thread 0x000001ecb7617800 DEOPT PACKING pc=0x000001eca6cdf8e8 sp=0x00000086012fba70
Event: 2.338 Thread 0x000001ecb7617800 DEOPT UNPACKING pc=0x000001ec9f16a1af sp=0x00000086012fba00 mode 2
Event: 2.426 Thread 0x000001ecb7617800 DEOPT PACKING pc=0x000001ec9fa4a4d5 sp=0x00000086012faf30
Event: 2.426 Thread 0x000001ecb7617800 DEOPT UNPACKING pc=0x000001ec9f16a95e sp=0x00000086012fa450 mode 0
Event: 2.467 Thread 0x000001ecb7617800 DEOPT PACKING pc=0x000001ec9fa4a4d5 sp=0x00000086012f9a30
Event: 2.467 Thread 0x000001ecb7617800 DEOPT UNPACKING pc=0x000001ec9f16a95e sp=0x00000086012f8f50 mode 0
Event: 2.474 Thread 0x000001ecb7617800 Uncommon trap: trap_request=0xffffff4d fr.pc=0x000001eca6ca907c relative=0x000000000000023c
Event: 2.474 Thread 0x000001ecb7617800 Uncommon trap: reason=unstable_if action=reinterpret pc=0x000001eca6ca907c method=java.util.concurrent.ConcurrentHashMap.get(Ljava/lang/Object;)Ljava/lang/Object; @ 76 c2
Event: 2.474 Thread 0x000001ecb7617800 DEOPT PACKING pc=0x000001eca6ca907c sp=0x00000086012f99c0
Event: 2.474 Thread 0x000001ecb7617800 DEOPT UNPACKING pc=0x000001ec9f16a1af sp=0x00000086012f9928 mode 2
Event: 2.481 Thread 0x000001ecb7617800 DEOPT PACKING pc=0x000001ec9fa4a4f6 sp=0x00000086012fab20
Event: 2.481 Thread 0x000001ecb7617800 DEOPT UNPACKING pc=0x000001ec9f16a95e sp=0x00000086012fa040 mode 0
Event: 2.488 Thread 0x000001ecb7617800 DEOPT PACKING pc=0x000001ec9fa4a4d5 sp=0x00000086012f9e00
Event: 2.488 Thread 0x000001ecb7617800 DEOPT UNPACKING pc=0x000001ec9f16a95e sp=0x00000086012f9320 mode 0
Event: 2.545 Thread 0x000001ecb7617800 DEOPT PACKING pc=0x000001ec9f9b659b sp=0x00000086012fb920
Event: 2.545 Thread 0x000001ecb7617800 DEOPT UNPACKING pc=0x000001ec9f16a95e sp=0x00000086012fad90 mode 0
Event: 2.688 Thread 0x000001ecb7617800 Uncommon trap: trap_request=0xffffff7e fr.pc=0x000001eca6d09da0 relative=0x0000000000000160
Event: 2.688 Thread 0x000001ecb7617800 Uncommon trap: reason=predicate action=maybe_recompile pc=0x000001eca6d09da0 method=com.google.common.base.CharMatcher.indexIn(Ljava/lang/CharSequence;I)I @ 19 c2
Event: 2.688 Thread 0x000001ecb7617800 DEOPT PACKING pc=0x000001eca6d09da0 sp=0x00000086012fb6b0
Event: 2.688 Thread 0x000001ecb7617800 DEOPT UNPACKING pc=0x000001ec9f16a1af sp=0x00000086012fb640 mode 2

Classes redefined (0 events):
No events

Internal exceptions (20 events):
Event: 1.901 Thread 0x000001ecb88f4800 Exception <a 'java/lang/NoSuchMethodError'{0x00000000832edb60}: <clinit>> (0x00000000832edb60) thrown at [./src/hotspot/share/prims/jni.cpp, line 1365]
Event: 1.902 Thread 0x000001ecb88f4800 Exception <a 'java/lang/NoSuchMethodError'{0x0000000083106050}: <clinit>> (0x0000000083106050) thrown at [./src/hotspot/share/prims/jni.cpp, line 1365]
Event: 1.903 Thread 0x000001ecb88f4800 Exception <a 'java/lang/NoSuchMethodError'{0x000000008310fa18}: <clinit>> (0x000000008310fa18) thrown at [./src/hotspot/share/prims/jni.cpp, line 1365]
Event: 1.905 Thread 0x000001ecb88f4800 Exception <a 'java/lang/NoSuchMethodError'{0x0000000083124de0}: <clinit>> (0x0000000083124de0) thrown at [./src/hotspot/share/prims/jni.cpp, line 1365]
Event: 1.967 Thread 0x000001ecb7617800 Exception <a 'java/lang/NoSuchMethodError'{0x0000000087494db0}: 'long java.lang.invoke.DirectMethodHandle$Holder.invokeInterface(java.lang.Object, java.lang.Object)'> (0x0000000087494db0) thrown at [./src/hotspot/share/interpreter/linkResolver.cpp, line 773]
Event: 1.968 Thread 0x000001ecb7617800 Exception <a 'java/lang/NoSuchMethodError'{0x00000000874a1e50}: 'void java.lang.invoke.DelegatingMethodHandle$Holder.reinvoke_L(java.lang.Object, java.lang.Object, java.lang.Object, java.lang.Object, java.lang.Object, java.lang.Object, java.lang.Object)'> (0x00000000874a1e50) thrown at [./src/hotspot/share/interpreter/linkResolver.cpp, line 773]
Event: 2.173 Thread 0x000001ecb7617800 Exception <a 'java/lang/NoSuchMethodError'{0x0000000085805e50}: 'void java.lang.invoke.DirectMethodHandle$Holder.invokeStaticInit(java.lang.Object)'> (0x0000000085805e50) thrown at [./src/hotspot/share/interpreter/linkResolver.cpp, line 773]
Event: 2.182 Thread 0x000001ecb7617800 Exception <a 'java/lang/NoSuchMethodError'{0x00000000858b2f38}: 'java.lang.Object java.lang.invoke.DirectMethodHandle$Holder.invokeStatic(java.lang.Object, java.lang.Object, java.lang.Object, int)'> (0x00000000858b2f38) thrown at [./src/hotspot/share/interpreter/linkResolver.cpp, line 773]
Event: 2.183 Thread 0x000001ecb7617800 Exception <a 'java/lang/NoSuchMethodError'{0x00000000858b7650}: 'java.lang.Object java.lang.invoke.DirectMethodHandle$Holder.invokeSpecial(java.lang.Object, java.lang.Object, java.lang.Object, java.lang.Object, int)'> (0x00000000858b7650) thrown at [./src/hotspot/share/interpreter/linkResolver.cpp, line 773]
Event: 2.183 Thread 0x000001ecb7617800 Exception <a 'java/lang/NoSuchMethodError'{0x00000000858bb588}: 'java.lang.Object java.lang.invoke.Invokers$Holder.linkToTargetMethod(java.lang.Object, java.lang.Object, int, java.lang.Object)'> (0x00000000858bb588) thrown at [./src/hotspot/share/interpreter/linkResolver.cpp, line 773]
Event: 2.289 Thread 0x000001ecb7617800 Exception <a 'java/lang/NoSuchMethodError'{0x00000000872af310}: 'int java.lang.invoke.DirectMethodHandle$Holder.invokeSpecialIFC(java.lang.Object, java.lang.Object, java.lang.Object, java.lang.Object)'> (0x00000000872af310) thrown at [./src/hotspot/share/interpreter/linkResolver.cpp, line 773]
Event: 2.290 Thread 0x000001ecb7617800 Exception <a 'java/lang/NoSuchMethodError'{0x00000000872bd2c8}: 'java.lang.Object java.lang.invoke.DirectMethodHandle$Holder.invokeInterface(java.lang.Object, java.lang.Object, java.lang.Object)'> (0x00000000872bd2c8) thrown at [./src/hotspot/share/interpreter/linkResolver.cpp, line 773]
Event: 2.291 Thread 0x000001ecb7617800 Exception <a 'java/lang/IncompatibleClassChangeError'{0x00000000872c07a0}: Found class java.lang.Object, but interface was expected> (0x00000000872c07a0) thrown at [./src/hotspot/share/interpreter/linkResolver.cpp, line 839]
Event: 2.387 Thread 0x000001ecb7617800 Exception <a 'java/lang/NoSuchMethodError'{0x00000000866670f8}: 'java.lang.Object java.lang.invoke.DirectMethodHandle$Holder.invokeSpecial(java.lang.Object, java.lang.Object, java.lang.Object, java.lang.Object, java.lang.Object, java.lang.Object, java.lang.Object, java.lang.Object, java.lang.Object)'> (0x00000000866670f8) thrown at [./src/hotspot/share/interpreter/linkResolver.cpp, line 773]
Event: 2.434 Thread 0x000001ecb7617800 Exception <a 'java/lang/NoSuchMethodError'{0x0000000085c02e58}: 'java.lang.Object java.lang.invoke.DirectMethodHandle$Holder.invokeVirtual(java.lang.Object, java.lang.Object, java.lang.Object, java.lang.Object)'> (0x0000000085c02e58) thrown at [./src/hotspot/share/interpreter/linkResolver.cpp, line 773]
Event: 2.501 Thread 0x000001ecb7617800 Exception <a 'java/lang/NoSuchMethodError'{0x00000000856c6cf0}: 'void java.lang.invoke.DirectMethodHandle$Holder.invokeSpecial(java.lang.Object, java.lang.Object, java.lang.Object, java.lang.Object, java.lang.Object, java.lang.Object)'> (0x00000000856c6cf0) thrown at [./src/hotspot/share/interpreter/linkResolver.cpp, line 773]
Event: 2.509 Thread 0x000001ecb7617800 Exception <a 'java/lang/NoSuchMethodError'{0x0000000085535bb8}: 'void java.lang.invoke.DirectMethodHandle$Holder.invokeSpecial(java.lang.Object, java.lang.Object, java.lang.Object, java.lang.Object, java.lang.Object, java.lang.Object, java.lang.Object)'> (0x0000000085535bb8) thrown at [./src/hotspot/share/interpreter/linkResolver.cpp, line 773]
Event: 2.510 Thread 0x000001ecb7617800 Exception <a 'java/lang/NoSuchMethodError'{0x000000008553e0a8}: 'java.lang.Object java.lang.invoke.Invokers$Holder.linkToTargetMethod(java.lang.Object, java.lang.Object, java.lang.Object, java.lang.Object, java.lang.Object, java.lang.Object)'> (0x000000008553e0a8) thrown at [./src/hotspot/share/interpreter/linkResolver.cpp, line 773]
Event: 2.578 Thread 0x000001ecb7617800 Exception <a 'java/lang/NoSuchMethodError'{0x0000000084aca288}: 'int java.lang.invoke.DirectMethodHandle$Holder.invokeStaticInit(java.lang.Object, java.lang.Object, java.lang.Object)'> (0x0000000084aca288) thrown at [./src/hotspot/share/interpreter/linkResolver.cpp, line 773]
Event: 2.632 Thread 0x000001ecb7617800 Exception <a 'java/lang/NoSuchMethodError'{0x00000000845ffcb8}: 'void java.lang.invoke.DirectMethodHandle$Holder.invokeStaticInit(java.lang.Object, java.lang.Object)'> (0x00000000845ffcb8) thrown at [./src/hotspot/share/interpreter/linkResolver.cpp, line 773]

Events (20 events):
Event: 2.704 loading class org/gradle/internal/watch/registry/impl/HierarchicalFileWatcherUpdater$FileSystemLocationToWatchValidator
Event: 2.704 loading class org/gradle/internal/watch/registry/impl/HierarchicalFileWatcherUpdater$FileSystemLocationToWatchValidator done
Event: 2.705 loading class org/gradle/internal/watch/registry/impl/HierarchicalFileWatcherUpdater$FileSystemLocationToWatchValidator
Event: 2.705 loading class org/gradle/internal/watch/registry/impl/HierarchicalFileWatcherUpdater$FileSystemLocationToWatchValidator done
Event: 2.705 loading class org/gradle/internal/snapshot/SnapshotHierarchy
Event: 2.705 loading class org/gradle/internal/snapshot/SnapshotHierarchy done
Event: 2.705 loading class net/rubygrapefruit/platform/internal/jni/WindowsFileEventFunctions$WindowsFileWatcher
Event: 2.705 loading class net/rubygrapefruit/platform/internal/jni/WindowsFileEventFunctions$WindowsFileWatcher done
Event: 2.705 loading class net/rubygrapefruit/platform/internal/jni/WindowsFileEventFunctions$WindowsFileWatcher
Event: 2.705 loading class net/rubygrapefruit/platform/internal/jni/WindowsFileEventFunctions$WindowsFileWatcher done
Event: 2.705 loading class org/gradle/internal/watch/registry/impl/HierarchicalFileWatcherUpdater$MovedHierarchyHandler
Event: 2.705 loading class org/gradle/internal/watch/registry/impl/HierarchicalFileWatcherUpdater$MovedHierarchyHandler done
Event: 2.706 loading class org/gradle/internal/watch/registry/impl/DefaultFileWatcherRegistry
Event: 2.706 loading class org/gradle/internal/watch/registry/impl/DefaultFileWatcherRegistry done
Event: 2.706 loading class java/io/InterruptedIOException
Event: 2.706 loading class java/io/InterruptedIOException done
Event: 2.707 loading class org/gradle/internal/watch/registry/FileWatcherRegistry$FileWatchingStatistics
Event: 2.707 loading class org/gradle/internal/watch/registry/FileWatcherRegistry$FileWatchingStatistics done
Event: 2.707 loading class net/rubygrapefruit/platform/file/FileWatchEvent$Handler
Event: 2.707 loading class net/rubygrapefruit/platform/file/FileWatchEvent$Handler done


Dynamic libraries:
0x00007ff63c6e0000 - 0x00007ff63c6ea000 	D:\Android Studio\jre\bin\java.exe
0x00007ffb91110000 - 0x00007ffb91324000 	C:\WINDOWS\SYSTEM32\ntdll.dll
0x00007ffb8f460000 - 0x00007ffb8f522000 	C:\WINDOWS\System32\KERNEL32.DLL
0x00007ffb8e830000 - 0x00007ffb8ebd3000 	C:\WINDOWS\System32\KERNELBASE.dll
0x00007ffb8e530000 - 0x00007ffb8e641000 	C:\WINDOWS\System32\ucrtbase.dll
0x00007ffb83380000 - 0x00007ffb83397000 	D:\Android Studio\jre\bin\VCRUNTIME140.dll
0x00007ffb80b20000 - 0x00007ffb80b39000 	D:\Android Studio\jre\bin\jli.dll
0x00007ffb8f140000 - 0x00007ffb8f2eb000 	C:\WINDOWS\System32\USER32.dll
0x00007ffb67210000 - 0x00007ffb6749e000 	C:\WINDOWS\WinSxS\amd64_microsoft.windows.common-controls_6595b64144ccf1df_6.0.22621.1635_none_270f70857386168e\COMCTL32.dll
0x00007ffb8e650000 - 0x00007ffb8e676000 	C:\WINDOWS\System32\win32u.dll
0x00007ffb8f940000 - 0x00007ffb8f9e7000 	C:\WINDOWS\System32\msvcrt.dll
0x00007ffb8f430000 - 0x00007ffb8f459000 	C:\WINDOWS\System32\GDI32.dll
0x00007ffb8ebe0000 - 0x00007ffb8ecf8000 	C:\WINDOWS\System32\gdi32full.dll
0x00007ffb8ee70000 - 0x00007ffb8ef0a000 	C:\WINDOWS\System32\msvcp_win.dll
0x00007ffb8f100000 - 0x00007ffb8f131000 	C:\WINDOWS\System32\IMM32.DLL
0x00007ffb80820000 - 0x00007ffb808bd000 	D:\Android Studio\jre\bin\msvcp140.dll
0x00007ffb374c0000 - 0x00007ffb37fa5000 	D:\Android Studio\jre\bin\server\jvm.dll
0x00007ffb90550000 - 0x00007ffb905fe000 	C:\WINDOWS\System32\ADVAPI32.dll
0x00007ffb90a10000 - 0x00007ffb90ab4000 	C:\WINDOWS\System32\sechost.dll
0x00007ffb8f2f0000 - 0x00007ffb8f407000 	C:\WINDOWS\System32\RPCRT4.dll
0x00007ffb907c0000 - 0x00007ffb907c8000 	C:\WINDOWS\System32\PSAPI.DLL
0x00007ffb68630000 - 0x00007ffb68639000 	C:\WINDOWS\SYSTEM32\WSOCK32.dll
0x00007ffb8abf0000 - 0x00007ffb8ac24000 	C:\WINDOWS\SYSTEM32\WINMM.dll
0x00007ffb8bf70000 - 0x00007ffb8bf7a000 	C:\WINDOWS\SYSTEM32\VERSION.dll
0x00007ffb90ff0000 - 0x00007ffb91061000 	C:\WINDOWS\System32\WS2_32.dll
0x00007ffb8d580000 - 0x00007ffb8d598000 	C:\WINDOWS\SYSTEM32\kernel.appcore.dll
0x00007ffb895e0000 - 0x00007ffb895f1000 	D:\Android Studio\jre\bin\verify.dll
0x00007ffb89950000 - 0x00007ffb89b7e000 	C:\WINDOWS\SYSTEM32\DBGHELP.DLL
0x00007ffb8f530000 - 0x00007ffb8f8b9000 	C:\WINDOWS\System32\combase.dll
0x00007ffb90930000 - 0x00007ffb90a07000 	C:\WINDOWS\System32\OLEAUT32.dll
0x00007ffb78240000 - 0x00007ffb78272000 	C:\WINDOWS\SYSTEM32\dbgcore.DLL
0x00007ffb8e6f0000 - 0x00007ffb8e76b000 	C:\WINDOWS\System32\bcryptPrimitives.dll
0x00007ffb74370000 - 0x00007ffb74399000 	D:\Android Studio\jre\bin\java.dll
0x00007ffb894f0000 - 0x00007ffb894fb000 	D:\Android Studio\jre\bin\jimage.dll
0x00007ffb878c0000 - 0x00007ffb878d8000 	D:\Android Studio\jre\bin\zip.dll
0x00007ffb8fd50000 - 0x00007ffb9054a000 	C:\WINDOWS\System32\SHELL32.dll
0x00007ffb8c530000 - 0x00007ffb8cdfe000 	C:\WINDOWS\SYSTEM32\windows.storage.dll
0x00007ffb8c3f0000 - 0x00007ffb8c52e000 	C:\WINDOWS\SYSTEM32\wintypes.dll
0x00007ffb90830000 - 0x00007ffb90921000 	C:\WINDOWS\System32\SHCORE.dll
0x00007ffb91070000 - 0x00007ffb910ce000 	C:\WINDOWS\System32\shlwapi.dll
0x00007ffb8e460000 - 0x00007ffb8e481000 	C:\WINDOWS\SYSTEM32\profapi.dll
0x00007ffb74350000 - 0x00007ffb7436a000 	D:\Android Studio\jre\bin\net.dll
0x00007ffb881f0000 - 0x00007ffb88327000 	C:\WINDOWS\SYSTEM32\WINHTTP.dll
0x00007ffb8d9f0000 - 0x00007ffb8da59000 	C:\WINDOWS\system32\mswsock.dll
0x00007ffb6c4d0000 - 0x00007ffb6c4e4000 	D:\Android Studio\jre\bin\nio.dll
0x00007ffb80b70000 - 0x00007ffb80b97000 	D:\AndroidStudioProjects\API\native\e1d6ef7f7dcc3fd88c89a11ec53ec762bb8ba0a96d01ffa2cd45eb1d1d8dd5c5\windows-amd64\native-platform.dll
0x00007ffb74040000 - 0x00007ffb74184000 	D:\AndroidStudioProjects\API\native\5664cfc778a61ccfe75a443a1ab52a65af34e5dc3c78e0209fed803814484fcb\windows-amd64\native-platform-file-events.dll
0x00007ffb889a0000 - 0x00007ffb889aa000 	D:\Android Studio\jre\bin\management.dll
0x00007ffb87e00000 - 0x00007ffb87e0d000 	D:\Android Studio\jre\bin\management_ext.dll
0x00007ffb8dc50000 - 0x00007ffb8dc6b000 	C:\WINDOWS\SYSTEM32\CRYPTSP.dll
0x00007ffb8d4f0000 - 0x00007ffb8d525000 	C:\WINDOWS\system32\rsaenh.dll
0x00007ffb8daf0000 - 0x00007ffb8db18000 	C:\WINDOWS\SYSTEM32\USERENV.dll
0x00007ffb8de60000 - 0x00007ffb8de88000 	C:\WINDOWS\SYSTEM32\bcrypt.dll
0x00007ffb8dc70000 - 0x00007ffb8dc7c000 	C:\WINDOWS\SYSTEM32\CRYPTBASE.dll
0x00007ffb8d050000 - 0x00007ffb8d07d000 	C:\WINDOWS\SYSTEM32\IPHLPAPI.DLL
0x00007ffb8fbb0000 - 0x00007ffb8fbb9000 	C:\WINDOWS\System32\NSI.dll
0x00007ffb87c60000 - 0x00007ffb87c79000 	C:\WINDOWS\SYSTEM32\dhcpcsvc6.DLL
0x00007ffb876a0000 - 0x00007ffb876bf000 	C:\WINDOWS\SYSTEM32\dhcpcsvc.DLL
0x00007ffb8d080000 - 0x00007ffb8d173000 	C:\WINDOWS\SYSTEM32\DNSAPI.dll

dbghelp: loaded successfully - version: 4.0.5 - missing functions: none
symbol engine: initialized successfully - sym options: 0x614 - pdb path: .;D:\Android Studio\jre\bin;C:\WINDOWS\SYSTEM32;C:\WINDOWS\WinSxS\amd64_microsoft.windows.common-controls_6595b64144ccf1df_6.0.22621.1635_none_270f70857386168e;D:\Android Studio\jre\bin\server;D:\AndroidStudioProjects\API\native\e1d6ef7f7dcc3fd88c89a11ec53ec762bb8ba0a96d01ffa2cd45eb1d1d8dd5c5\windows-amd64;D:\AndroidStudioProjects\API\native\5664cfc778a61ccfe75a443a1ab52a65af34e5dc3c78e0209fed803814484fcb\windows-amd64

VM Arguments:
jvm_args: --add-opens=java.base/java.util=ALL-UNNAMED --add-opens=java.base/java.lang=ALL-UNNAMED --add-opens=java.base/java.lang.invoke=ALL-UNNAMED --add-opens=java.base/java.util=ALL-UNNAMED --add-opens=java.prefs/java.util.prefs=ALL-UNNAMED --add-opens=java.prefs/java.util.prefs=ALL-UNNAMED --add-opens=java.base/java.nio.charset=ALL-UNNAMED --add-opens=java.base/java.net=ALL-UNNAMED --add-opens=java.base/java.util.concurrent.atomic=ALL-UNNAMED -Xmx2048m -Dfile.encoding=UTF-8 -Duser.country=RU -Duser.language=ru -Duser.variant 
java_command: org.gradle.launcher.daemon.bootstrap.GradleDaemon 7.3.3
java_class_path (initial): D:\AndroidStudioProjects\API\wrapper\dists\gradle-7.3.3-bin\6a41zxkdtcxs8rphpq6y0069z\gradle-7.3.3\lib\gradle-launcher-7.3.3.jar
Launcher Type: SUN_STANDARD

[Global flags]
     intx CICompilerCount                          = 4                                         {product} {ergonomic}
     uint ConcGCThreads                            = 3                                         {product} {ergonomic}
     uint G1ConcRefinementThreads                  = 10                                        {product} {ergonomic}
   size_t G1HeapRegionSize                         = 1048576                                   {product} {ergonomic}
    uintx GCDrainStackTargetSize                   = 64                                        {product} {ergonomic}
   size_t InitialHeapSize                          = 123731968                                 {product} {ergonomic}
   size_t MarkStackSize                            = 4194304                                   {product} {ergonomic}
   size_t MaxHeapSize                              = 2147483648                                {product} {command line}
   size_t MaxNewSize                               = 1287651328                                {product} {ergonomic}
   size_t MinHeapDeltaBytes                        = 1048576                                   {product} {ergonomic}
    uintx NonNMethodCodeHeapSize                   = 5836300                                {pd product} {ergonomic}
    uintx NonProfiledCodeHeapSize                  = 122910970                              {pd product} {ergonomic}
    uintx ProfiledCodeHeapSize                     = 122910970                              {pd product} {ergonomic}
    uintx ReservedCodeCacheSize                    = 251658240                              {pd product} {ergonomic}
     bool SegmentedCodeCache                       = true                                      {product} {ergonomic}
     bool UseCompressedClassPointers               = true                                 {lp64_product} {ergonomic}
     bool UseCompressedOops                        = true                                 {lp64_product} {ergonomic}
     bool UseG1GC                                  = true                                      {product} {ergonomic}
     bool UseLargePagesIndividualAllocation        = false                                  {pd product} {ergonomic}

Logging:
Log output configuration:
 #0: stdout all=warning uptime,level,tags
 #1: stderr all=off uptime,level,tags

Environment Variables:
PATH=C:\Program Files (x86)\NVIDIA Corporation\PhysX\Common;C:\Program Files\Common Files\Oracle\Java\javapath;C:\Program Files (x86)\Common Files\Oracle\Java\javapath;C:\Windows\system32;C:\Windows;C:\Windows\System32\Wbem;C:\Windows\System32\WindowsPowerShell\v1.0\;C:\Windows\System32\OpenSSH\;C:\Program Files\Microsoft SQL Server\150\Tools\Binn\;C:\Program Files\Microsoft SQL Server\Client SDK\ODBC\170\Tools\Binn\;C:\Program Files (x86)\Microsoft SQL Server\140\Tools\Binn\;C:\Program Files\Microsoft SQL Server\140\Tools\Binn\;C:\Program Files (x86)\Microsoft SQL Server\140\DTS\Binn\;C:\Program Files\Microsoft SQL Server\140\DTS\Binn\;C:\Program Files\Microsoft SQL Server\Client SDK\ODBC\130\Tools\Binn\;C:\Program Files (x86)\Microsoft SQL Server\150\DTS\Binn\;C:\Program Files\Azure Data Studio\bin;C:\Program Files\Java\jdk-17.0.2\bin;C:\WINDOWS\system32;C:\WINDOWS;C:\WINDOWS\System32\Wbem;C:\WINDOWS\System32\WindowsPowerShell\v1.0\;C:\WINDOWS\System32\OpenSSH\;C:\MinGW\bin;D:\IntelliJ IDEA Community Edition 2021.3.2\bin;C:\Program Files\dotnet\;C:\Program Files\Git\cmd;%SystemRoot%\system32;%SystemRoot%;%SystemRoot%\System32\Wbem;%SYSTEMROOT%\System32\WindowsPowerShell\v1.0\;%SYSTEMROOT%\System32\OpenSSH\;C:\Users\zaxsc\AppData\Local\Programs\Python\Python310\Scripts\;C:\Users\zaxsc\AppData\Local\Programs\Python\Python310\;C:\Users\zaxsc\AppData\Local\Microsoft\WindowsApps;C:\Users\zaxsc\.dotnet\tools;C:\Program Files\Azure Data Studio\bin;C:\Users\zaxsc\AppData\Local\Programs\Microsoft VS Code\bin;C:\Users\zaxsc\AppData\Local\GitHubDesktop\bin;;D:\PyCharm 2021.3.2\bin;
USERNAME=zaxsc
OS=Windows_NT
PROCESSOR_IDENTIFIER=AMD64 Family 23 Model 104 Stepping 1, AuthenticAMD



---------------  S Y S T E M  ---------------

OS: Windows 10 , 64 bit Build 22621 (10.0.22621.1635)
OS uptime: 5 days 21:31 hours

CPU:total 12 (initial active 12) (12 cores per cpu, 2 threads per core) family 23 model 104 stepping 1 microcode 0x0, cmov, cx8, fxsr, mmx, sse, sse2, sse3, ssse3, sse4.1, sse4.2, popcnt, avx, avx2, aes, clmul, mmxext, 3dnowpref, lzcnt, sse4a, ht, tsc, tscinvbit, tscinv, bmi1, bmi2, adx, sha, fma

Memory: 4k page, system-wide physical 7514M (591M free)
TotalPageFile size 12514M (AvailPageFile size 4M)
current process WorkingSet (physical memory assigned to process): 215M, peak: 215M
current process commit charge ("private bytes"): 284M, peak: 285M

vm_info: OpenJDK 64-Bit Server VM (11.0.12+7-b1504.28-7817840) for windows-amd64 JRE (11.0.12+7-b1504.28-7817840), built on Oct 13 2021 22:12:33 by "builder" with MS VC++ 14.0 (VS2015)

END.
