#
# There is insufficient memory for the Java Runtime Environment to continue.
# Native memory allocation (malloc) failed to allocate 131088 bytes for Chunk::new
# Possible reasons:
#   The system is out of physical RAM or swap space
#   The process is running with CompressedOops enabled, and the Java Heap may be blocking the growth of the native heap
# Possible solutions:
#   Reduce memory load on the system
#   Increase physical memory or swap space
#   Check if swap backing store is full
#   Decrease Java heap size (-Xmx/-Xms)
#   Decrease number of Java threads
#   Decrease Java thread stack sizes (-Xss)
#   Set larger code cache with -XX:ReservedCodeCacheSize=
#   JVM is running with Unscaled Compressed Oops mode in which the Java heap is
#     placed in the first 4GB address space. The Java Heap base address is the
#     maximum limit for the native heap growth. Please use -XX:HeapBaseMinAddress
#     to set the Java Heap base and to place the Java Heap above 4GB virtual address.
# This output file may be truncated or incomplete.
#
#  Out of Memory Error (./src/hotspot/share/memory/arena.cpp:197), pid=7364, tid=14192
#
# JRE version: OpenJDK Runtime Environment (11.0.12+7) (build 11.0.12+7-b1504.28-7817840)
# Java VM: OpenJDK 64-Bit Server VM (11.0.12+7-b1504.28-7817840, mixed mode, tiered, compressed oops, g1 gc, windows-amd64)
# No core dump will be written. Minidumps are not enabled by default on client versions of Windows
#

---------------  S U M M A R Y ------------

Command Line: --add-opens=java.base/java.util=ALL-UNNAMED --add-opens=java.base/java.lang=ALL-UNNAMED --add-opens=java.base/java.lang.invoke=ALL-UNNAMED --add-opens=java.base/java.util=ALL-UNNAMED --add-opens=java.prefs/java.util.prefs=ALL-UNNAMED --add-opens=java.prefs/java.util.prefs=ALL-UNNAMED --add-opens=java.base/java.nio.charset=ALL-UNNAMED --add-opens=java.base/java.net=ALL-UNNAMED --add-opens=java.base/java.util.concurrent.atomic=ALL-UNNAMED -Xmx2048m -Dfile.encoding=UTF-8 -Duser.country=RU -Duser.language=ru -Duser.variant org.gradle.launcher.daemon.bootstrap.GradleDaemon 7.3.3

Host: AMD Ryzen 5 5500U with Radeon Graphics         , 12 cores, 7G,  Windows 10 , 64 bit Build 22621 (10.0.22621.1635)
Time: Thu May 25 08:42:18 2023 RTZ 2 (зима) elapsed time: 2.624090 seconds (0d 0h 0m 2s)

---------------  T H R E A D  ---------------

Current thread (0x000002bec855e800):  JavaThread "C2 CompilerThread1" daemon [_thread_in_native, id=14192, stack(0x000000d509900000,0x000000d509a00000)]


Current CompileTask:
C2:   2624 2110   !   4       java.net.URLClassLoader$1::run (63 bytes)

Stack: [0x000000d509900000,0x000000d509a00000]
Native frames: (J=compiled Java code, j=interpreted, Vv=VM code, C=native code)
V  [jvm.dll+0x5fbcea]
V  [jvm.dll+0x731905]
V  [jvm.dll+0x732f1d]
V  [jvm.dll+0x7335d3]
V  [jvm.dll+0x247bf8]
V  [jvm.dll+0xc018c]
V  [jvm.dll+0xc06cc]
V  [jvm.dll+0xc02cc]
V  [jvm.dll+0x6282e0]
V  [jvm.dll+0x511642]
V  [jvm.dll+0x201b42]
V  [jvm.dll+0x1ff71f]
V  [jvm.dll+0x18868c]
V  [jvm.dll+0x20e0d7]
V  [jvm.dll+0x20c901]
V  [jvm.dll+0x6f9b7f]
V  [jvm.dll+0x6f26a5]
V  [jvm.dll+0x5fabf6]
C  [ucrtbase.dll+0x29363]
C  [KERNEL32.DLL+0x126ad]
C  [ntdll.dll+0x5a9f8]


---------------  P R O C E S S  ---------------

Threads class SMR info:
_java_thread_list=0x000002bec81ba450, length=25, elements={
0x000002beaabc0000, 0x000002bec549c000, 0x000002bec54a0000, 0x000002bec5e29800,
0x000002bec5e2a800, 0x000002bec5e2e000, 0x000002bec5e2f800, 0x000002bec5e30800,
0x000002bec54b4800, 0x000002bec5f84800, 0x000002bec7e05000, 0x000002bec7462800,
0x000002bec78fe800, 0x000002bec740e800, 0x000002bec7691800, 0x000002bec74c6000,
0x000002bec63cb000, 0x000002bec7717000, 0x000002bec7fc9800, 0x000002bec8465800,
0x000002bec8464000, 0x000002bec8461800, 0x000002bec8462000, 0x000002bec855e800,
0x000002bec8463000
}

Java Threads: ( => current thread )
  0x000002beaabc0000 JavaThread "main" [_thread_blocked, id=14308, stack(0x000000d506e00000,0x000000d506f00000)]
  0x000002bec549c000 JavaThread "Reference Handler" daemon [_thread_blocked, id=14708, stack(0x000000d507500000,0x000000d507600000)]
  0x000002bec54a0000 JavaThread "Finalizer" daemon [_thread_blocked, id=17936, stack(0x000000d507600000,0x000000d507700000)]
  0x000002bec5e29800 JavaThread "Signal Dispatcher" daemon [_thread_blocked, id=1732, stack(0x000000d507700000,0x000000d507800000)]
  0x000002bec5e2a800 JavaThread "Attach Listener" daemon [_thread_blocked, id=6700, stack(0x000000d507800000,0x000000d507900000)]
  0x000002bec5e2e000 JavaThread "Service Thread" daemon [_thread_blocked, id=800, stack(0x000000d507900000,0x000000d507a00000)]
  0x000002bec5e2f800 JavaThread "C2 CompilerThread0" daemon [_thread_in_native, id=9856, stack(0x000000d507a00000,0x000000d507b00000)]
  0x000002bec5e30800 JavaThread "C1 CompilerThread0" daemon [_thread_blocked, id=17028, stack(0x000000d507b00000,0x000000d507c00000)]
  0x000002bec54b4800 JavaThread "Sweeper thread" daemon [_thread_blocked, id=20724, stack(0x000000d507c00000,0x000000d507d00000)]
  0x000002bec5f84800 JavaThread "Common-Cleaner" daemon [_thread_blocked, id=6432, stack(0x000000d507d00000,0x000000d507e00000)]
  0x000002bec7e05000 JavaThread "Daemon health stats" [_thread_blocked, id=17396, stack(0x000000d508100000,0x000000d508200000)]
  0x000002bec7462800 JavaThread "Incoming local TCP Connector on port 58324" [_thread_in_native, id=9936, stack(0x000000d507f00000,0x000000d508000000)]
  0x000002bec78fe800 JavaThread "Daemon periodic checks" [_thread_blocked, id=12680, stack(0x000000d508200000,0x000000d508300000)]
  0x000002bec740e800 JavaThread "Daemon" [_thread_blocked, id=13432, stack(0x000000d508300000,0x000000d508400000)]
  0x000002bec7691800 JavaThread "Handler for socket connection from /127.0.0.1:58324 to /127.0.0.1:58325" [_thread_in_native, id=7552, stack(0x000000d508400000,0x000000d508500000)]
  0x000002bec74c6000 JavaThread "Cancel handler" [_thread_blocked, id=18288, stack(0x000000d508500000,0x000000d508600000)]
  0x000002bec63cb000 JavaThread "Daemon worker" [_thread_in_vm, id=5420, stack(0x000000d508600000,0x000000d508700000)]
  0x000002bec7717000 JavaThread "Asynchronous log dispatcher for DefaultDaemonConnection: socket connection from /127.0.0.1:58324 to /127.0.0.1:58325" [_thread_blocked, id=20936, stack(0x000000d508700000,0x000000d508800000)]
  0x000002bec7fc9800 JavaThread "Stdin handler" [_thread_blocked, id=6808, stack(0x000000d508800000,0x000000d508900000)]
  0x000002bec8465800 JavaThread "Daemon client event forwarder" [_thread_blocked, id=20688, stack(0x000000d509300000,0x000000d509400000)]
  0x000002bec8464000 JavaThread "Cache worker for journal cache (D:\AndroidStudioProjects\API\caches\journal-1)" [_thread_blocked, id=11124, stack(0x000000d509400000,0x000000d509500000)]
  0x000002bec8461800 JavaThread "File lock request listener" [_thread_in_native, id=10564, stack(0x000000d509500000,0x000000d509600000)]
  0x000002bec8462000 JavaThread "Cache worker for file hash cache (D:\AndroidStudioProjects\API\caches\7.3.3\fileHashes)" [_thread_blocked, id=7504, stack(0x000000d509800000,0x000000d509900000)]
=>0x000002bec855e800 JavaThread "C2 CompilerThread1" daemon [_thread_in_native, id=14192, stack(0x000000d509900000,0x000000d509a00000)]
  0x000002bec8463000 JavaThread "Cache worker for file hash cache (D:\AndroidStudioProjects\CryptoWatch\.gradle\7.3.3\fileHashes)" [_thread_blocked, id=12888, stack(0x000000d509a00000,0x000000d509b00000)]

Other Threads:
  0x000002bec5498000 VMThread "VM Thread" [stack: 0x000000d507400000,0x000000d507500000] [id=11768]
  0x000002bec5f8d800 WatcherThread [stack: 0x000000d507e00000,0x000000d507f00000] [id=14628]
  0x000002beaabd6000 GCTaskThread "GC Thread#0" [stack: 0x000000d506f00000,0x000000d507000000] [id=10872]
  0x000002bec71d7800 GCTaskThread "GC Thread#1" [stack: 0x000000d508000000,0x000000d508100000] [id=21372]
  0x000002bec8060000 GCTaskThread "GC Thread#2" [stack: 0x000000d508900000,0x000000d508a00000] [id=17752]
  0x000002bec7e8a800 GCTaskThread "GC Thread#3" [stack: 0x000000d508a00000,0x000000d508b00000] [id=15780]
  0x000002bec7e4c800 GCTaskThread "GC Thread#4" [stack: 0x000000d508b00000,0x000000d508c00000] [id=20752]
  0x000002bec7e4d800 GCTaskThread "GC Thread#5" [stack: 0x000000d508c00000,0x000000d508d00000] [id=8204]
  0x000002bec7295000 GCTaskThread "GC Thread#6" [stack: 0x000000d508d00000,0x000000d508e00000] [id=4628]
  0x000002bec82e3800 GCTaskThread "GC Thread#7" [stack: 0x000000d508e00000,0x000000d508f00000] [id=17216]
  0x000002bec82df000 GCTaskThread "GC Thread#8" [stack: 0x000000d508f00000,0x000000d509000000] [id=1836]
  0x000002bec82e1800 GCTaskThread "GC Thread#9" [stack: 0x000000d509000000,0x000000d509100000] [id=3492]
  0x000002beaac06800 ConcurrentGCThread "G1 Main Marker" [stack: 0x000000d507000000,0x000000d507100000] [id=6668]
  0x000002beaac08800 ConcurrentGCThread "G1 Conc#0" [stack: 0x000000d507100000,0x000000d507200000] [id=956]
  0x000002bec82e4000 ConcurrentGCThread "G1 Conc#1" [stack: 0x000000d509600000,0x000000d509700000] [id=1020]
  0x000002bec82e0000 ConcurrentGCThread "G1 Conc#2" [stack: 0x000000d509700000,0x000000d509800000] [id=11408]
  0x000002beaac8e800 ConcurrentGCThread "G1 Refine#0" [stack: 0x000000d507200000,0x000000d507300000] [id=6800]
  0x000002bec6432800 ConcurrentGCThread "G1 Refine#1" [stack: 0x000000d509100000,0x000000d509200000] [id=13024]
  0x000002bec7612800 ConcurrentGCThread "G1 Refine#2" [stack: 0x000000d509200000,0x000000d509300000] [id=14876]
  0x000002bec52e7800 ConcurrentGCThread "G1 Young RemSet Sampling" [stack: 0x000000d507300000,0x000000d507400000] [id=16256]

Threads with active compile tasks:
C2 CompilerThread0   2637 2109       4       java.net.URLClassLoader$1::run (5 bytes)
C2 CompilerThread1   2637 2110   !   4       java.net.URLClassLoader$1::run (63 bytes)

VM state:not at safepoint (normal execution)

VM Mutex/Monitor currently owned by a thread: None

Heap address: 0x0000000080000000, size: 2048 MB, Compressed Oops mode: 32-bit
Narrow klass base: 0x0000000000000000, Narrow klass shift: 3
Compressed class space size: 1073741824 Address: 0x0000000100000000

Heap:
 garbage-first heap   total 120832K, used 64172K [0x0000000080000000, 0x0000000100000000)
  region size 1024K, 49 young (50176K), 2 survivors (2048K)
 Metaspace       used 25609K, capacity 26241K, committed 26368K, reserved 1073152K
  class space    used 3294K, capacity 3535K, committed 3584K, reserved 1048576K
Heap Regions: E=young(eden), S=young(survivor), O=old, HS=humongous(starts), HC=humongous(continues), CS=collection set, F=free, A=archive, TAMS=top-at-mark-start (previous, next)
|   0|0x0000000080000000, 0x0000000080100000, 0x0000000080100000|100%| O|  |TAMS 0x0000000080100000, 0x0000000080000000| Untracked 
|   1|0x0000000080100000, 0x0000000080200000, 0x0000000080200000|100%| O|  |TAMS 0x0000000080200000, 0x0000000080100000| Untracked 
|   2|0x0000000080200000, 0x0000000080300000, 0x0000000080300000|100%| O|  |TAMS 0x0000000080300000, 0x0000000080200000| Untracked 
|   3|0x0000000080300000, 0x0000000080400000, 0x0000000080400000|100%|HS|  |TAMS 0x0000000080400000, 0x0000000080300000| Complete 
|   4|0x0000000080400000, 0x0000000080500000, 0x0000000080500000|100%|HC|  |TAMS 0x0000000080500000, 0x0000000080400000| Complete 
|   5|0x0000000080500000, 0x0000000080600000, 0x0000000080600000|100%|HC|  |TAMS 0x0000000080600000, 0x0000000080500000| Complete 
|   6|0x0000000080600000, 0x0000000080700000, 0x0000000080700000|100%| O|  |TAMS 0x0000000080700000, 0x0000000080600000| Untracked 
|   7|0x0000000080700000, 0x0000000080800000, 0x0000000080800000|100%| O|  |TAMS 0x0000000080800000, 0x0000000080700000| Untracked 
|   8|0x0000000080800000, 0x0000000080900000, 0x0000000080900000|100%| O|  |TAMS 0x0000000080900000, 0x0000000080800000| Untracked 
|   9|0x0000000080900000, 0x0000000080a00000, 0x0000000080a00000|100%| O|  |TAMS 0x0000000080a00000, 0x0000000080900000| Untracked 
|  10|0x0000000080a00000, 0x0000000080b00000, 0x0000000080b00000|100%| O|  |TAMS 0x0000000080b00000, 0x0000000080a00000| Untracked 
|  11|0x0000000080b00000, 0x0000000080c00000, 0x0000000080c00000|100%| O|  |TAMS 0x0000000080c00000, 0x0000000080b00000| Untracked 
|  12|0x0000000080c00000, 0x0000000080d00000, 0x0000000080d00000|100%| O|  |TAMS 0x0000000080d00000, 0x0000000080c00000| Untracked 
|  13|0x0000000080d00000, 0x0000000080e00000, 0x0000000080e00000|100%| O|  |TAMS 0x0000000080e00000, 0x0000000080d00000| Untracked 
|  14|0x0000000080e00000, 0x0000000080f00000, 0x0000000080f00000|100%| O|  |TAMS 0x0000000080f00000, 0x0000000080e00000| Untracked 
|  15|0x0000000080f00000, 0x0000000080f4aa00, 0x0000000081000000| 29%| O|  |TAMS 0x0000000080f4aa00, 0x0000000080f00000| Untracked 
|  16|0x0000000081000000, 0x0000000081000000, 0x0000000081100000|  0%| F|  |TAMS 0x0000000081000000, 0x0000000081000000| Untracked 
|  17|0x0000000081100000, 0x0000000081100000, 0x0000000081200000|  0%| F|  |TAMS 0x0000000081100000, 0x0000000081100000| Untracked 
|  18|0x0000000081200000, 0x0000000081200000, 0x0000000081300000|  0%| F|  |TAMS 0x0000000081200000, 0x0000000081200000| Untracked 
|  19|0x0000000081300000, 0x0000000081300000, 0x0000000081400000|  0%| F|  |TAMS 0x0000000081300000, 0x0000000081300000| Untracked 
|  20|0x0000000081400000, 0x0000000081400000, 0x0000000081500000|  0%| F|  |TAMS 0x0000000081400000, 0x0000000081400000| Untracked 
|  21|0x0000000081500000, 0x0000000081500000, 0x0000000081600000|  0%| F|  |TAMS 0x0000000081500000, 0x0000000081500000| Untracked 
|  22|0x0000000081600000, 0x0000000081600000, 0x0000000081700000|  0%| F|  |TAMS 0x0000000081600000, 0x0000000081600000| Untracked 
|  23|0x0000000081700000, 0x0000000081700000, 0x0000000081800000|  0%| F|  |TAMS 0x0000000081700000, 0x0000000081700000| Untracked 
|  24|0x0000000081800000, 0x0000000081800000, 0x0000000081900000|  0%| F|  |TAMS 0x0000000081800000, 0x0000000081800000| Untracked 
|  25|0x0000000081900000, 0x0000000081900000, 0x0000000081a00000|  0%| F|  |TAMS 0x0000000081900000, 0x0000000081900000| Untracked 
|  26|0x0000000081a00000, 0x0000000081a00000, 0x0000000081b00000|  0%| F|  |TAMS 0x0000000081a00000, 0x0000000081a00000| Untracked 
|  27|0x0000000081b00000, 0x0000000081b00000, 0x0000000081c00000|  0%| F|  |TAMS 0x0000000081b00000, 0x0000000081b00000| Untracked 
|  28|0x0000000081c00000, 0x0000000081c00000, 0x0000000081d00000|  0%| F|  |TAMS 0x0000000081c00000, 0x0000000081c00000| Untracked 
|  29|0x0000000081d00000, 0x0000000081d00000, 0x0000000081e00000|  0%| F|  |TAMS 0x0000000081d00000, 0x0000000081d00000| Untracked 
|  30|0x0000000081e00000, 0x0000000081e00000, 0x0000000081f00000|  0%| F|  |TAMS 0x0000000081e00000, 0x0000000081e00000| Untracked 
|  31|0x0000000081f00000, 0x0000000081f00000, 0x0000000082000000|  0%| F|  |TAMS 0x0000000081f00000, 0x0000000081f00000| Untracked 
|  32|0x0000000082000000, 0x0000000082000000, 0x0000000082100000|  0%| F|  |TAMS 0x0000000082000000, 0x0000000082000000| Untracked 
|  33|0x0000000082100000, 0x0000000082100000, 0x0000000082200000|  0%| F|  |TAMS 0x0000000082100000, 0x0000000082100000| Untracked 
|  34|0x0000000082200000, 0x0000000082200000, 0x0000000082300000|  0%| F|  |TAMS 0x0000000082200000, 0x0000000082200000| Untracked 
|  35|0x0000000082300000, 0x0000000082300000, 0x0000000082400000|  0%| F|  |TAMS 0x0000000082300000, 0x0000000082300000| Untracked 
|  36|0x0000000082400000, 0x0000000082400000, 0x0000000082500000|  0%| F|  |TAMS 0x0000000082400000, 0x0000000082400000| Untracked 
|  37|0x0000000082500000, 0x0000000082500000, 0x0000000082600000|  0%| F|  |TAMS 0x0000000082500000, 0x0000000082500000| Untracked 
|  38|0x0000000082600000, 0x0000000082600000, 0x0000000082700000|  0%| F|  |TAMS 0x0000000082600000, 0x0000000082600000| Untracked 
|  39|0x0000000082700000, 0x0000000082700000, 0x0000000082800000|  0%| F|  |TAMS 0x0000000082700000, 0x0000000082700000| Untracked 
|  40|0x0000000082800000, 0x0000000082800000, 0x0000000082900000|  0%| F|  |TAMS 0x0000000082800000, 0x0000000082800000| Untracked 
|  41|0x0000000082900000, 0x0000000082900000, 0x0000000082a00000|  0%| F|  |TAMS 0x0000000082900000, 0x0000000082900000| Untracked 
|  42|0x0000000082a00000, 0x0000000082a00000, 0x0000000082b00000|  0%| F|  |TAMS 0x0000000082a00000, 0x0000000082a00000| Untracked 
|  43|0x0000000082b00000, 0x0000000082b00000, 0x0000000082c00000|  0%| F|  |TAMS 0x0000000082b00000, 0x0000000082b00000| Untracked 
|  44|0x0000000082c00000, 0x0000000082c00000, 0x0000000082d00000|  0%| F|  |TAMS 0x0000000082c00000, 0x0000000082c00000| Untracked 
|  45|0x0000000082d00000, 0x0000000082d00000, 0x0000000082e00000|  0%| F|  |TAMS 0x0000000082d00000, 0x0000000082d00000| Untracked 
|  46|0x0000000082e00000, 0x0000000082e00000, 0x0000000082f00000|  0%| F|  |TAMS 0x0000000082e00000, 0x0000000082e00000| Untracked 
|  47|0x0000000082f00000, 0x0000000082f00000, 0x0000000083000000|  0%| F|  |TAMS 0x0000000082f00000, 0x0000000082f00000| Untracked 
|  48|0x0000000083000000, 0x0000000083000000, 0x0000000083100000|  0%| F|  |TAMS 0x0000000083000000, 0x0000000083000000| Untracked 
|  49|0x0000000083100000, 0x0000000083100000, 0x0000000083200000|  0%| F|  |TAMS 0x0000000083100000, 0x0000000083100000| Untracked 
|  50|0x0000000083200000, 0x0000000083200000, 0x0000000083300000|  0%| F|  |TAMS 0x0000000083200000, 0x0000000083200000| Untracked 
|  51|0x0000000083300000, 0x0000000083300000, 0x0000000083400000|  0%| F|  |TAMS 0x0000000083300000, 0x0000000083300000| Untracked 
|  52|0x0000000083400000, 0x0000000083400000, 0x0000000083500000|  0%| F|  |TAMS 0x0000000083400000, 0x0000000083400000| Untracked 
|  53|0x0000000083500000, 0x0000000083500000, 0x0000000083600000|  0%| F|  |TAMS 0x0000000083500000, 0x0000000083500000| Untracked 
|  54|0x0000000083600000, 0x0000000083600000, 0x0000000083700000|  0%| F|  |TAMS 0x0000000083600000, 0x0000000083600000| Untracked 
|  55|0x0000000083700000, 0x0000000083700000, 0x0000000083800000|  0%| F|  |TAMS 0x0000000083700000, 0x0000000083700000| Untracked 
|  56|0x0000000083800000, 0x0000000083800000, 0x0000000083900000|  0%| F|  |TAMS 0x0000000083800000, 0x0000000083800000| Untracked 
|  57|0x0000000083900000, 0x0000000083900000, 0x0000000083a00000|  0%| F|  |TAMS 0x0000000083900000, 0x0000000083900000| Untracked 
|  58|0x0000000083a00000, 0x0000000083a00000, 0x0000000083b00000|  0%| F|  |TAMS 0x0000000083a00000, 0x0000000083a00000| Untracked 
|  59|0x0000000083b00000, 0x0000000083b00000, 0x0000000083c00000|  0%| F|  |TAMS 0x0000000083b00000, 0x0000000083b00000| Untracked 
|  60|0x0000000083c00000, 0x0000000083c00000, 0x0000000083d00000|  0%| F|  |TAMS 0x0000000083c00000, 0x0000000083c00000| Untracked 
|  61|0x0000000083d00000, 0x0000000083d00000, 0x0000000083e00000|  0%| F|  |TAMS 0x0000000083d00000, 0x0000000083d00000| Untracked 
|  62|0x0000000083e00000, 0x0000000083e00000, 0x0000000083f00000|  0%| F|  |TAMS 0x0000000083e00000, 0x0000000083e00000| Untracked 
|  63|0x0000000083f00000, 0x0000000083f00000, 0x0000000084000000|  0%| F|  |TAMS 0x0000000083f00000, 0x0000000083f00000| Untracked 
|  64|0x0000000084000000, 0x0000000084000000, 0x0000000084100000|  0%| F|  |TAMS 0x0000000084000000, 0x0000000084000000| Untracked 
|  65|0x0000000084100000, 0x0000000084100000, 0x0000000084200000|  0%| F|  |TAMS 0x0000000084100000, 0x0000000084100000| Untracked 
|  66|0x0000000084200000, 0x0000000084200000, 0x0000000084300000|  0%| F|  |TAMS 0x0000000084200000, 0x0000000084200000| Untracked 
|  67|0x0000000084300000, 0x0000000084300000, 0x0000000084400000|  0%| F|  |TAMS 0x0000000084300000, 0x0000000084300000| Untracked 
|  68|0x0000000084400000, 0x0000000084400000, 0x0000000084500000|  0%| F|  |TAMS 0x0000000084400000, 0x0000000084400000| Untracked 
|  69|0x0000000084500000, 0x00000000845dd1e8, 0x0000000084600000| 86%| E|  |TAMS 0x0000000084500000, 0x0000000084500000| Complete 
|  70|0x0000000084600000, 0x0000000084700000, 0x0000000084700000|100%| E|CS|TAMS 0x0000000084600000, 0x0000000084600000| Complete 
|  71|0x0000000084700000, 0x0000000084800000, 0x0000000084800000|100%| E|CS|TAMS 0x0000000084700000, 0x0000000084700000| Complete 
|  72|0x0000000084800000, 0x0000000084900000, 0x0000000084900000|100%| E|CS|TAMS 0x0000000084800000, 0x0000000084800000| Complete 
|  73|0x0000000084900000, 0x0000000084a00000, 0x0000000084a00000|100%| E|CS|TAMS 0x0000000084900000, 0x0000000084900000| Complete 
|  74|0x0000000084a00000, 0x0000000084b00000, 0x0000000084b00000|100%| E|CS|TAMS 0x0000000084a00000, 0x0000000084a00000| Complete 
|  75|0x0000000084b00000, 0x0000000084c00000, 0x0000000084c00000|100%| E|CS|TAMS 0x0000000084b00000, 0x0000000084b00000| Complete 
|  76|0x0000000084c00000, 0x0000000084d00000, 0x0000000084d00000|100%| E|CS|TAMS 0x0000000084c00000, 0x0000000084c00000| Complete 
|  77|0x0000000084d00000, 0x0000000084e00000, 0x0000000084e00000|100%| E|CS|TAMS 0x0000000084d00000, 0x0000000084d00000| Complete 
|  78|0x0000000084e00000, 0x0000000084f00000, 0x0000000084f00000|100%| E|CS|TAMS 0x0000000084e00000, 0x0000000084e00000| Complete 
|  79|0x0000000084f00000, 0x0000000085000000, 0x0000000085000000|100%| E|CS|TAMS 0x0000000084f00000, 0x0000000084f00000| Complete 
|  80|0x0000000085000000, 0x0000000085100000, 0x0000000085100000|100%| E|CS|TAMS 0x0000000085000000, 0x0000000085000000| Complete 
|  81|0x0000000085100000, 0x0000000085200000, 0x0000000085200000|100%| E|CS|TAMS 0x0000000085100000, 0x0000000085100000| Complete 
|  82|0x0000000085200000, 0x0000000085300000, 0x0000000085300000|100%| E|CS|TAMS 0x0000000085200000, 0x0000000085200000| Complete 
|  83|0x0000000085300000, 0x0000000085360640, 0x0000000085400000| 37%| S|CS|TAMS 0x0000000085300000, 0x0000000085300000| Complete 
|  84|0x0000000085400000, 0x0000000085500000, 0x0000000085500000|100%| S|CS|TAMS 0x0000000085400000, 0x0000000085400000| Complete 
|  85|0x0000000085500000, 0x0000000085600000, 0x0000000085600000|100%| E|CS|TAMS 0x0000000085500000, 0x0000000085500000| Complete 
|  86|0x0000000085600000, 0x0000000085700000, 0x0000000085700000|100%| E|CS|TAMS 0x0000000085600000, 0x0000000085600000| Complete 
|  87|0x0000000085700000, 0x0000000085800000, 0x0000000085800000|100%| E|CS|TAMS 0x0000000085700000, 0x0000000085700000| Complete 
|  88|0x0000000085800000, 0x0000000085900000, 0x0000000085900000|100%| E|CS|TAMS 0x0000000085800000, 0x0000000085800000| Complete 
|  89|0x0000000085900000, 0x0000000085a00000, 0x0000000085a00000|100%| E|CS|TAMS 0x0000000085900000, 0x0000000085900000| Complete 
|  90|0x0000000085a00000, 0x0000000085b00000, 0x0000000085b00000|100%| E|CS|TAMS 0x0000000085a00000, 0x0000000085a00000| Complete 
|  91|0x0000000085b00000, 0x0000000085c00000, 0x0000000085c00000|100%| E|CS|TAMS 0x0000000085b00000, 0x0000000085b00000| Complete 
|  92|0x0000000085c00000, 0x0000000085d00000, 0x0000000085d00000|100%| E|CS|TAMS 0x0000000085c00000, 0x0000000085c00000| Complete 
|  93|0x0000000085d00000, 0x0000000085e00000, 0x0000000085e00000|100%| E|CS|TAMS 0x0000000085d00000, 0x0000000085d00000| Complete 
|  94|0x0000000085e00000, 0x0000000085f00000, 0x0000000085f00000|100%| E|CS|TAMS 0x0000000085e00000, 0x0000000085e00000| Complete 
|  95|0x0000000085f00000, 0x0000000086000000, 0x0000000086000000|100%| E|CS|TAMS 0x0000000085f00000, 0x0000000085f00000| Complete 
|  96|0x0000000086000000, 0x0000000086100000, 0x0000000086100000|100%| E|CS|TAMS 0x0000000086000000, 0x0000000086000000| Complete 
|  97|0x0000000086100000, 0x0000000086200000, 0x0000000086200000|100%| E|CS|TAMS 0x0000000086100000, 0x0000000086100000| Complete 
|  98|0x0000000086200000, 0x0000000086300000, 0x0000000086300000|100%| E|CS|TAMS 0x0000000086200000, 0x0000000086200000| Complete 
|  99|0x0000000086300000, 0x0000000086400000, 0x0000000086400000|100%| E|CS|TAMS 0x0000000086300000, 0x0000000086300000| Complete 
| 100|0x0000000086400000, 0x0000000086500000, 0x0000000086500000|100%| E|CS|TAMS 0x0000000086400000, 0x0000000086400000| Complete 
| 101|0x0000000086500000, 0x0000000086600000, 0x0000000086600000|100%| E|CS|TAMS 0x0000000086500000, 0x0000000086500000| Complete 
| 102|0x0000000086600000, 0x0000000086700000, 0x0000000086700000|100%| E|CS|TAMS 0x0000000086600000, 0x0000000086600000| Complete 
| 103|0x0000000086700000, 0x0000000086800000, 0x0000000086800000|100%| E|CS|TAMS 0x0000000086700000, 0x0000000086700000| Complete 
| 104|0x0000000086800000, 0x0000000086900000, 0x0000000086900000|100%| E|CS|TAMS 0x0000000086800000, 0x0000000086800000| Complete 
| 105|0x0000000086900000, 0x0000000086a00000, 0x0000000086a00000|100%| E|CS|TAMS 0x0000000086900000, 0x0000000086900000| Complete 
| 106|0x0000000086a00000, 0x0000000086b00000, 0x0000000086b00000|100%| E|CS|TAMS 0x0000000086a00000, 0x0000000086a00000| Complete 
| 107|0x0000000086b00000, 0x0000000086c00000, 0x0000000086c00000|100%| E|CS|TAMS 0x0000000086b00000, 0x0000000086b00000| Complete 
| 108|0x0000000086c00000, 0x0000000086d00000, 0x0000000086d00000|100%| E|CS|TAMS 0x0000000086c00000, 0x0000000086c00000| Complete 
| 109|0x0000000086d00000, 0x0000000086e00000, 0x0000000086e00000|100%| E|CS|TAMS 0x0000000086d00000, 0x0000000086d00000| Complete 
| 110|0x0000000086e00000, 0x0000000086f00000, 0x0000000086f00000|100%| E|CS|TAMS 0x0000000086e00000, 0x0000000086e00000| Complete 
| 111|0x0000000086f00000, 0x0000000087000000, 0x0000000087000000|100%| E|CS|TAMS 0x0000000086f00000, 0x0000000086f00000| Complete 
| 112|0x0000000087000000, 0x0000000087100000, 0x0000000087100000|100%| E|CS|TAMS 0x0000000087000000, 0x0000000087000000| Complete 
| 113|0x0000000087100000, 0x0000000087200000, 0x0000000087200000|100%| E|CS|TAMS 0x0000000087100000, 0x0000000087100000| Complete 
| 114|0x0000000087200000, 0x0000000087300000, 0x0000000087300000|100%| E|CS|TAMS 0x0000000087200000, 0x0000000087200000| Complete 
| 115|0x0000000087300000, 0x0000000087400000, 0x0000000087400000|100%| E|CS|TAMS 0x0000000087300000, 0x0000000087300000| Complete 
| 116|0x0000000087400000, 0x0000000087500000, 0x0000000087500000|100%| E|CS|TAMS 0x0000000087400000, 0x0000000087400000| Complete 
| 117|0x0000000087500000, 0x0000000087600000, 0x0000000087600000|100%| E|CS|TAMS 0x0000000087500000, 0x0000000087500000| Complete 

Card table byte_map: [0x000002bebe020000,0x000002bebe420000] _byte_map_base: 0x000002bebdc20000

Marking Bits (Prev, Next): (CMBitMap*) 0x000002beaabfd9d0, (CMBitMap*) 0x000002beaabfd998
 Prev Bits: [0x000002bec0820000, 0x000002bec2820000)
 Next Bits: [0x000002bebe820000, 0x000002bec0820000)

Polling page: 0x000002bea8bd0000

Metaspace:

Usage:
  Non-class:     22.17 MB capacity,    21.82 MB ( 98%) used,   319.71 KB (  1%) free+waste,    46.63 KB ( <1%) overhead. 
      Class:      3.45 MB capacity,     3.22 MB ( 93%) used,   212.00 KB (  6%) free+waste,    23.19 KB ( <1%) overhead. 
       Both:     25.63 MB capacity,    25.04 MB ( 98%) used,   531.71 KB (  2%) free+waste,    69.81 KB ( <1%) overhead. 

Virtual space:
  Non-class space:       24.00 MB reserved,      22.25 MB ( 93%) committed 
      Class space:        1.00 GB reserved,       3.50 MB ( <1%) committed 
             Both:        1.02 GB reserved,      25.75 MB (  2%) committed 

Chunk freelists:
   Non-Class:  14.00 KB
       Class:  17.00 KB
        Both:  31.00 KB

MaxMetaspaceSize: 17179869184.00 GB
CompressedClassSpaceSize: 1.00 GB
Initial GC threshold: 20.80 MB
Current GC threshold: 35.00 MB
CDS: off

CodeHeap 'non-profiled nmethods': size=120000Kb used=1028Kb max_used=1028Kb free=118971Kb
 bounds [0x000002beb6190000, 0x000002beb6400000, 0x000002bebd6c0000]
CodeHeap 'profiled nmethods': size=120000Kb used=4560Kb max_used=4560Kb free=115439Kb
 bounds [0x000002beaec60000, 0x000002beaf0e0000, 0x000002beb6190000]
CodeHeap 'non-nmethods': size=5760Kb used=1225Kb max_used=1254Kb free=4534Kb
 bounds [0x000002beae6c0000, 0x000002beae930000, 0x000002beaec60000]
 total_blobs=2681 nmethods=2181 adapters=412
 compilation: enabled
              stopped_count=0, restarted_count=0
 full_count=0

Compilation events (20 events):
Event: 2.617 Thread 0x000002bec5e30800 nmethod 2169 0x000002beaf0cc590 code [0x000002beaf0cc760, 0x000002beaf0cca38]
Event: 2.617 Thread 0x000002bec5e30800 2171       3       com.google.common.base.Splitter::splittingIterator (12 bytes)
Event: 2.617 Thread 0x000002bec5e30800 nmethod 2171 0x000002beaf0ccb10 code [0x000002beaf0ccce0, 0x000002beaf0cd048]
Event: 2.617 Thread 0x000002bec5e30800 2172       3       com.google.common.base.Splitter$1::iterator (7 bytes)
Event: 2.617 Thread 0x000002bec5e30800 nmethod 2172 0x000002beaf0cd210 code [0x000002beaf0cd3e0, 0x000002beaf0cd6a8]
Event: 2.617 Thread 0x000002bec5e30800 2173       3       com.google.common.base.Splitter$1::iterator (11 bytes)
Event: 2.618 Thread 0x000002bec5e30800 nmethod 2173 0x000002beaf0cd810 code [0x000002beaf0cd9e0, 0x000002beaf0cdc48]
Event: 2.618 Thread 0x000002bec5e30800 2174       3       com.google.common.base.Splitter$1$1::<init> (12 bytes)
Event: 2.618 Thread 0x000002bec5e30800 nmethod 2174 0x000002beaf0cdd90 code [0x000002beaf0cdf40, 0x000002beaf0ce0c8]
Event: 2.618 Thread 0x000002bec5e30800 2175       3       com.google.common.base.Splitter$SplittingIterator::<init> (39 bytes)
Event: 2.618 Thread 0x000002bec5e30800 nmethod 2175 0x000002beaf0ce190 code [0x000002beaf0ce360, 0x000002beaf0ce698]
Event: 2.618 Thread 0x000002bec5e30800 2176       3       com.google.common.base.AbstractIterator::<init> (12 bytes)
Event: 2.618 Thread 0x000002bec5e30800 nmethod 2176 0x000002beaf0ce790 code [0x000002beaf0ce940, 0x000002beaf0ceaf8]
Event: 2.618 Thread 0x000002bec5e30800 2178       1       com.google.common.collect.ImmutableMapEntry::getNextInKeyBucket (2 bytes)
Event: 2.618 Thread 0x000002bec5e30800 nmethod 2178 0x000002beb6290890 code [0x000002beb6290a40, 0x000002beb6290af8]
Event: 2.618 Thread 0x000002bec5e30800 2183       1       com.google.common.collect.ImmutableMapEntry$NonTerminalImmutableMapEntry::getNextInKeyBucket (5 bytes)
Event: 2.618 Thread 0x000002bec5e30800 nmethod 2183 0x000002beb6290b90 code [0x000002beb6290d40, 0x000002beb6290df8]
Event: 2.622 Thread 0x000002bec5e30800 2184   !   3       org.gradle.internal.event.DefaultListenerManager$EventBroadcast::maybeAdd (103 bytes)
Event: 2.622 Thread 0x000002bec5e30800 nmethod 2184 0x000002beaf0ceb90 code [0x000002beaf0cee20, 0x000002beaf0cf888]
Event: 2.622 Thread 0x000002bec5e30800 2186       3       java.lang.reflect.ProxyGenerator::code_ipush (90 bytes)

GC Heap History (6 events):
Event: 0.580 GC heap before
{Heap before GC invocations=0 (full 0):
 garbage-first heap   total 120832K, used 29696K [0x0000000080000000, 0x0000000100000000)
  region size 1024K, 24 young (24576K), 0 survivors (0K)
 Metaspace       used 10198K, capacity 10489K, committed 10624K, reserved 1058816K
  class space    used 1069K, capacity 1139K, committed 1152K, reserved 1048576K
}
Event: 0.588 GC heap after
{Heap after GC invocations=1 (full 0):
 garbage-first heap   total 120832K, used 9275K [0x0000000080000000, 0x0000000100000000)
  region size 1024K, 3 young (3072K), 3 survivors (3072K)
 Metaspace       used 10198K, capacity 10489K, committed 10624K, reserved 1058816K
  class space    used 1069K, capacity 1139K, committed 1152K, reserved 1048576K
}
Event: 1.879 GC heap before
{Heap before GC invocations=1 (full 0):
 garbage-first heap   total 120832K, used 77883K [0x0000000080000000, 0x0000000100000000)
  region size 1024K, 70 young (71680K), 3 survivors (3072K)
 Metaspace       used 17347K, capacity 17763K, committed 17792K, reserved 1064960K
  class space    used 2008K, capacity 2150K, committed 2176K, reserved 1048576K
}
Event: 1.885 GC heap after
{Heap after GC invocations=2 (full 0):
 garbage-first heap   total 120832K, used 16187K [0x0000000080000000, 0x0000000100000000)
  region size 1024K, 9 young (9216K), 9 survivors (9216K)
 Metaspace       used 17347K, capacity 17763K, committed 17792K, reserved 1064960K
  class space    used 2008K, capacity 2150K, committed 2176K, reserved 1048576K
}
Event: 2.152 GC heap before
{Heap before GC invocations=2 (full 0):
 garbage-first heap   total 120832K, used 48955K [0x0000000080000000, 0x0000000100000000)
  region size 1024K, 42 young (43008K), 9 survivors (9216K)
 Metaspace       used 20629K, capacity 21152K, committed 21248K, reserved 1067008K
  class space    used 2540K, capacity 2728K, committed 2816K, reserved 1048576K
}
Event: 2.159 GC heap after
{Heap after GC invocations=3 (full 0):
 garbage-first heap   total 120832K, used 17068K [0x0000000080000000, 0x0000000100000000)
  region size 1024K, 2 young (2048K), 2 survivors (2048K)
 Metaspace       used 20629K, capacity 21152K, committed 21248K, reserved 1067008K
  class space    used 2540K, capacity 2728K, committed 2816K, reserved 1048576K
}

Deoptimization events (20 events):
Event: 2.187 Thread 0x000002bec63cb000 DEOPT PACKING pc=0x000002beb62015f4 sp=0x000000d5086fac10
Event: 2.187 Thread 0x000002bec63cb000 DEOPT UNPACKING pc=0x000002beae70a1af sp=0x000000d5086faba8 mode 2
Event: 2.274 Thread 0x000002bec63cb000 Uncommon trap: trap_request=0xffffff4d fr.pc=0x000002beb625b698 relative=0x0000000000000398
Event: 2.274 Thread 0x000002bec63cb000 Uncommon trap: reason=unstable_if action=reinterpret pc=0x000002beb625b698 method=jdk.internal.org.objectweb.asm.Type.getArgumentsAndReturnSizes(Ljava/lang/String;)I @ 88 c2
Event: 2.274 Thread 0x000002bec63cb000 DEOPT PACKING pc=0x000002beb625b698 sp=0x000000d5086f9b50
Event: 2.274 Thread 0x000002bec63cb000 DEOPT UNPACKING pc=0x000002beae70a1af sp=0x000000d5086f9ad8 mode 2
Event: 2.279 Thread 0x000002bec63cb000 Uncommon trap: trap_request=0xffffffcc fr.pc=0x000002beb626f2e8 relative=0x0000000000000328
Event: 2.279 Thread 0x000002bec63cb000 Uncommon trap: reason=intrinsic_or_type_checked_inlining action=make_not_entrant pc=0x000002beb626f2e8 method=java.util.Arrays.copyOf([Ljava/lang/Object;ILjava/lang/Class;)[Ljava/lang/Object; @ 35 c2
Event: 2.279 Thread 0x000002bec63cb000 DEOPT PACKING pc=0x000002beb626f2e8 sp=0x000000d5086fbc40
Event: 2.279 Thread 0x000002bec63cb000 DEOPT UNPACKING pc=0x000002beae70a1af sp=0x000000d5086fbbd0 mode 2
Event: 2.412 Thread 0x000002bec63cb000 DEOPT PACKING pc=0x000002beaf05ddd5 sp=0x000000d5086f9b40
Event: 2.413 Thread 0x000002bec63cb000 DEOPT UNPACKING pc=0x000002beae70a95e sp=0x000000d5086f9060 mode 0
Event: 2.420 Thread 0x000002bec63cb000 Uncommon trap: trap_request=0xffffff4d fr.pc=0x000002beb623a434 relative=0x0000000000000274
Event: 2.420 Thread 0x000002bec63cb000 Uncommon trap: reason=unstable_if action=reinterpret pc=0x000002beb623a434 method=java.util.concurrent.ConcurrentHashMap.get(Ljava/lang/Object;)Ljava/lang/Object; @ 152 c2
Event: 2.420 Thread 0x000002bec63cb000 DEOPT PACKING pc=0x000002beb623a434 sp=0x000000d5086f9b90
Event: 2.420 Thread 0x000002bec63cb000 DEOPT UNPACKING pc=0x000002beae70a1af sp=0x000000d5086f9af8 mode 2
Event: 2.427 Thread 0x000002bec63cb000 DEOPT PACKING pc=0x000002beaf05ddd5 sp=0x000000d5086facf0
Event: 2.427 Thread 0x000002bec63cb000 DEOPT UNPACKING pc=0x000002beae70a95e sp=0x000000d5086fa210 mode 0
Event: 2.432 Thread 0x000002bec63cb000 DEOPT PACKING pc=0x000002beaf05ddd5 sp=0x000000d5086f9fd0
Event: 2.432 Thread 0x000002bec63cb000 DEOPT UNPACKING pc=0x000002beae70a95e sp=0x000000d5086f94f0 mode 0

Classes redefined (0 events):
No events

Internal exceptions (20 events):
Event: 1.760 Thread 0x000002beaabc0000 Exception <a 'java/io/IOException'{0x00000000835f4238}> (0x00000000835f4238) thrown at [./src/hotspot/share/prims/jni.cpp, line 615]
Event: 1.835 Thread 0x000002bec7691800 Exception <a 'java/lang/NoSuchMethodError'{0x00000000832edb60}: <clinit>> (0x00000000832edb60) thrown at [./src/hotspot/share/prims/jni.cpp, line 1365]
Event: 1.837 Thread 0x000002bec7691800 Exception <a 'java/lang/NoSuchMethodError'{0x0000000083106050}: <clinit>> (0x0000000083106050) thrown at [./src/hotspot/share/prims/jni.cpp, line 1365]
Event: 1.838 Thread 0x000002bec7691800 Exception <a 'java/lang/NoSuchMethodError'{0x000000008310fa18}: <clinit>> (0x000000008310fa18) thrown at [./src/hotspot/share/prims/jni.cpp, line 1365]
Event: 1.840 Thread 0x000002bec7691800 Exception <a 'java/lang/NoSuchMethodError'{0x0000000083124de0}: <clinit>> (0x0000000083124de0) thrown at [./src/hotspot/share/prims/jni.cpp, line 1365]
Event: 1.917 Thread 0x000002bec63cb000 Exception <a 'java/lang/NoSuchMethodError'{0x00000000874941c8}: 'long java.lang.invoke.DirectMethodHandle$Holder.invokeInterface(java.lang.Object, java.lang.Object)'> (0x00000000874941c8) thrown at [./src/hotspot/share/interpreter/linkResolver.cpp, line 773]
Event: 1.918 Thread 0x000002bec63cb000 Exception <a 'java/lang/NoSuchMethodError'{0x00000000874a1268}: 'void java.lang.invoke.DelegatingMethodHandle$Holder.reinvoke_L(java.lang.Object, java.lang.Object, java.lang.Object, java.lang.Object, java.lang.Object, java.lang.Object, java.lang.Object)'> (0x00000000874a1268) thrown at [./src/hotspot/share/interpreter/linkResolver.cpp, line 773]
Event: 2.110 Thread 0x000002bec63cb000 Exception <a 'java/lang/NoSuchMethodError'{0x000000008583c720}: 'void java.lang.invoke.DirectMethodHandle$Holder.invokeStaticInit(java.lang.Object)'> (0x000000008583c720) thrown at [./src/hotspot/share/interpreter/linkResolver.cpp, line 773]
Event: 2.119 Thread 0x000002bec63cb000 Exception <a 'java/lang/NoSuchMethodError'{0x0000000085705910}: 'java.lang.Object java.lang.invoke.DirectMethodHandle$Holder.invokeStatic(java.lang.Object, java.lang.Object, java.lang.Object, int)'> (0x0000000085705910) thrown at [./src/hotspot/share/interpreter/linkResolver.cpp, line 773]
Event: 2.119 Thread 0x000002bec63cb000 Exception <a 'java/lang/NoSuchMethodError'{0x000000008570a028}: 'java.lang.Object java.lang.invoke.DirectMethodHandle$Holder.invokeSpecial(java.lang.Object, java.lang.Object, java.lang.Object, java.lang.Object, int)'> (0x000000008570a028) thrown at [./src/hotspot/share/interpreter/linkResolver.cpp, line 773]
Event: 2.119 Thread 0x000002bec63cb000 Exception <a 'java/lang/NoSuchMethodError'{0x000000008570df60}: 'java.lang.Object java.lang.invoke.Invokers$Holder.linkToTargetMethod(java.lang.Object, java.lang.Object, int, java.lang.Object)'> (0x000000008570df60) thrown at [./src/hotspot/share/interpreter/linkResolver.cpp, line 773]
Event: 2.228 Thread 0x000002bec63cb000 Exception <a 'java/lang/NoSuchMethodError'{0x0000000087128688}: 'int java.lang.invoke.DirectMethodHandle$Holder.invokeSpecialIFC(java.lang.Object, java.lang.Object, java.lang.Object, java.lang.Object)'> (0x0000000087128688) thrown at [./src/hotspot/share/interpreter/linkResolver.cpp, line 773]
Event: 2.230 Thread 0x000002bec63cb000 Exception <a 'java/lang/NoSuchMethodError'{0x0000000087136640}: 'java.lang.Object java.lang.invoke.DirectMethodHandle$Holder.invokeInterface(java.lang.Object, java.lang.Object, java.lang.Object)'> (0x0000000087136640) thrown at [./src/hotspot/share/interpreter/linkResolver.cpp, line 773]
Event: 2.231 Thread 0x000002bec63cb000 Exception <a 'java/lang/IncompatibleClassChangeError'{0x0000000087139b18}: Found class java.lang.Object, but interface was expected> (0x0000000087139b18) thrown at [./src/hotspot/share/interpreter/linkResolver.cpp, line 839]
Event: 2.326 Thread 0x000002bec63cb000 Exception <a 'java/lang/NoSuchMethodError'{0x00000000866b7dc0}: 'java.lang.Object java.lang.invoke.DirectMethodHandle$Holder.invokeSpecial(java.lang.Object, java.lang.Object, java.lang.Object, java.lang.Object, java.lang.Object, java.lang.Object, java.lang.Object, java.lang.Object, java.lang.Object)'> (0x00000000866b7dc0) thrown at [./src/hotspot/share/interpreter/linkResolver.cpp, line 773]
Event: 2.376 Thread 0x000002bec63cb000 Exception <a 'java/lang/NoSuchMethodError'{0x0000000085c54c98}: 'java.lang.Object java.lang.invoke.DirectMethodHandle$Holder.invokeVirtual(java.lang.Object, java.lang.Object, java.lang.Object, java.lang.Object)'> (0x0000000085c54c98) thrown at [./src/hotspot/share/interpreter/linkResolver.cpp, line 773]
Event: 2.446 Thread 0x000002bec63cb000 Exception <a 'java/lang/NoSuchMethodError'{0x000000008551b240}: 'void java.lang.invoke.DirectMethodHandle$Holder.invokeSpecial(java.lang.Object, java.lang.Object, java.lang.Object, java.lang.Object, java.lang.Object, java.lang.Object)'> (0x000000008551b240) thrown at [./src/hotspot/share/interpreter/linkResolver.cpp, line 773]
Event: 2.455 Thread 0x000002bec63cb000 Exception <a 'java/lang/NoSuchMethodError'{0x0000000085589c60}: 'void java.lang.invoke.DirectMethodHandle$Holder.invokeSpecial(java.lang.Object, java.lang.Object, java.lang.Object, java.lang.Object, java.lang.Object, java.lang.Object, java.lang.Object)'> (0x0000000085589c60) thrown at [./src/hotspot/share/interpreter/linkResolver.cpp, line 773]
Event: 2.456 Thread 0x000002bec63cb000 Exception <a 'java/lang/NoSuchMethodError'{0x0000000085592150}: 'java.lang.Object java.lang.invoke.Invokers$Holder.linkToTargetMethod(java.lang.Object, java.lang.Object, java.lang.Object, java.lang.Object, java.lang.Object, java.lang.Object)'> (0x0000000085592150) thrown at [./src/hotspot/share/interpreter/linkResolver.cpp, line 773]
Event: 2.569 Thread 0x000002bec63cb000 Exception <a 'java/lang/NoSuchMethodError'{0x0000000084900538}: 'int java.lang.invoke.DirectMethodHandle$Holder.invokeStaticInit(java.lang.Object, java.lang.Object, java.lang.Object)'> (0x0000000084900538) thrown at [./src/hotspot/share/interpreter/linkResolver.cpp, line 773]

Events (20 events):
Event: 2.617 loading class groovy/lang/GroovyResourceLoader
Event: 2.617 loading class groovy/lang/GroovyResourceLoader done
Event: 2.617 loading class groovy/lang/GroovyClassLoader
Event: 2.617 loading class groovy/lang/GroovyClassLoader done
Event: 2.619 loading class org/gradle/groovy/scripts/internal/DefaultScriptCompilationHandler$1
Event: 2.619 loading class org/gradle/groovy/scripts/internal/DefaultScriptCompilationHandler$1 done
Event: 2.620 loading class org/gradle/groovy/scripts/ScriptCompilationException
Event: 2.620 loading class org/gradle/groovy/scripts/ScriptCompilationException done
Event: 2.620 loading class org/gradle/api/GradleScriptException
Event: 2.620 loading class org/gradle/api/GradleScriptException done
Event: 2.620 loading class org/gradle/groovy/scripts/internal/DefaultScriptCompilationHandler$NoOpGroovyResourceLoader
Event: 2.620 loading class org/gradle/groovy/scripts/internal/DefaultScriptCompilationHandler$NoOpGroovyResourceLoader done
Event: 2.621 loading class org/gradle/groovy/scripts/internal/BuildOperationBackedScriptCompilationHandler
Event: 2.621 loading class org/gradle/groovy/scripts/internal/BuildOperationBackedScriptCompilationHandler done
Event: 2.621 loading class org/gradle/internal/scripts/CompileScriptBuildOperationType$Result
Event: 2.621 loading class org/gradle/internal/scripts/CompileScriptBuildOperationType$Result done
Event: 2.621 loading class org/gradle/groovy/scripts/internal/BuildOperationBackedScriptCompilationHandler$1
Event: 2.621 loading class org/gradle/groovy/scripts/internal/BuildOperationBackedScriptCompilationHandler$1 done
Event: 2.622 loading class org/gradle/groovy/scripts/internal/DefaultScriptRunnerFactory
Event: 2.622 loading class org/gradle/groovy/scripts/internal/DefaultScriptRunnerFactory done


Dynamic libraries:
0x00007ff63c6e0000 - 0x00007ff63c6ea000 	D:\Android Studio\jre\bin\java.exe
0x00007ffb91110000 - 0x00007ffb91324000 	C:\WINDOWS\SYSTEM32\ntdll.dll
0x00007ffb8f460000 - 0x00007ffb8f522000 	C:\WINDOWS\System32\KERNEL32.DLL
0x00007ffb8e830000 - 0x00007ffb8ebd3000 	C:\WINDOWS\System32\KERNELBASE.dll
0x00007ffb8e530000 - 0x00007ffb8e641000 	C:\WINDOWS\System32\ucrtbase.dll
0x00007ffb83380000 - 0x00007ffb83399000 	D:\Android Studio\jre\bin\jli.dll
0x00007ffb80b20000 - 0x00007ffb80b37000 	D:\Android Studio\jre\bin\VCRUNTIME140.dll
0x00007ffb8f140000 - 0x00007ffb8f2eb000 	C:\WINDOWS\System32\USER32.dll
0x00007ffb8e650000 - 0x00007ffb8e676000 	C:\WINDOWS\System32\win32u.dll
0x00007ffb67210000 - 0x00007ffb6749e000 	C:\WINDOWS\WinSxS\amd64_microsoft.windows.common-controls_6595b64144ccf1df_6.0.22621.1635_none_270f70857386168e\COMCTL32.dll
0x00007ffb8f430000 - 0x00007ffb8f459000 	C:\WINDOWS\System32\GDI32.dll
0x00007ffb8ebe0000 - 0x00007ffb8ecf8000 	C:\WINDOWS\System32\gdi32full.dll
0x00007ffb8f940000 - 0x00007ffb8f9e7000 	C:\WINDOWS\System32\msvcrt.dll
0x00007ffb8ee70000 - 0x00007ffb8ef0a000 	C:\WINDOWS\System32\msvcp_win.dll
0x00007ffb8f100000 - 0x00007ffb8f131000 	C:\WINDOWS\System32\IMM32.DLL
0x00007ffb80820000 - 0x00007ffb808bd000 	D:\Android Studio\jre\bin\msvcp140.dll
0x00007ffb374c0000 - 0x00007ffb37fa5000 	D:\Android Studio\jre\bin\server\jvm.dll
0x00007ffb90550000 - 0x00007ffb905fe000 	C:\WINDOWS\System32\ADVAPI32.dll
0x00007ffb90a10000 - 0x00007ffb90ab4000 	C:\WINDOWS\System32\sechost.dll
0x00007ffb8f2f0000 - 0x00007ffb8f407000 	C:\WINDOWS\System32\RPCRT4.dll
0x00007ffb907c0000 - 0x00007ffb907c8000 	C:\WINDOWS\System32\PSAPI.DLL
0x00007ffb68630000 - 0x00007ffb68639000 	C:\WINDOWS\SYSTEM32\WSOCK32.dll
0x00007ffb8bf70000 - 0x00007ffb8bf7a000 	C:\WINDOWS\SYSTEM32\VERSION.dll
0x00007ffb90ff0000 - 0x00007ffb91061000 	C:\WINDOWS\System32\WS2_32.dll
0x00007ffb8abf0000 - 0x00007ffb8ac24000 	C:\WINDOWS\SYSTEM32\WINMM.dll
0x00007ffb8d580000 - 0x00007ffb8d598000 	C:\WINDOWS\SYSTEM32\kernel.appcore.dll
0x00007ffb895e0000 - 0x00007ffb895f1000 	D:\Android Studio\jre\bin\verify.dll
0x00007ffb89950000 - 0x00007ffb89b7e000 	C:\WINDOWS\SYSTEM32\DBGHELP.DLL
0x00007ffb8f530000 - 0x00007ffb8f8b9000 	C:\WINDOWS\System32\combase.dll
0x00007ffb90930000 - 0x00007ffb90a07000 	C:\WINDOWS\System32\OLEAUT32.dll
0x00007ffb78240000 - 0x00007ffb78272000 	C:\WINDOWS\SYSTEM32\dbgcore.DLL
0x00007ffb8e6f0000 - 0x00007ffb8e76b000 	C:\WINDOWS\System32\bcryptPrimitives.dll
0x00007ffb74370000 - 0x00007ffb74399000 	D:\Android Studio\jre\bin\java.dll
0x00007ffb894f0000 - 0x00007ffb894fb000 	D:\Android Studio\jre\bin\jimage.dll
0x00007ffb878c0000 - 0x00007ffb878d8000 	D:\Android Studio\jre\bin\zip.dll
0x00007ffb8fd50000 - 0x00007ffb9054a000 	C:\WINDOWS\System32\SHELL32.dll
0x00007ffb8c530000 - 0x00007ffb8cdfe000 	C:\WINDOWS\SYSTEM32\windows.storage.dll
0x00007ffb8c3f0000 - 0x00007ffb8c52e000 	C:\WINDOWS\SYSTEM32\wintypes.dll
0x00007ffb90830000 - 0x00007ffb90921000 	C:\WINDOWS\System32\SHCORE.dll
0x00007ffb91070000 - 0x00007ffb910ce000 	C:\WINDOWS\System32\shlwapi.dll
0x00007ffb8e460000 - 0x00007ffb8e481000 	C:\WINDOWS\SYSTEM32\profapi.dll
0x00007ffb74350000 - 0x00007ffb7436a000 	D:\Android Studio\jre\bin\net.dll
0x00007ffb881f0000 - 0x00007ffb88327000 	C:\WINDOWS\SYSTEM32\WINHTTP.dll
0x00007ffb8d9f0000 - 0x00007ffb8da59000 	C:\WINDOWS\system32\mswsock.dll
0x00007ffb6c4d0000 - 0x00007ffb6c4e4000 	D:\Android Studio\jre\bin\nio.dll
0x00007ffb80b70000 - 0x00007ffb80b97000 	D:\AndroidStudioProjects\API\native\e1d6ef7f7dcc3fd88c89a11ec53ec762bb8ba0a96d01ffa2cd45eb1d1d8dd5c5\windows-amd64\native-platform.dll
0x00007ffb74040000 - 0x00007ffb74184000 	D:\AndroidStudioProjects\API\native\5664cfc778a61ccfe75a443a1ab52a65af34e5dc3c78e0209fed803814484fcb\windows-amd64\native-platform-file-events.dll
0x00007ffb889a0000 - 0x00007ffb889aa000 	D:\Android Studio\jre\bin\management.dll
0x00007ffb87e00000 - 0x00007ffb87e0d000 	D:\Android Studio\jre\bin\management_ext.dll
0x00007ffb8dc50000 - 0x00007ffb8dc6b000 	C:\WINDOWS\SYSTEM32\CRYPTSP.dll
0x00007ffb8d4f0000 - 0x00007ffb8d525000 	C:\WINDOWS\system32\rsaenh.dll
0x00007ffb8daf0000 - 0x00007ffb8db18000 	C:\WINDOWS\SYSTEM32\USERENV.dll
0x00007ffb8de60000 - 0x00007ffb8de88000 	C:\WINDOWS\SYSTEM32\bcrypt.dll
0x00007ffb8dc70000 - 0x00007ffb8dc7c000 	C:\WINDOWS\SYSTEM32\CRYPTBASE.dll
0x00007ffb8d050000 - 0x00007ffb8d07d000 	C:\WINDOWS\SYSTEM32\IPHLPAPI.DLL
0x00007ffb8fbb0000 - 0x00007ffb8fbb9000 	C:\WINDOWS\System32\NSI.dll
0x00007ffb87c60000 - 0x00007ffb87c79000 	C:\WINDOWS\SYSTEM32\dhcpcsvc6.DLL
0x00007ffb876a0000 - 0x00007ffb876bf000 	C:\WINDOWS\SYSTEM32\dhcpcsvc.DLL
0x00007ffb8d080000 - 0x00007ffb8d173000 	C:\WINDOWS\SYSTEM32\DNSAPI.dll

dbghelp: loaded successfully - version: 4.0.5 - missing functions: none
symbol engine: initialized successfully - sym options: 0x614 - pdb path: .;D:\Android Studio\jre\bin;C:\WINDOWS\SYSTEM32;C:\WINDOWS\WinSxS\amd64_microsoft.windows.common-controls_6595b64144ccf1df_6.0.22621.1635_none_270f70857386168e;D:\Android Studio\jre\bin\server;D:\AndroidStudioProjects\API\native\e1d6ef7f7dcc3fd88c89a11ec53ec762bb8ba0a96d01ffa2cd45eb1d1d8dd5c5\windows-amd64;D:\AndroidStudioProjects\API\native\5664cfc778a61ccfe75a443a1ab52a65af34e5dc3c78e0209fed803814484fcb\windows-amd64

VM Arguments:
jvm_args: --add-opens=java.base/java.util=ALL-UNNAMED --add-opens=java.base/java.lang=ALL-UNNAMED --add-opens=java.base/java.lang.invoke=ALL-UNNAMED --add-opens=java.base/java.util=ALL-UNNAMED --add-opens=java.prefs/java.util.prefs=ALL-UNNAMED --add-opens=java.prefs/java.util.prefs=ALL-UNNAMED --add-opens=java.base/java.nio.charset=ALL-UNNAMED --add-opens=java.base/java.net=ALL-UNNAMED --add-opens=java.base/java.util.concurrent.atomic=ALL-UNNAMED -Xmx2048m -Dfile.encoding=UTF-8 -Duser.country=RU -Duser.language=ru -Duser.variant 
java_command: org.gradle.launcher.daemon.bootstrap.GradleDaemon 7.3.3
java_class_path (initial): D:\AndroidStudioProjects\API\wrapper\dists\gradle-7.3.3-bin\6a41zxkdtcxs8rphpq6y0069z\gradle-7.3.3\lib\gradle-launcher-7.3.3.jar
Launcher Type: SUN_STANDARD

[Global flags]
     intx CICompilerCount                          = 4                                         {product} {ergonomic}
     uint ConcGCThreads                            = 3                                         {product} {ergonomic}
     uint G1ConcRefinementThreads                  = 10                                        {product} {ergonomic}
   size_t G1HeapRegionSize                         = 1048576                                   {product} {ergonomic}
    uintx GCDrainStackTargetSize                   = 64                                        {product} {ergonomic}
   size_t InitialHeapSize                          = 123731968                                 {product} {ergonomic}
   size_t MarkStackSize                            = 4194304                                   {product} {ergonomic}
   size_t MaxHeapSize                              = 2147483648                                {product} {command line}
   size_t MaxNewSize                               = 1287651328                                {product} {ergonomic}
   size_t MinHeapDeltaBytes                        = 1048576                                   {product} {ergonomic}
    uintx NonNMethodCodeHeapSize                   = 5836300                                {pd product} {ergonomic}
    uintx NonProfiledCodeHeapSize                  = 122910970                              {pd product} {ergonomic}
    uintx ProfiledCodeHeapSize                     = 122910970                              {pd product} {ergonomic}
    uintx ReservedCodeCacheSize                    = 251658240                              {pd product} {ergonomic}
     bool SegmentedCodeCache                       = true                                      {product} {ergonomic}
     bool UseCompressedClassPointers               = true                                 {lp64_product} {ergonomic}
     bool UseCompressedOops                        = true                                 {lp64_product} {ergonomic}
     bool UseG1GC                                  = true                                      {product} {ergonomic}
     bool UseLargePagesIndividualAllocation        = false                                  {pd product} {ergonomic}

Logging:
Log output configuration:
 #0: stdout all=warning uptime,level,tags
 #1: stderr all=off uptime,level,tags

Environment Variables:
PATH=C:\Program Files (x86)\NVIDIA Corporation\PhysX\Common;C:\Program Files\Common Files\Oracle\Java\javapath;C:\Program Files (x86)\Common Files\Oracle\Java\javapath;C:\Windows\system32;C:\Windows;C:\Windows\System32\Wbem;C:\Windows\System32\WindowsPowerShell\v1.0\;C:\Windows\System32\OpenSSH\;C:\Program Files\Microsoft SQL Server\150\Tools\Binn\;C:\Program Files\Microsoft SQL Server\Client SDK\ODBC\170\Tools\Binn\;C:\Program Files (x86)\Microsoft SQL Server\140\Tools\Binn\;C:\Program Files\Microsoft SQL Server\140\Tools\Binn\;C:\Program Files (x86)\Microsoft SQL Server\140\DTS\Binn\;C:\Program Files\Microsoft SQL Server\140\DTS\Binn\;C:\Program Files\Microsoft SQL Server\Client SDK\ODBC\130\Tools\Binn\;C:\Program Files (x86)\Microsoft SQL Server\150\DTS\Binn\;C:\Program Files\Azure Data Studio\bin;C:\Program Files\Java\jdk-17.0.2\bin;C:\WINDOWS\system32;C:\WINDOWS;C:\WINDOWS\System32\Wbem;C:\WINDOWS\System32\WindowsPowerShell\v1.0\;C:\WINDOWS\System32\OpenSSH\;C:\MinGW\bin;D:\IntelliJ IDEA Community Edition 2021.3.2\bin;C:\Program Files\dotnet\;C:\Program Files\Git\cmd;%SystemRoot%\system32;%SystemRoot%;%SystemRoot%\System32\Wbem;%SYSTEMROOT%\System32\WindowsPowerShell\v1.0\;%SYSTEMROOT%\System32\OpenSSH\;C:\Users\zaxsc\AppData\Local\Programs\Python\Python310\Scripts\;C:\Users\zaxsc\AppData\Local\Programs\Python\Python310\;C:\Users\zaxsc\AppData\Local\Microsoft\WindowsApps;C:\Users\zaxsc\.dotnet\tools;C:\Program Files\Azure Data Studio\bin;C:\Users\zaxsc\AppData\Local\Programs\Microsoft VS Code\bin;C:\Users\zaxsc\AppData\Local\GitHubDesktop\bin;;D:\PyCharm 2021.3.2\bin;
USERNAME=zaxsc
OS=Windows_NT
PROCESSOR_IDENTIFIER=AMD64 Family 23 Model 104 Stepping 1, AuthenticAMD



---------------  S Y S T E M  ---------------

OS: Windows 10 , 64 bit Build 22621 (10.0.22621.1635)
OS uptime: 5 days 21:31 hours

CPU:total 12 (initial active 12) (12 cores per cpu, 2 threads per core) family 23 model 104 stepping 1 microcode 0x0, cmov, cx8, fxsr, mmx, sse, sse2, sse3, ssse3, sse4.1, sse4.2, popcnt, avx, avx2, aes, clmul, mmxext, 3dnowpref, lzcnt, sse4a, ht, tsc, tscinvbit, tscinv, bmi1, bmi2, adx, sha, fma

Memory: 4k page, system-wide physical 7514M (407M free)
TotalPageFile size 12514M (AvailPageFile size 3M)
current process WorkingSet (physical memory assigned to process): 202M, peak: 202M
current process commit charge ("private bytes"): 269M, peak: 270M

vm_info: OpenJDK 64-Bit Server VM (11.0.12+7-b1504.28-7817840) for windows-amd64 JRE (11.0.12+7-b1504.28-7817840), built on Oct 13 2021 22:12:33 by "builder" with MS VC++ 14.0 (VS2015)

END.
