#
# There is insufficient memory for the Java Runtime Environment to continue.
# Native memory allocation (malloc) failed to allocate 1354576 bytes for Chunk::new
# Possible reasons:
#   The system is out of physical RAM or swap space
#   The process is running with CompressedOops enabled, and the Java Heap may be blocking the growth of the native heap
# Possible solutions:
#   Reduce memory load on the system
#   Increase physical memory or swap space
#   Check if swap backing store is full
#   Decrease Java heap size (-Xmx/-Xms)
#   Decrease number of Java threads
#   Decrease Java thread stack sizes (-Xss)
#   Set larger code cache with -XX:ReservedCodeCacheSize=
#   JVM is running with Unscaled Compressed Oops mode in which the Java heap is
#     placed in the first 4GB address space. The Java Heap base address is the
#     maximum limit for the native heap growth. Please use -XX:HeapBaseMinAddress
#     to set the Java Heap base and to place the Java Heap above 4GB virtual address.
# This output file may be truncated or incomplete.
#
#  Out of Memory Error (./src/hotspot/share/memory/arena.cpp:197), pid=5612, tid=11792
#
# JRE version: OpenJDK Runtime Environment (11.0.12+7) (build 11.0.12+7-b1504.28-7817840)
# Java VM: OpenJDK 64-Bit Server VM (11.0.12+7-b1504.28-7817840, mixed mode, tiered, compressed oops, g1 gc, windows-amd64)
# No core dump will be written. Minidumps are not enabled by default on client versions of Windows
#

---------------  S U M M A R Y ------------

Command Line: --add-opens=java.base/java.util=ALL-UNNAMED --add-opens=java.base/java.lang=ALL-UNNAMED --add-opens=java.base/java.lang.invoke=ALL-UNNAMED --add-opens=java.base/java.util=ALL-UNNAMED --add-opens=java.prefs/java.util.prefs=ALL-UNNAMED --add-opens=java.prefs/java.util.prefs=ALL-UNNAMED --add-opens=java.base/java.nio.charset=ALL-UNNAMED --add-opens=java.base/java.net=ALL-UNNAMED --add-opens=java.base/java.util.concurrent.atomic=ALL-UNNAMED -Xmx2048m -Dfile.encoding=UTF-8 -Duser.country=RU -Duser.language=ru -Duser.variant org.gradle.launcher.daemon.bootstrap.GradleDaemon 7.3.3

Host: AMD Ryzen 5 5500U with Radeon Graphics         , 12 cores, 7G,  Windows 10 , 64 bit Build 22621 (10.0.22621.1635)
Time: Thu May 25 08:42:31 2023 RTZ 2 (зима) elapsed time: 2.146132 seconds (0d 0h 0m 2s)

---------------  T H R E A D  ---------------

Current thread (0x0000025c2d5a1800):  JavaThread "C2 CompilerThread0" daemon [_thread_in_native, id=11792, stack(0x000000b575900000,0x000000b575a00000)]


Current CompileTask:
C2:   2146 1926   !   4       java.lang.ClassLoader::loadClass (122 bytes)

Stack: [0x000000b575900000,0x000000b575a00000]
Native frames: (J=compiled Java code, j=interpreted, Vv=VM code, C=native code)
V  [jvm.dll+0x5fbcea]
V  [jvm.dll+0x731905]
V  [jvm.dll+0x732f1d]
V  [jvm.dll+0x7335d3]
V  [jvm.dll+0x247bf8]
V  [jvm.dll+0xc018c]
V  [jvm.dll+0xc06cc]
V  [jvm.dll+0x35b31d]
V  [jvm.dll+0x19d0bc]
V  [jvm.dll+0x20070e]
V  [jvm.dll+0x1ff794]
V  [jvm.dll+0x18868c]
V  [jvm.dll+0x20e0d7]
V  [jvm.dll+0x20c901]
V  [jvm.dll+0x6f9b7f]
V  [jvm.dll+0x6f26a5]
V  [jvm.dll+0x5fabf6]
C  [ucrtbase.dll+0x29363]
C  [KERNEL32.DLL+0x126ad]
C  [ntdll.dll+0x5a9f8]


---------------  P R O C E S S  ---------------

Threads class SMR info:
_java_thread_list=0x0000025c2fdc12c0, length=24, elements={
0x0000025c1233d800, 0x0000025c2cc0f800, 0x0000025c2cc13000, 0x0000025c2d59b000,
0x0000025c2d59c000, 0x0000025c2d59d000, 0x0000025c2d5a1800, 0x0000025c2d5a3000,
0x0000025c2cc23000, 0x0000025c2d706000, 0x0000025c2f96b000, 0x0000025c2f62c800,
0x0000025c2e830800, 0x0000025c2fb9f800, 0x0000025c2fba0800, 0x0000025c2f06a000,
0x0000025c2fecd800, 0x0000025c2fece000, 0x0000025c2eb12800, 0x0000025c2f9a0800,
0x0000025c2f9a4000, 0x0000025c2f9a6800, 0x0000025c2f9a2000, 0x0000025c3091d800
}

Java Threads: ( => current thread )
  0x0000025c1233d800 JavaThread "main" [_thread_blocked, id=15220, stack(0x000000b574d00000,0x000000b574e00000)]
  0x0000025c2cc0f800 JavaThread "Reference Handler" daemon [_thread_blocked, id=10244, stack(0x000000b575400000,0x000000b575500000)]
  0x0000025c2cc13000 JavaThread "Finalizer" daemon [_thread_blocked, id=16912, stack(0x000000b575500000,0x000000b575600000)]
  0x0000025c2d59b000 JavaThread "Signal Dispatcher" daemon [_thread_blocked, id=14840, stack(0x000000b575600000,0x000000b575700000)]
  0x0000025c2d59c000 JavaThread "Attach Listener" daemon [_thread_blocked, id=18904, stack(0x000000b575700000,0x000000b575800000)]
  0x0000025c2d59d000 JavaThread "Service Thread" daemon [_thread_blocked, id=19844, stack(0x000000b575800000,0x000000b575900000)]
=>0x0000025c2d5a1800 JavaThread "C2 CompilerThread0" daemon [_thread_in_native, id=11792, stack(0x000000b575900000,0x000000b575a00000)]
  0x0000025c2d5a3000 JavaThread "C1 CompilerThread0" daemon [_thread_blocked, id=11428, stack(0x000000b575a00000,0x000000b575b00000)]
  0x0000025c2cc23000 JavaThread "Sweeper thread" daemon [_thread_blocked, id=16636, stack(0x000000b575b00000,0x000000b575c00000)]
  0x0000025c2d706000 JavaThread "Common-Cleaner" daemon [_thread_blocked, id=8248, stack(0x000000b575c00000,0x000000b575d00000)]
  0x0000025c2f96b000 JavaThread "Daemon health stats" [_thread_blocked, id=14608, stack(0x000000b576100000,0x000000b576200000)]
  0x0000025c2f62c800 JavaThread "Incoming local TCP Connector on port 58332" [_thread_in_native, id=7056, stack(0x000000b575e00000,0x000000b575f00000)]
  0x0000025c2e830800 JavaThread "Daemon periodic checks" [_thread_blocked, id=13068, stack(0x000000b576000000,0x000000b576100000)]
  0x0000025c2fb9f800 JavaThread "Daemon" [_thread_blocked, id=19544, stack(0x000000b576200000,0x000000b576300000)]
  0x0000025c2fba0800 JavaThread "Handler for socket connection from /127.0.0.1:58332 to /127.0.0.1:58333" [_thread_in_native, id=4132, stack(0x000000b576300000,0x000000b576400000)]
  0x0000025c2f06a000 JavaThread "Cancel handler" [_thread_blocked, id=2764, stack(0x000000b576400000,0x000000b576500000)]
  0x0000025c2fecd800 JavaThread "Daemon worker" [_thread_in_vm, id=4548, stack(0x000000b576500000,0x000000b576600000)]
  0x0000025c2fece000 JavaThread "Asynchronous log dispatcher for DefaultDaemonConnection: socket connection from /127.0.0.1:58332 to /127.0.0.1:58333" [_thread_blocked, id=21384, stack(0x000000b576600000,0x000000b576700000)]
  0x0000025c2eb12800 JavaThread "Stdin handler" [_thread_blocked, id=1292, stack(0x000000b576700000,0x000000b576800000)]
  0x0000025c2f9a0800 JavaThread "Daemon client event forwarder" [_thread_blocked, id=19440, stack(0x000000b577000000,0x000000b577100000)]
  0x0000025c2f9a4000 JavaThread "Cache worker for journal cache (D:\AndroidStudioProjects\API\caches\journal-1)" [_thread_blocked, id=17532, stack(0x000000b577100000,0x000000b577200000)]
  0x0000025c2f9a6800 JavaThread "File lock request listener" [_thread_in_native, id=15604, stack(0x000000b577200000,0x000000b577300000)]
  0x0000025c2f9a2000 JavaThread "Cache worker for file hash cache (D:\AndroidStudioProjects\API\caches\7.3.3\fileHashes)" [_thread_blocked, id=18608, stack(0x000000b577500000,0x000000b577600000)]
  0x0000025c3091d800 JavaThread "C2 CompilerThread1" daemon [_thread_blocked, id=18544, stack(0x000000b577600000,0x000000b577700000)]

Other Threads:
  0x0000025c2cc0c000 VMThread "VM Thread" [stack: 0x000000b575300000,0x000000b575400000] [id=16120]
  0x0000025c2d716800 WatcherThread [stack: 0x000000b575d00000,0x000000b575e00000] [id=14924]
  0x0000025c12355800 GCTaskThread "GC Thread#0" [stack: 0x000000b574e00000,0x000000b574f00000] [id=21104]
  0x0000025c2e18a000 GCTaskThread "GC Thread#1" [stack: 0x000000b575f00000,0x000000b576000000] [id=18952]
  0x0000025c2eb13000 GCTaskThread "GC Thread#2" [stack: 0x000000b576800000,0x000000b576900000] [id=18972]
  0x0000025c2f929800 GCTaskThread "GC Thread#3" [stack: 0x000000b576900000,0x000000b576a00000] [id=20640]
  0x0000025c2eb2e000 GCTaskThread "GC Thread#4" [stack: 0x000000b576a00000,0x000000b576b00000] [id=6084]
  0x0000025c2eb2e800 GCTaskThread "GC Thread#5" [stack: 0x000000b576b00000,0x000000b576c00000] [id=17928]
  0x0000025c2f771800 GCTaskThread "GC Thread#6" [stack: 0x000000b576c00000,0x000000b576d00000] [id=5384]
  0x0000025c2fd30800 GCTaskThread "GC Thread#7" [stack: 0x000000b576d00000,0x000000b576e00000] [id=9668]
  0x0000025c2fd34000 GCTaskThread "GC Thread#8" [stack: 0x000000b576e00000,0x000000b576f00000] [id=15904]
  0x0000025c2fd2f800 GCTaskThread "GC Thread#9" [stack: 0x000000b576f00000,0x000000b577000000] [id=9812]
  0x0000025c12389800 ConcurrentGCThread "G1 Main Marker" [stack: 0x000000b574f00000,0x000000b575000000] [id=15072]
  0x0000025c1238b800 ConcurrentGCThread "G1 Conc#0" [stack: 0x000000b575000000,0x000000b575100000] [id=19216]
  0x0000025c2fd32000 ConcurrentGCThread "G1 Conc#1" [stack: 0x000000b577300000,0x000000b577400000] [id=12148]
  0x0000025c2fd31000 ConcurrentGCThread "G1 Conc#2" [stack: 0x000000b577400000,0x000000b577500000] [id=13808]
  0x0000025c2ca54800 ConcurrentGCThread "G1 Refine#0" [stack: 0x000000b575100000,0x000000b575200000] [id=19480]
  0x0000025c2ca57000 ConcurrentGCThread "G1 Young RemSet Sampling" [stack: 0x000000b575200000,0x000000b575300000] [id=14544]

Threads with active compile tasks:
C2 CompilerThread0   2155 1926   !   4       java.lang.ClassLoader::loadClass (122 bytes)

VM state:not at safepoint (normal execution)

VM Mutex/Monitor currently owned by a thread: None

Heap address: 0x0000000080000000, size: 2048 MB, Compressed Oops mode: 32-bit
Narrow klass base: 0x0000000000000000, Narrow klass shift: 3
Compressed class space size: 1073741824 Address: 0x0000000100000000

Heap:
 garbage-first heap   total 120832K, used 36550K [0x0000000080000000, 0x0000000100000000)
  region size 1024K, 22 young (22528K), 2 survivors (2048K)
 Metaspace       used 22895K, capacity 23449K, committed 23552K, reserved 1069056K
  class space    used 2890K, capacity 3051K, committed 3072K, reserved 1048576K
Heap Regions: E=young(eden), S=young(survivor), O=old, HS=humongous(starts), HC=humongous(continues), CS=collection set, F=free, A=archive, TAMS=top-at-mark-start (previous, next)
|   0|0x0000000080000000, 0x0000000080100000, 0x0000000080100000|100%| O|  |TAMS 0x0000000080100000, 0x0000000080000000| Untracked 
|   1|0x0000000080100000, 0x0000000080200000, 0x0000000080200000|100%| O|  |TAMS 0x0000000080200000, 0x0000000080100000| Untracked 
|   2|0x0000000080200000, 0x0000000080300000, 0x0000000080300000|100%| O|  |TAMS 0x0000000080300000, 0x0000000080200000| Untracked 
|   3|0x0000000080300000, 0x0000000080400000, 0x0000000080400000|100%|HS|  |TAMS 0x0000000080400000, 0x0000000080300000| Complete 
|   4|0x0000000080400000, 0x0000000080500000, 0x0000000080500000|100%|HC|  |TAMS 0x0000000080500000, 0x0000000080400000| Complete 
|   5|0x0000000080500000, 0x0000000080600000, 0x0000000080600000|100%|HC|  |TAMS 0x0000000080600000, 0x0000000080500000| Complete 
|   6|0x0000000080600000, 0x0000000080700000, 0x0000000080700000|100%| O|  |TAMS 0x0000000080700000, 0x0000000080600000| Untracked 
|   7|0x0000000080700000, 0x0000000080800000, 0x0000000080800000|100%| O|  |TAMS 0x0000000080800000, 0x0000000080700000| Untracked 
|   8|0x0000000080800000, 0x0000000080900000, 0x0000000080900000|100%| O|  |TAMS 0x0000000080900000, 0x0000000080800000| Untracked 
|   9|0x0000000080900000, 0x0000000080a00000, 0x0000000080a00000|100%| O|  |TAMS 0x0000000080a00000, 0x0000000080900000| Untracked 
|  10|0x0000000080a00000, 0x0000000080b00000, 0x0000000080b00000|100%| O|  |TAMS 0x0000000080b00000, 0x0000000080a00000| Untracked 
|  11|0x0000000080b00000, 0x0000000080c00000, 0x0000000080c00000|100%| O|  |TAMS 0x0000000080c00000, 0x0000000080b00000| Untracked 
|  12|0x0000000080c00000, 0x0000000080d00000, 0x0000000080d00000|100%| O|  |TAMS 0x0000000080d00000, 0x0000000080c00000| Untracked 
|  13|0x0000000080d00000, 0x0000000080e00000, 0x0000000080e00000|100%| O|  |TAMS 0x0000000080e00000, 0x0000000080d00000| Untracked 
|  14|0x0000000080e00000, 0x0000000080f00000, 0x0000000080f00000|100%| O|  |TAMS 0x0000000080f00000, 0x0000000080e00000| Untracked 
|  15|0x0000000080f00000, 0x0000000080f26c00, 0x0000000081000000| 15%| O|  |TAMS 0x0000000080f26c00, 0x0000000080f00000| Untracked 
|  16|0x0000000081000000, 0x0000000081000000, 0x0000000081100000|  0%| F|  |TAMS 0x0000000081000000, 0x0000000081000000| Untracked 
|  17|0x0000000081100000, 0x0000000081100000, 0x0000000081200000|  0%| F|  |TAMS 0x0000000081100000, 0x0000000081100000| Untracked 
|  18|0x0000000081200000, 0x0000000081200000, 0x0000000081300000|  0%| F|  |TAMS 0x0000000081200000, 0x0000000081200000| Untracked 
|  19|0x0000000081300000, 0x0000000081300000, 0x0000000081400000|  0%| F|  |TAMS 0x0000000081300000, 0x0000000081300000| Untracked 
|  20|0x0000000081400000, 0x0000000081400000, 0x0000000081500000|  0%| F|  |TAMS 0x0000000081400000, 0x0000000081400000| Untracked 
|  21|0x0000000081500000, 0x0000000081500000, 0x0000000081600000|  0%| F|  |TAMS 0x0000000081500000, 0x0000000081500000| Untracked 
|  22|0x0000000081600000, 0x0000000081600000, 0x0000000081700000|  0%| F|  |TAMS 0x0000000081600000, 0x0000000081600000| Untracked 
|  23|0x0000000081700000, 0x0000000081700000, 0x0000000081800000|  0%| F|  |TAMS 0x0000000081700000, 0x0000000081700000| Untracked 
|  24|0x0000000081800000, 0x0000000081800000, 0x0000000081900000|  0%| F|  |TAMS 0x0000000081800000, 0x0000000081800000| Untracked 
|  25|0x0000000081900000, 0x0000000081900000, 0x0000000081a00000|  0%| F|  |TAMS 0x0000000081900000, 0x0000000081900000| Untracked 
|  26|0x0000000081a00000, 0x0000000081a00000, 0x0000000081b00000|  0%| F|  |TAMS 0x0000000081a00000, 0x0000000081a00000| Untracked 
|  27|0x0000000081b00000, 0x0000000081b00000, 0x0000000081c00000|  0%| F|  |TAMS 0x0000000081b00000, 0x0000000081b00000| Untracked 
|  28|0x0000000081c00000, 0x0000000081c00000, 0x0000000081d00000|  0%| F|  |TAMS 0x0000000081c00000, 0x0000000081c00000| Untracked 
|  29|0x0000000081d00000, 0x0000000081d00000, 0x0000000081e00000|  0%| F|  |TAMS 0x0000000081d00000, 0x0000000081d00000| Untracked 
|  30|0x0000000081e00000, 0x0000000081e00000, 0x0000000081f00000|  0%| F|  |TAMS 0x0000000081e00000, 0x0000000081e00000| Untracked 
|  31|0x0000000081f00000, 0x0000000081f00000, 0x0000000082000000|  0%| F|  |TAMS 0x0000000081f00000, 0x0000000081f00000| Untracked 
|  32|0x0000000082000000, 0x0000000082000000, 0x0000000082100000|  0%| F|  |TAMS 0x0000000082000000, 0x0000000082000000| Untracked 
|  33|0x0000000082100000, 0x0000000082100000, 0x0000000082200000|  0%| F|  |TAMS 0x0000000082100000, 0x0000000082100000| Untracked 
|  34|0x0000000082200000, 0x0000000082200000, 0x0000000082300000|  0%| F|  |TAMS 0x0000000082200000, 0x0000000082200000| Untracked 
|  35|0x0000000082300000, 0x0000000082300000, 0x0000000082400000|  0%| F|  |TAMS 0x0000000082300000, 0x0000000082300000| Untracked 
|  36|0x0000000082400000, 0x0000000082400000, 0x0000000082500000|  0%| F|  |TAMS 0x0000000082400000, 0x0000000082400000| Untracked 
|  37|0x0000000082500000, 0x0000000082500000, 0x0000000082600000|  0%| F|  |TAMS 0x0000000082500000, 0x0000000082500000| Untracked 
|  38|0x0000000082600000, 0x0000000082600000, 0x0000000082700000|  0%| F|  |TAMS 0x0000000082600000, 0x0000000082600000| Untracked 
|  39|0x0000000082700000, 0x0000000082700000, 0x0000000082800000|  0%| F|  |TAMS 0x0000000082700000, 0x0000000082700000| Untracked 
|  40|0x0000000082800000, 0x0000000082800000, 0x0000000082900000|  0%| F|  |TAMS 0x0000000082800000, 0x0000000082800000| Untracked 
|  41|0x0000000082900000, 0x0000000082900000, 0x0000000082a00000|  0%| F|  |TAMS 0x0000000082900000, 0x0000000082900000| Untracked 
|  42|0x0000000082a00000, 0x0000000082a00000, 0x0000000082b00000|  0%| F|  |TAMS 0x0000000082a00000, 0x0000000082a00000| Untracked 
|  43|0x0000000082b00000, 0x0000000082b00000, 0x0000000082c00000|  0%| F|  |TAMS 0x0000000082b00000, 0x0000000082b00000| Untracked 
|  44|0x0000000082c00000, 0x0000000082c00000, 0x0000000082d00000|  0%| F|  |TAMS 0x0000000082c00000, 0x0000000082c00000| Untracked 
|  45|0x0000000082d00000, 0x0000000082d00000, 0x0000000082e00000|  0%| F|  |TAMS 0x0000000082d00000, 0x0000000082d00000| Untracked 
|  46|0x0000000082e00000, 0x0000000082e00000, 0x0000000082f00000|  0%| F|  |TAMS 0x0000000082e00000, 0x0000000082e00000| Untracked 
|  47|0x0000000082f00000, 0x0000000082f00000, 0x0000000083000000|  0%| F|  |TAMS 0x0000000082f00000, 0x0000000082f00000| Untracked 
|  48|0x0000000083000000, 0x0000000083000000, 0x0000000083100000|  0%| F|  |TAMS 0x0000000083000000, 0x0000000083000000| Untracked 
|  49|0x0000000083100000, 0x0000000083100000, 0x0000000083200000|  0%| F|  |TAMS 0x0000000083100000, 0x0000000083100000| Untracked 
|  50|0x0000000083200000, 0x0000000083200000, 0x0000000083300000|  0%| F|  |TAMS 0x0000000083200000, 0x0000000083200000| Untracked 
|  51|0x0000000083300000, 0x0000000083300000, 0x0000000083400000|  0%| F|  |TAMS 0x0000000083300000, 0x0000000083300000| Untracked 
|  52|0x0000000083400000, 0x0000000083400000, 0x0000000083500000|  0%| F|  |TAMS 0x0000000083400000, 0x0000000083400000| Untracked 
|  53|0x0000000083500000, 0x0000000083500000, 0x0000000083600000|  0%| F|  |TAMS 0x0000000083500000, 0x0000000083500000| Untracked 
|  54|0x0000000083600000, 0x0000000083600000, 0x0000000083700000|  0%| F|  |TAMS 0x0000000083600000, 0x0000000083600000| Untracked 
|  55|0x0000000083700000, 0x0000000083700000, 0x0000000083800000|  0%| F|  |TAMS 0x0000000083700000, 0x0000000083700000| Untracked 
|  56|0x0000000083800000, 0x0000000083800000, 0x0000000083900000|  0%| F|  |TAMS 0x0000000083800000, 0x0000000083800000| Untracked 
|  57|0x0000000083900000, 0x0000000083900000, 0x0000000083a00000|  0%| F|  |TAMS 0x0000000083900000, 0x0000000083900000| Untracked 
|  58|0x0000000083a00000, 0x0000000083a00000, 0x0000000083b00000|  0%| F|  |TAMS 0x0000000083a00000, 0x0000000083a00000| Untracked 
|  59|0x0000000083b00000, 0x0000000083b00000, 0x0000000083c00000|  0%| F|  |TAMS 0x0000000083b00000, 0x0000000083b00000| Untracked 
|  60|0x0000000083c00000, 0x0000000083c00000, 0x0000000083d00000|  0%| F|  |TAMS 0x0000000083c00000, 0x0000000083c00000| Untracked 
|  61|0x0000000083d00000, 0x0000000083d00000, 0x0000000083e00000|  0%| F|  |TAMS 0x0000000083d00000, 0x0000000083d00000| Untracked 
|  62|0x0000000083e00000, 0x0000000083e00000, 0x0000000083f00000|  0%| F|  |TAMS 0x0000000083e00000, 0x0000000083e00000| Untracked 
|  63|0x0000000083f00000, 0x0000000083f00000, 0x0000000084000000|  0%| F|  |TAMS 0x0000000083f00000, 0x0000000083f00000| Untracked 
|  64|0x0000000084000000, 0x0000000084000000, 0x0000000084100000|  0%| F|  |TAMS 0x0000000084000000, 0x0000000084000000| Untracked 
|  65|0x0000000084100000, 0x0000000084100000, 0x0000000084200000|  0%| F|  |TAMS 0x0000000084100000, 0x0000000084100000| Untracked 
|  66|0x0000000084200000, 0x0000000084200000, 0x0000000084300000|  0%| F|  |TAMS 0x0000000084200000, 0x0000000084200000| Untracked 
|  67|0x0000000084300000, 0x0000000084300000, 0x0000000084400000|  0%| F|  |TAMS 0x0000000084300000, 0x0000000084300000| Untracked 
|  68|0x0000000084400000, 0x0000000084400000, 0x0000000084500000|  0%| F|  |TAMS 0x0000000084400000, 0x0000000084400000| Untracked 
|  69|0x0000000084500000, 0x0000000084500000, 0x0000000084600000|  0%| F|  |TAMS 0x0000000084500000, 0x0000000084500000| Untracked 
|  70|0x0000000084600000, 0x0000000084600000, 0x0000000084700000|  0%| F|  |TAMS 0x0000000084600000, 0x0000000084600000| Untracked 
|  71|0x0000000084700000, 0x0000000084700000, 0x0000000084800000|  0%| F|  |TAMS 0x0000000084700000, 0x0000000084700000| Untracked 
|  72|0x0000000084800000, 0x0000000084800000, 0x0000000084900000|  0%| F|  |TAMS 0x0000000084800000, 0x0000000084800000| Untracked 
|  73|0x0000000084900000, 0x0000000084900000, 0x0000000084a00000|  0%| F|  |TAMS 0x0000000084900000, 0x0000000084900000| Untracked 
|  74|0x0000000084a00000, 0x0000000084a00000, 0x0000000084b00000|  0%| F|  |TAMS 0x0000000084a00000, 0x0000000084a00000| Untracked 
|  75|0x0000000084b00000, 0x0000000084b00000, 0x0000000084c00000|  0%| F|  |TAMS 0x0000000084b00000, 0x0000000084b00000| Untracked 
|  76|0x0000000084c00000, 0x0000000084c00000, 0x0000000084d00000|  0%| F|  |TAMS 0x0000000084c00000, 0x0000000084c00000| Untracked 
|  77|0x0000000084d00000, 0x0000000084d00000, 0x0000000084e00000|  0%| F|  |TAMS 0x0000000084d00000, 0x0000000084d00000| Untracked 
|  78|0x0000000084e00000, 0x0000000084e00000, 0x0000000084f00000|  0%| F|  |TAMS 0x0000000084e00000, 0x0000000084e00000| Untracked 
|  79|0x0000000084f00000, 0x0000000084f00000, 0x0000000085000000|  0%| F|  |TAMS 0x0000000084f00000, 0x0000000084f00000| Untracked 
|  80|0x0000000085000000, 0x0000000085000000, 0x0000000085100000|  0%| F|  |TAMS 0x0000000085000000, 0x0000000085000000| Untracked 
|  81|0x0000000085100000, 0x0000000085100000, 0x0000000085200000|  0%| F|  |TAMS 0x0000000085100000, 0x0000000085100000| Untracked 
|  82|0x0000000085200000, 0x0000000085200000, 0x0000000085300000|  0%| F|  |TAMS 0x0000000085200000, 0x0000000085200000| Untracked 
|  83|0x0000000085300000, 0x000000008538ae40, 0x0000000085400000| 54%| S|CS|TAMS 0x0000000085300000, 0x0000000085300000| Complete 
|  84|0x0000000085400000, 0x0000000085500000, 0x0000000085500000|100%| S|CS|TAMS 0x0000000085400000, 0x0000000085400000| Complete 
|  85|0x0000000085500000, 0x0000000085500000, 0x0000000085600000|  0%| F|  |TAMS 0x0000000085500000, 0x0000000085500000| Untracked 
|  86|0x0000000085600000, 0x0000000085600000, 0x0000000085700000|  0%| F|  |TAMS 0x0000000085600000, 0x0000000085600000| Untracked 
|  87|0x0000000085700000, 0x0000000085700000, 0x0000000085800000|  0%| F|  |TAMS 0x0000000085700000, 0x0000000085700000| Untracked 
|  88|0x0000000085800000, 0x0000000085800000, 0x0000000085900000|  0%| F|  |TAMS 0x0000000085800000, 0x0000000085800000| Untracked 
|  89|0x0000000085900000, 0x0000000085900000, 0x0000000085a00000|  0%| F|  |TAMS 0x0000000085900000, 0x0000000085900000| Untracked 
|  90|0x0000000085a00000, 0x0000000085a00000, 0x0000000085b00000|  0%| F|  |TAMS 0x0000000085a00000, 0x0000000085a00000| Untracked 
|  91|0x0000000085b00000, 0x0000000085b00000, 0x0000000085c00000|  0%| F|  |TAMS 0x0000000085b00000, 0x0000000085b00000| Untracked 
|  92|0x0000000085c00000, 0x0000000085c00000, 0x0000000085d00000|  0%| F|  |TAMS 0x0000000085c00000, 0x0000000085c00000| Untracked 
|  93|0x0000000085d00000, 0x0000000085d00000, 0x0000000085e00000|  0%| F|  |TAMS 0x0000000085d00000, 0x0000000085d00000| Untracked 
|  94|0x0000000085e00000, 0x0000000085e00000, 0x0000000085f00000|  0%| F|  |TAMS 0x0000000085e00000, 0x0000000085e00000| Untracked 
|  95|0x0000000085f00000, 0x0000000085f00000, 0x0000000086000000|  0%| F|  |TAMS 0x0000000085f00000, 0x0000000085f00000| Untracked 
|  96|0x0000000086000000, 0x0000000086000000, 0x0000000086100000|  0%| F|  |TAMS 0x0000000086000000, 0x0000000086000000| Untracked 
|  97|0x0000000086100000, 0x0000000086100000, 0x0000000086200000|  0%| F|  |TAMS 0x0000000086100000, 0x0000000086100000| Untracked 
|  98|0x0000000086200000, 0x00000000862ddcf0, 0x0000000086300000| 86%| E|  |TAMS 0x0000000086200000, 0x0000000086200000| Complete 
|  99|0x0000000086300000, 0x0000000086400000, 0x0000000086400000|100%| E|CS|TAMS 0x0000000086300000, 0x0000000086300000| Complete 
| 100|0x0000000086400000, 0x0000000086500000, 0x0000000086500000|100%| E|CS|TAMS 0x0000000086400000, 0x0000000086400000| Complete 
| 101|0x0000000086500000, 0x0000000086600000, 0x0000000086600000|100%| E|CS|TAMS 0x0000000086500000, 0x0000000086500000| Complete 
| 102|0x0000000086600000, 0x0000000086700000, 0x0000000086700000|100%| E|CS|TAMS 0x0000000086600000, 0x0000000086600000| Complete 
| 103|0x0000000086700000, 0x0000000086800000, 0x0000000086800000|100%| E|CS|TAMS 0x0000000086700000, 0x0000000086700000| Complete 
| 104|0x0000000086800000, 0x0000000086900000, 0x0000000086900000|100%| E|CS|TAMS 0x0000000086800000, 0x0000000086800000| Complete 
| 105|0x0000000086900000, 0x0000000086a00000, 0x0000000086a00000|100%| E|CS|TAMS 0x0000000086900000, 0x0000000086900000| Complete 
| 106|0x0000000086a00000, 0x0000000086b00000, 0x0000000086b00000|100%| E|CS|TAMS 0x0000000086a00000, 0x0000000086a00000| Complete 
| 107|0x0000000086b00000, 0x0000000086c00000, 0x0000000086c00000|100%| E|CS|TAMS 0x0000000086b00000, 0x0000000086b00000| Complete 
| 108|0x0000000086c00000, 0x0000000086d00000, 0x0000000086d00000|100%| E|CS|TAMS 0x0000000086c00000, 0x0000000086c00000| Complete 
| 109|0x0000000086d00000, 0x0000000086e00000, 0x0000000086e00000|100%| E|CS|TAMS 0x0000000086d00000, 0x0000000086d00000| Complete 
| 110|0x0000000086e00000, 0x0000000086f00000, 0x0000000086f00000|100%| E|CS|TAMS 0x0000000086e00000, 0x0000000086e00000| Complete 
| 111|0x0000000086f00000, 0x0000000087000000, 0x0000000087000000|100%| E|CS|TAMS 0x0000000086f00000, 0x0000000086f00000| Complete 
| 112|0x0000000087000000, 0x0000000087100000, 0x0000000087100000|100%| E|CS|TAMS 0x0000000087000000, 0x0000000087000000| Complete 
| 113|0x0000000087100000, 0x0000000087200000, 0x0000000087200000|100%| E|CS|TAMS 0x0000000087100000, 0x0000000087100000| Complete 
| 114|0x0000000087200000, 0x0000000087300000, 0x0000000087300000|100%| E|CS|TAMS 0x0000000087200000, 0x0000000087200000| Complete 
| 115|0x0000000087300000, 0x0000000087400000, 0x0000000087400000|100%| E|CS|TAMS 0x0000000087300000, 0x0000000087300000| Complete 
| 116|0x0000000087400000, 0x0000000087500000, 0x0000000087500000|100%| E|CS|TAMS 0x0000000087400000, 0x0000000087400000| Complete 
| 117|0x0000000087500000, 0x0000000087600000, 0x0000000087600000|100%| E|CS|TAMS 0x0000000087500000, 0x0000000087500000| Complete 

Card table byte_map: [0x0000025c25790000,0x0000025c25b90000] _byte_map_base: 0x0000025c25390000

Marking Bits (Prev, Next): (CMBitMap*) 0x0000025c123808c0, (CMBitMap*) 0x0000025c12380888
 Prev Bits: [0x0000025c27f90000, 0x0000025c29f90000)
 Next Bits: [0x0000025c25f90000, 0x0000025c27f90000)

Polling page: 0x0000025c11b10000

Metaspace:

Usage:
  Non-class:     19.92 MB capacity,    19.56 MB ( 98%) used,   330.18 KB (  2%) free+waste,    40.56 KB ( <1%) overhead. 
      Class:      3.01 MB capacity,     2.83 MB ( 94%) used,   166.38 KB (  5%) free+waste,    20.13 KB ( <1%) overhead. 
       Both:     22.93 MB capacity,    22.39 MB ( 98%) used,   496.55 KB (  2%) free+waste,    60.69 KB ( <1%) overhead. 

Virtual space:
  Non-class space:       20.00 MB reserved,      20.00 MB (100%) committed 
      Class space:        1.00 GB reserved,       3.13 MB ( <1%) committed 
             Both:        1.02 GB reserved,      23.13 MB (  2%) committed 

Chunk freelists:
   Non-Class:  18.00 KB
       Class:  21.00 KB
        Both:  39.00 KB

MaxMetaspaceSize: 17179869184.00 GB
CompressedClassSpaceSize: 1.00 GB
Initial GC threshold: 20.80 MB
Current GC threshold: 35.00 MB
CDS: off

CodeHeap 'non-profiled nmethods': size=120000Kb used=1022Kb max_used=1022Kb free=118977Kb
 bounds [0x0000025c1d910000, 0x0000025c1db80000, 0x0000025c24e40000]
CodeHeap 'profiled nmethods': size=120000Kb used=4095Kb max_used=4095Kb free=115904Kb
 bounds [0x0000025c163e0000, 0x0000025c167e0000, 0x0000025c1d910000]
CodeHeap 'non-nmethods': size=5760Kb used=1219Kb max_used=1231Kb free=4540Kb
 bounds [0x0000025c15e40000, 0x0000025c160b0000, 0x0000025c163e0000]
 total_blobs=2463 nmethods=1976 adapters=399
 compilation: enabled
              stopped_count=0, restarted_count=0
 full_count=0

Compilation events (20 events):
Event: 2.094 Thread 0x0000025c2d5a3000 nmethod 1959 0x0000025c167d3610 code [0x0000025c167d3880, 0x0000025c167d41e8]
Event: 2.094 Thread 0x0000025c2d5a3000 1960       3       java.lang.invoke.VarHandleGuards::guard_LL_V (103 bytes)
Event: 2.095 Thread 0x0000025c2d5a3000 nmethod 1960 0x0000025c167d4590 code [0x0000025c167d4900, 0x0000025c167d63a8]
Event: 2.095 Thread 0x0000025c2d5a3000 1961       3       java.lang.reflect.Constructor::setConstructorAccessor (21 bytes)
Event: 2.095 Thread 0x0000025c2d5a3000 nmethod 1961 0x0000025c167d6c90 code [0x0000025c167d6e60, 0x0000025c167d7148]
Event: 2.096 Thread 0x0000025c2d5a3000 1963   !   3       org.gradle.internal.classloader.TransformingClassLoader::findClass (203 bytes)
Event: 2.097 Thread 0x0000025c2d5a3000 nmethod 1963 0x0000025c167d7290 code [0x0000025c167d77e0, 0x0000025c167da0f8]
Event: 2.104 Thread 0x0000025c3091d800 nmethod 1936 0x0000025c1da09d10 code [0x0000025c1da09f40, 0x0000025c1da0b5f0]
Event: 2.105 Thread 0x0000025c3091d800 1949       4       jdk.internal.org.objectweb.asm.Type::getArgumentsAndReturnSizes (151 bytes)
Event: 2.106 Thread 0x0000025c2d5a3000 1964       3       sun.invoke.util.VerifyAccess::isTypeVisible (47 bytes)
Event: 2.107 Thread 0x0000025c2d5a3000 nmethod 1964 0x0000025c167db110 code [0x0000025c167db300, 0x0000025c167db6d8]
Event: 2.111 Thread 0x0000025c3091d800 nmethod 1949 0x0000025c1da0c290 code [0x0000025c1da0c4a0, 0x0000025c1da0cae0]
Event: 2.111 Thread 0x0000025c3091d800 1942       4       jdk.internal.org.objectweb.asm.ClassWriter::put (152 bytes)
Event: 2.113 Thread 0x0000025c3091d800 nmethod 1942 0x0000025c1da0d010 code [0x0000025c1da0d1a0, 0x0000025c1da0d478]
Event: 2.113 Thread 0x0000025c3091d800 1954       4       jdk.internal.util.Preconditions::checkIndex (18 bytes)
Event: 2.113 Thread 0x0000025c3091d800 nmethod 1954 0x0000025c1da0d610 code [0x0000025c1da0d7a0, 0x0000025c1da0d818]
Event: 2.131 Thread 0x0000025c2d5a3000 1965       1       sun.reflect.generics.repository.AbstractRepository::getFactory (5 bytes)
Event: 2.132 Thread 0x0000025c2d5a3000 nmethod 1965 0x0000025c1da0d910 code [0x0000025c1da0dac0, 0x0000025c1da0db78]
Event: 2.132 Thread 0x0000025c2d5a3000 1966       3       java.lang.reflect.Executable::getGenericParameterTypes (20 bytes)
Event: 2.132 Thread 0x0000025c2d5a3000 nmethod 1966 0x0000025c167db910 code [0x0000025c167dbb20, 0x0000025c167dc208]

GC Heap History (6 events):
Event: 0.631 GC heap before
{Heap before GC invocations=0 (full 0):
 garbage-first heap   total 120832K, used 29696K [0x0000000080000000, 0x0000000100000000)
  region size 1024K, 24 young (24576K), 0 survivors (0K)
 Metaspace       used 10208K, capacity 10493K, committed 10624K, reserved 1058816K
  class space    used 1069K, capacity 1139K, committed 1152K, reserved 1048576K
}
Event: 0.638 GC heap after
{Heap after GC invocations=1 (full 0):
 garbage-first heap   total 120832K, used 9216K [0x0000000080000000, 0x0000000100000000)
  region size 1024K, 3 young (3072K), 3 survivors (3072K)
 Metaspace       used 10208K, capacity 10493K, committed 10624K, reserved 1058816K
  class space    used 1069K, capacity 1139K, committed 1152K, reserved 1048576K
}
Event: 1.705 GC heap before
{Heap before GC invocations=1 (full 0):
 garbage-first heap   total 120832K, used 78848K [0x0000000080000000, 0x0000000100000000)
  region size 1024K, 70 young (71680K), 3 survivors (3072K)
 Metaspace       used 17338K, capacity 17766K, committed 17792K, reserved 1064960K
  class space    used 2009K, capacity 2150K, committed 2176K, reserved 1048576K
}
Event: 1.711 GC heap after
{Heap after GC invocations=2 (full 0):
 garbage-first heap   total 120832K, used 15540K [0x0000000080000000, 0x0000000100000000)
  region size 1024K, 9 young (9216K), 9 survivors (9216K)
 Metaspace       used 17338K, capacity 17766K, committed 17792K, reserved 1064960K
  class space    used 2009K, capacity 2150K, committed 2176K, reserved 1048576K
}
Event: 1.984 GC heap before
{Heap before GC invocations=2 (full 0):
 garbage-first heap   total 120832K, used 48308K [0x0000000080000000, 0x0000000100000000)
  region size 1024K, 42 young (43008K), 9 survivors (9216K)
 Metaspace       used 20648K, capacity 21158K, committed 21248K, reserved 1067008K
  class space    used 2545K, capacity 2729K, committed 2816K, reserved 1048576K
}
Event: 1.991 GC heap after
{Heap after GC invocations=3 (full 0):
 garbage-first heap   total 120832K, used 17094K [0x0000000080000000, 0x0000000100000000)
  region size 1024K, 2 young (2048K), 2 survivors (2048K)
 Metaspace       used 20648K, capacity 21158K, committed 21248K, reserved 1067008K
  class space    used 2545K, capacity 2729K, committed 2816K, reserved 1048576K
}

Deoptimization events (20 events):
Event: 1.966 Thread 0x0000025c2fecd800 Uncommon trap: trap_request=0xffffff4d fr.pc=0x0000025c1d92ab78 relative=0x00000000000005d8
Event: 1.966 Thread 0x0000025c2fecd800 Uncommon trap: reason=unstable_if action=reinterpret pc=0x0000025c1d92ab78 method=java.util.regex.Matcher.match(II)Z @ 76 c2
Event: 1.966 Thread 0x0000025c2fecd800 DEOPT PACKING pc=0x0000025c1d92ab78 sp=0x000000b5765f8e40
Event: 1.966 Thread 0x0000025c2fecd800 DEOPT UNPACKING pc=0x0000025c15e8a1af sp=0x000000b5765f8e00 mode 2
Event: 1.966 Thread 0x0000025c2fecd800 Uncommon trap: trap_request=0xffffff4d fr.pc=0x0000025c1d978cf8 relative=0x0000000000000218
Event: 1.966 Thread 0x0000025c2fecd800 Uncommon trap: reason=unstable_if action=reinterpret pc=0x0000025c1d978cf8 method=java.util.regex.Matcher.reset()Ljava/util/regex/Matcher; @ 71 c2
Event: 1.967 Thread 0x0000025c2fecd800 DEOPT PACKING pc=0x0000025c1d978cf8 sp=0x000000b5765f8de0
Event: 1.967 Thread 0x0000025c2fecd800 DEOPT UNPACKING pc=0x0000025c15e8a1af sp=0x000000b5765f8d70 mode 2
Event: 2.013 Thread 0x0000025c2fecd800 Uncommon trap: trap_request=0xffffffc6 fr.pc=0x0000025c1d988e24 relative=0x0000000000000084
Event: 2.013 Thread 0x0000025c2fecd800 Uncommon trap: reason=bimorphic_or_optimized_type_check action=maybe_recompile pc=0x0000025c1d988e24 method=java.util.AbstractList$Itr.hasNext()Z @ 8 c2
Event: 2.013 Thread 0x0000025c2fecd800 DEOPT PACKING pc=0x0000025c1d988e24 sp=0x000000b5765fac20
Event: 2.013 Thread 0x0000025c2fecd800 DEOPT UNPACKING pc=0x0000025c15e8a1af sp=0x000000b5765fabb8 mode 2
Event: 2.013 Thread 0x0000025c2fecd800 Uncommon trap: trap_request=0xffffffc6 fr.pc=0x0000025c1d98a174 relative=0x0000000000000134
Event: 2.013 Thread 0x0000025c2fecd800 Uncommon trap: reason=bimorphic_or_optimized_type_check action=maybe_recompile pc=0x0000025c1d98a174 method=java.util.AbstractList$Itr.next()Ljava/lang/Object; @ 14 c2
Event: 2.013 Thread 0x0000025c2fecd800 DEOPT PACKING pc=0x0000025c1d98a174 sp=0x000000b5765fac10
Event: 2.013 Thread 0x0000025c2fecd800 DEOPT UNPACKING pc=0x0000025c15e8a1af sp=0x000000b5765faba8 mode 2
Event: 2.092 Thread 0x0000025c2fecd800 Uncommon trap: trap_request=0xffffffcc fr.pc=0x0000025c1da02b68 relative=0x0000000000000328
Event: 2.092 Thread 0x0000025c2fecd800 Uncommon trap: reason=intrinsic_or_type_checked_inlining action=make_not_entrant pc=0x0000025c1da02b68 method=java.util.Arrays.copyOf([Ljava/lang/Object;ILjava/lang/Class;)[Ljava/lang/Object; @ 35 c2
Event: 2.092 Thread 0x0000025c2fecd800 DEOPT PACKING pc=0x0000025c1da02b68 sp=0x000000b5765fbc40
Event: 2.092 Thread 0x0000025c2fecd800 DEOPT UNPACKING pc=0x0000025c15e8a1af sp=0x000000b5765fbbd0 mode 2

Classes redefined (0 events):
No events

Internal exceptions (20 events):
Event: 0.479 Thread 0x0000025c1233d800 Exception <a 'java/lang/NoSuchMethodError'{0x000000008630ea98}: 'void java.lang.invoke.DelegatingMethodHandle$Holder.delegate(java.lang.Object, java.lang.Object, int, java.lang.Object)'> (0x000000008630ea98) thrown at [./src/hotspot/share/interpreter/linkResolver.cpp, line 773]
Event: 0.872 Thread 0x0000025c1233d800 Exception <a 'java/security/PrivilegedActionException'{0x0000000084f8d120}> (0x0000000084f8d120) thrown at [./src/hotspot/share/prims/jvm.cpp, line 1306]
Event: 0.872 Thread 0x0000025c1233d800 Exception <a 'java/security/PrivilegedActionException'{0x0000000084f8d698}> (0x0000000084f8d698) thrown at [./src/hotspot/share/prims/jvm.cpp, line 1306]
Event: 1.043 Thread 0x0000025c1233d800 Exception <a 'java/lang/NoSuchMethodError'{0x0000000083eb9f48}: 'java.lang.Object java.lang.invoke.DirectMethodHandle$Holder.invokeStaticInit(java.lang.Object, java.lang.Object, java.lang.Object)'> (0x0000000083eb9f48) thrown at [./src/hotspot/share/interpreter/linkResolver.cpp, line 773]
Event: 1.167 Thread 0x0000025c1233d800 Exception <a 'java/lang/NoSuchMethodError'{0x0000000083726cc8}: 'java.lang.Object java.lang.invoke.DirectMethodHandle$Holder.invokeStaticInit(java.lang.Object, int, int, int, int)'> (0x0000000083726cc8) thrown at [./src/hotspot/share/interpreter/linkResolver.cpp, line 773]
Event: 1.328 Thread 0x0000025c1233d800 Exception <a 'java/lang/NoSuchMethodError'{0x00000000837a16c8}: 'java.lang.Object java.lang.invoke.DirectMethodHandle$Holder.invokeStaticInit(java.lang.Object, java.lang.Object, int, int, int, int)'> (0x00000000837a16c8) thrown at [./src/hotspot/share/interpreter/linkResolver.cpp, line 773]
Event: 1.596 Thread 0x0000025c1233d800 Exception <a 'java/io/IOException'{0x00000000835f4dc0}> (0x00000000835f4dc0) thrown at [./src/hotspot/share/prims/jni.cpp, line 615]
Event: 1.666 Thread 0x0000025c2fba0800 Exception <a 'java/lang/NoSuchMethodError'{0x00000000832edb60}: <clinit>> (0x00000000832edb60) thrown at [./src/hotspot/share/prims/jni.cpp, line 1365]
Event: 1.668 Thread 0x0000025c2fba0800 Exception <a 'java/lang/NoSuchMethodError'{0x0000000083106050}: <clinit>> (0x0000000083106050) thrown at [./src/hotspot/share/prims/jni.cpp, line 1365]
Event: 1.668 Thread 0x0000025c2fba0800 Exception <a 'java/lang/NoSuchMethodError'{0x000000008310fa18}: <clinit>> (0x000000008310fa18) thrown at [./src/hotspot/share/prims/jni.cpp, line 1365]
Event: 1.670 Thread 0x0000025c2fba0800 Exception <a 'java/lang/NoSuchMethodError'{0x0000000083124de0}: <clinit>> (0x0000000083124de0) thrown at [./src/hotspot/share/prims/jni.cpp, line 1365]
Event: 1.738 Thread 0x0000025c2fecd800 Exception <a 'java/lang/NoSuchMethodError'{0x00000000874945c0}: 'long java.lang.invoke.DirectMethodHandle$Holder.invokeInterface(java.lang.Object, java.lang.Object)'> (0x00000000874945c0) thrown at [./src/hotspot/share/interpreter/linkResolver.cpp, line 773]
Event: 1.739 Thread 0x0000025c2fecd800 Exception <a 'java/lang/NoSuchMethodError'{0x00000000874a1660}: 'void java.lang.invoke.DelegatingMethodHandle$Holder.reinvoke_L(java.lang.Object, java.lang.Object, java.lang.Object, java.lang.Object, java.lang.Object, java.lang.Object, java.lang.Object)'> (0x00000000874a1660) thrown at [./src/hotspot/share/interpreter/linkResolver.cpp, line 773]
Event: 1.941 Thread 0x0000025c2fecd800 Exception <a 'java/lang/NoSuchMethodError'{0x0000000085818810}: 'void java.lang.invoke.DirectMethodHandle$Holder.invokeStaticInit(java.lang.Object)'> (0x0000000085818810) thrown at [./src/hotspot/share/interpreter/linkResolver.cpp, line 773]
Event: 1.950 Thread 0x0000025c2fecd800 Exception <a 'java/lang/NoSuchMethodError'{0x00000000858c58f8}: 'java.lang.Object java.lang.invoke.DirectMethodHandle$Holder.invokeStatic(java.lang.Object, java.lang.Object, java.lang.Object, int)'> (0x00000000858c58f8) thrown at [./src/hotspot/share/interpreter/linkResolver.cpp, line 773]
Event: 1.950 Thread 0x0000025c2fecd800 Exception <a 'java/lang/NoSuchMethodError'{0x00000000858ca010}: 'java.lang.Object java.lang.invoke.DirectMethodHandle$Holder.invokeSpecial(java.lang.Object, java.lang.Object, java.lang.Object, java.lang.Object, int)'> (0x00000000858ca010) thrown at [./src/hotspot/share/interpreter/linkResolver.cpp, line 773]
Event: 1.950 Thread 0x0000025c2fecd800 Exception <a 'java/lang/NoSuchMethodError'{0x00000000858cdf48}: 'java.lang.Object java.lang.invoke.Invokers$Holder.linkToTargetMethod(java.lang.Object, java.lang.Object, int, java.lang.Object)'> (0x00000000858cdf48) thrown at [./src/hotspot/share/interpreter/linkResolver.cpp, line 773]
Event: 2.048 Thread 0x0000025c2fecd800 Exception <a 'java/lang/NoSuchMethodError'{0x00000000872d1568}: 'int java.lang.invoke.DirectMethodHandle$Holder.invokeSpecialIFC(java.lang.Object, java.lang.Object, java.lang.Object, java.lang.Object)'> (0x00000000872d1568) thrown at [./src/hotspot/share/interpreter/linkResolver.cpp, line 773]
Event: 2.049 Thread 0x0000025c2fecd800 Exception <a 'java/lang/NoSuchMethodError'{0x00000000872df520}: 'java.lang.Object java.lang.invoke.DirectMethodHandle$Holder.invokeInterface(java.lang.Object, java.lang.Object, java.lang.Object)'> (0x00000000872df520) thrown at [./src/hotspot/share/interpreter/linkResolver.cpp, line 773]
Event: 2.049 Thread 0x0000025c2fecd800 Exception <a 'java/lang/IncompatibleClassChangeError'{0x00000000872e29f8}: Found class java.lang.Object, but interface was expected> (0x00000000872e29f8) thrown at [./src/hotspot/share/interpreter/linkResolver.cpp, line 839]

Events (20 events):
Event: 2.134 loading class org/gradle/internal/resource/Resource
Event: 2.134 loading class org/gradle/internal/resource/Resource done
Event: 2.134 loading class org/gradle/internal/resource/LocalBinaryResource
Event: 2.134 loading class org/gradle/internal/resource/LocalBinaryResource done
Event: 2.134 loading class org/gradle/internal/resource/ReadableContent
Event: 2.134 loading class org/gradle/internal/resource/ReadableContent done
Event: 2.134 loading class org/gradle/api/internal/file/DefaultFileSystemOperations
Event: 2.134 loading class org/gradle/api/internal/file/DefaultFileSystemOperations done
Event: 2.135 loading class org/gradle/api/file/FileSystemOperations
Event: 2.135 loading class org/gradle/api/file/FileSystemOperations done
Event: 2.135 loading class org/gradle/api/internal/file/DefaultArchiveOperations
Event: 2.135 loading class org/gradle/api/internal/file/DefaultArchiveOperations done
Event: 2.135 loading class org/gradle/api/file/ArchiveOperations
Event: 2.135 loading class org/gradle/api/file/ArchiveOperations done
Event: 2.135 loading class org/gradle/execution/TaskPathProjectEvaluator
Event: 2.135 loading class org/gradle/execution/TaskPathProjectEvaluator done
Event: 2.135 loading class org/gradle/api/BuildCancelledException
Event: 2.135 loading class org/gradle/api/BuildCancelledException done
Event: 2.135 loading class org/gradle/api/internal/project/ProjectFactory
Event: 2.135 loading class org/gradle/api/internal/project/ProjectFactory done


Dynamic libraries:
0x00007ff63c6e0000 - 0x00007ff63c6ea000 	D:\Android Studio\jre\bin\java.exe
0x00007ffb91110000 - 0x00007ffb91324000 	C:\WINDOWS\SYSTEM32\ntdll.dll
0x00007ffb8f460000 - 0x00007ffb8f522000 	C:\WINDOWS\System32\KERNEL32.DLL
0x00007ffb8e830000 - 0x00007ffb8ebd3000 	C:\WINDOWS\System32\KERNELBASE.dll
0x00007ffb8e530000 - 0x00007ffb8e641000 	C:\WINDOWS\System32\ucrtbase.dll
0x00007ffb83380000 - 0x00007ffb83399000 	D:\Android Studio\jre\bin\jli.dll
0x00007ffb80b20000 - 0x00007ffb80b37000 	D:\Android Studio\jre\bin\VCRUNTIME140.dll
0x00007ffb8f140000 - 0x00007ffb8f2eb000 	C:\WINDOWS\System32\USER32.dll
0x00007ffb8e650000 - 0x00007ffb8e676000 	C:\WINDOWS\System32\win32u.dll
0x00007ffb67210000 - 0x00007ffb6749e000 	C:\WINDOWS\WinSxS\amd64_microsoft.windows.common-controls_6595b64144ccf1df_6.0.22621.1635_none_270f70857386168e\COMCTL32.dll
0x00007ffb8f430000 - 0x00007ffb8f459000 	C:\WINDOWS\System32\GDI32.dll
0x00007ffb8f940000 - 0x00007ffb8f9e7000 	C:\WINDOWS\System32\msvcrt.dll
0x00007ffb8ebe0000 - 0x00007ffb8ecf8000 	C:\WINDOWS\System32\gdi32full.dll
0x00007ffb8ee70000 - 0x00007ffb8ef0a000 	C:\WINDOWS\System32\msvcp_win.dll
0x00007ffb8f100000 - 0x00007ffb8f131000 	C:\WINDOWS\System32\IMM32.DLL
0x00007ffb80820000 - 0x00007ffb808bd000 	D:\Android Studio\jre\bin\msvcp140.dll
0x00007ffb374c0000 - 0x00007ffb37fa5000 	D:\Android Studio\jre\bin\server\jvm.dll
0x00007ffb90550000 - 0x00007ffb905fe000 	C:\WINDOWS\System32\ADVAPI32.dll
0x00007ffb90a10000 - 0x00007ffb90ab4000 	C:\WINDOWS\System32\sechost.dll
0x00007ffb8f2f0000 - 0x00007ffb8f407000 	C:\WINDOWS\System32\RPCRT4.dll
0x00007ffb907c0000 - 0x00007ffb907c8000 	C:\WINDOWS\System32\PSAPI.DLL
0x00007ffb8abf0000 - 0x00007ffb8ac24000 	C:\WINDOWS\SYSTEM32\WINMM.dll
0x00007ffb68630000 - 0x00007ffb68639000 	C:\WINDOWS\SYSTEM32\WSOCK32.dll
0x00007ffb8bf70000 - 0x00007ffb8bf7a000 	C:\WINDOWS\SYSTEM32\VERSION.dll
0x00007ffb90ff0000 - 0x00007ffb91061000 	C:\WINDOWS\System32\WS2_32.dll
0x00007ffb8d580000 - 0x00007ffb8d598000 	C:\WINDOWS\SYSTEM32\kernel.appcore.dll
0x00007ffb895e0000 - 0x00007ffb895f1000 	D:\Android Studio\jre\bin\verify.dll
0x00007ffb89950000 - 0x00007ffb89b7e000 	C:\WINDOWS\SYSTEM32\DBGHELP.DLL
0x00007ffb8f530000 - 0x00007ffb8f8b9000 	C:\WINDOWS\System32\combase.dll
0x00007ffb90930000 - 0x00007ffb90a07000 	C:\WINDOWS\System32\OLEAUT32.dll
0x00007ffb78240000 - 0x00007ffb78272000 	C:\WINDOWS\SYSTEM32\dbgcore.DLL
0x00007ffb8e6f0000 - 0x00007ffb8e76b000 	C:\WINDOWS\System32\bcryptPrimitives.dll
0x00007ffb74370000 - 0x00007ffb74399000 	D:\Android Studio\jre\bin\java.dll
0x00007ffb894f0000 - 0x00007ffb894fb000 	D:\Android Studio\jre\bin\jimage.dll
0x00007ffb878c0000 - 0x00007ffb878d8000 	D:\Android Studio\jre\bin\zip.dll
0x00007ffb8fd50000 - 0x00007ffb9054a000 	C:\WINDOWS\System32\SHELL32.dll
0x00007ffb8c530000 - 0x00007ffb8cdfe000 	C:\WINDOWS\SYSTEM32\windows.storage.dll
0x00007ffb8c3f0000 - 0x00007ffb8c52e000 	C:\WINDOWS\SYSTEM32\wintypes.dll
0x00007ffb90830000 - 0x00007ffb90921000 	C:\WINDOWS\System32\SHCORE.dll
0x00007ffb91070000 - 0x00007ffb910ce000 	C:\WINDOWS\System32\shlwapi.dll
0x00007ffb8e460000 - 0x00007ffb8e481000 	C:\WINDOWS\SYSTEM32\profapi.dll
0x00007ffb74350000 - 0x00007ffb7436a000 	D:\Android Studio\jre\bin\net.dll
0x00007ffb881f0000 - 0x00007ffb88327000 	C:\WINDOWS\SYSTEM32\WINHTTP.dll
0x00007ffb8d9f0000 - 0x00007ffb8da59000 	C:\WINDOWS\system32\mswsock.dll
0x00007ffb6c4d0000 - 0x00007ffb6c4e4000 	D:\Android Studio\jre\bin\nio.dll
0x00007ffb80b70000 - 0x00007ffb80b97000 	D:\AndroidStudioProjects\API\native\e1d6ef7f7dcc3fd88c89a11ec53ec762bb8ba0a96d01ffa2cd45eb1d1d8dd5c5\windows-amd64\native-platform.dll
0x00007ffb74040000 - 0x00007ffb74184000 	D:\AndroidStudioProjects\API\native\5664cfc778a61ccfe75a443a1ab52a65af34e5dc3c78e0209fed803814484fcb\windows-amd64\native-platform-file-events.dll
0x00007ffb889a0000 - 0x00007ffb889aa000 	D:\Android Studio\jre\bin\management.dll
0x00007ffb87e00000 - 0x00007ffb87e0d000 	D:\Android Studio\jre\bin\management_ext.dll
0x00007ffb8dc50000 - 0x00007ffb8dc6b000 	C:\WINDOWS\SYSTEM32\CRYPTSP.dll
0x00007ffb8d4f0000 - 0x00007ffb8d525000 	C:\WINDOWS\system32\rsaenh.dll
0x00007ffb8daf0000 - 0x00007ffb8db18000 	C:\WINDOWS\SYSTEM32\USERENV.dll
0x00007ffb8de60000 - 0x00007ffb8de88000 	C:\WINDOWS\SYSTEM32\bcrypt.dll
0x00007ffb8dc70000 - 0x00007ffb8dc7c000 	C:\WINDOWS\SYSTEM32\CRYPTBASE.dll
0x00007ffb8d050000 - 0x00007ffb8d07d000 	C:\WINDOWS\SYSTEM32\IPHLPAPI.DLL
0x00007ffb8fbb0000 - 0x00007ffb8fbb9000 	C:\WINDOWS\System32\NSI.dll
0x00007ffb87c60000 - 0x00007ffb87c79000 	C:\WINDOWS\SYSTEM32\dhcpcsvc6.DLL
0x00007ffb876a0000 - 0x00007ffb876bf000 	C:\WINDOWS\SYSTEM32\dhcpcsvc.DLL
0x00007ffb8d080000 - 0x00007ffb8d173000 	C:\WINDOWS\SYSTEM32\DNSAPI.dll

dbghelp: loaded successfully - version: 4.0.5 - missing functions: none
symbol engine: initialized successfully - sym options: 0x614 - pdb path: .;D:\Android Studio\jre\bin;C:\WINDOWS\SYSTEM32;C:\WINDOWS\WinSxS\amd64_microsoft.windows.common-controls_6595b64144ccf1df_6.0.22621.1635_none_270f70857386168e;D:\Android Studio\jre\bin\server;D:\AndroidStudioProjects\API\native\e1d6ef7f7dcc3fd88c89a11ec53ec762bb8ba0a96d01ffa2cd45eb1d1d8dd5c5\windows-amd64;D:\AndroidStudioProjects\API\native\5664cfc778a61ccfe75a443a1ab52a65af34e5dc3c78e0209fed803814484fcb\windows-amd64

VM Arguments:
jvm_args: --add-opens=java.base/java.util=ALL-UNNAMED --add-opens=java.base/java.lang=ALL-UNNAMED --add-opens=java.base/java.lang.invoke=ALL-UNNAMED --add-opens=java.base/java.util=ALL-UNNAMED --add-opens=java.prefs/java.util.prefs=ALL-UNNAMED --add-opens=java.prefs/java.util.prefs=ALL-UNNAMED --add-opens=java.base/java.nio.charset=ALL-UNNAMED --add-opens=java.base/java.net=ALL-UNNAMED --add-opens=java.base/java.util.concurrent.atomic=ALL-UNNAMED -Xmx2048m -Dfile.encoding=UTF-8 -Duser.country=RU -Duser.language=ru -Duser.variant 
java_command: org.gradle.launcher.daemon.bootstrap.GradleDaemon 7.3.3
java_class_path (initial): D:\AndroidStudioProjects\API\wrapper\dists\gradle-7.3.3-bin\6a41zxkdtcxs8rphpq6y0069z\gradle-7.3.3\lib\gradle-launcher-7.3.3.jar
Launcher Type: SUN_STANDARD

[Global flags]
     intx CICompilerCount                          = 4                                         {product} {ergonomic}
     uint ConcGCThreads                            = 3                                         {product} {ergonomic}
     uint G1ConcRefinementThreads                  = 10                                        {product} {ergonomic}
   size_t G1HeapRegionSize                         = 1048576                                   {product} {ergonomic}
    uintx GCDrainStackTargetSize                   = 64                                        {product} {ergonomic}
   size_t InitialHeapSize                          = 123731968                                 {product} {ergonomic}
   size_t MarkStackSize                            = 4194304                                   {product} {ergonomic}
   size_t MaxHeapSize                              = 2147483648                                {product} {command line}
   size_t MaxNewSize                               = 1287651328                                {product} {ergonomic}
   size_t MinHeapDeltaBytes                        = 1048576                                   {product} {ergonomic}
    uintx NonNMethodCodeHeapSize                   = 5836300                                {pd product} {ergonomic}
    uintx NonProfiledCodeHeapSize                  = 122910970                              {pd product} {ergonomic}
    uintx ProfiledCodeHeapSize                     = 122910970                              {pd product} {ergonomic}
    uintx ReservedCodeCacheSize                    = 251658240                              {pd product} {ergonomic}
     bool SegmentedCodeCache                       = true                                      {product} {ergonomic}
     bool UseCompressedClassPointers               = true                                 {lp64_product} {ergonomic}
     bool UseCompressedOops                        = true                                 {lp64_product} {ergonomic}
     bool UseG1GC                                  = true                                      {product} {ergonomic}
     bool UseLargePagesIndividualAllocation        = false                                  {pd product} {ergonomic}

Logging:
Log output configuration:
 #0: stdout all=warning uptime,level,tags
 #1: stderr all=off uptime,level,tags

Environment Variables:
PATH=C:\Program Files (x86)\NVIDIA Corporation\PhysX\Common;C:\Program Files\Common Files\Oracle\Java\javapath;C:\Program Files (x86)\Common Files\Oracle\Java\javapath;C:\Windows\system32;C:\Windows;C:\Windows\System32\Wbem;C:\Windows\System32\WindowsPowerShell\v1.0\;C:\Windows\System32\OpenSSH\;C:\Program Files\Microsoft SQL Server\150\Tools\Binn\;C:\Program Files\Microsoft SQL Server\Client SDK\ODBC\170\Tools\Binn\;C:\Program Files (x86)\Microsoft SQL Server\140\Tools\Binn\;C:\Program Files\Microsoft SQL Server\140\Tools\Binn\;C:\Program Files (x86)\Microsoft SQL Server\140\DTS\Binn\;C:\Program Files\Microsoft SQL Server\140\DTS\Binn\;C:\Program Files\Microsoft SQL Server\Client SDK\ODBC\130\Tools\Binn\;C:\Program Files (x86)\Microsoft SQL Server\150\DTS\Binn\;C:\Program Files\Azure Data Studio\bin;C:\Program Files\Java\jdk-17.0.2\bin;C:\WINDOWS\system32;C:\WINDOWS;C:\WINDOWS\System32\Wbem;C:\WINDOWS\System32\WindowsPowerShell\v1.0\;C:\WINDOWS\System32\OpenSSH\;C:\MinGW\bin;D:\IntelliJ IDEA Community Edition 2021.3.2\bin;C:\Program Files\dotnet\;C:\Program Files\Git\cmd;%SystemRoot%\system32;%SystemRoot%;%SystemRoot%\System32\Wbem;%SYSTEMROOT%\System32\WindowsPowerShell\v1.0\;%SYSTEMROOT%\System32\OpenSSH\;C:\Users\zaxsc\AppData\Local\Programs\Python\Python310\Scripts\;C:\Users\zaxsc\AppData\Local\Programs\Python\Python310\;C:\Users\zaxsc\AppData\Local\Microsoft\WindowsApps;C:\Users\zaxsc\.dotnet\tools;C:\Program Files\Azure Data Studio\bin;C:\Users\zaxsc\AppData\Local\Programs\Microsoft VS Code\bin;C:\Users\zaxsc\AppData\Local\GitHubDesktop\bin;;D:\PyCharm 2021.3.2\bin;
USERNAME=zaxsc
OS=Windows_NT
PROCESSOR_IDENTIFIER=AMD64 Family 23 Model 104 Stepping 1, AuthenticAMD



---------------  S Y S T E M  ---------------

OS: Windows 10 , 64 bit Build 22621 (10.0.22621.1635)
OS uptime: 5 days 21:31 hours

CPU:total 12 (initial active 12) (12 cores per cpu, 2 threads per core) family 23 model 104 stepping 1 microcode 0x0, cmov, cx8, fxsr, mmx, sse, sse2, sse3, ssse3, sse4.1, sse4.2, popcnt, avx, avx2, aes, clmul, mmxext, 3dnowpref, lzcnt, sse4a, ht, tsc, tscinvbit, tscinv, bmi1, bmi2, adx, sha, fma

Memory: 4k page, system-wide physical 7514M (610M free)
TotalPageFile size 12514M (AvailPageFile size 6M)
current process WorkingSet (physical memory assigned to process): 198M, peak: 200M
current process commit charge ("private bytes"): 266M, peak: 267M

vm_info: OpenJDK 64-Bit Server VM (11.0.12+7-b1504.28-7817840) for windows-amd64 JRE (11.0.12+7-b1504.28-7817840), built on Oct 13 2021 22:12:33 by "builder" with MS VC++ 14.0 (VS2015)

END.
